[0.397s] Invoking command in '/home/parallels/dev/ros2/fishros/chapt3/topic_practice_ws/src/status_publisher': CMAKE_PREFIX_PATH=/home/parallels/dev/ros2/fishros/chapt3/topic_practice_ws/install/status_interfaces:/home/parallels/dev/ros2/fishros/chapt3/topic_practice_ws/install/status_display:/opt/ros/jazzy/opt/gz_math_vendor:/opt/ros/jazzy/opt/gz_utils_vendor:/opt/ros/jazzy/opt/gz_cmake_vendor DEBUGINFOD_URLS=https://debuginfod.ubuntu.com PYTHONPATH=/home/parallels/dev/ros2/fishros/chapt3/topic_practice_ws/build/status_publisher/prefix_override:/usr/lib/python3/dist-packages/colcon_core/task/python/colcon_distutils_commands:/home/parallels/dev/ros2/fishros/chapt3/topic_practice_ws/install/status_publisher/lib/python3.12/site-packages:/home/parallels/dev/ros2/fishros/chapt3/topic_practice_ws/install/status_interfaces/lib/python3.12/site-packages:/home/parallels/dev/ros2/fishros/chapt3/topic_practice_ws/install/status_publisher/lib/python3.12/site-packages:/opt/ros/jazzy/lib/python3.12/site-packages /usr/bin/python3 -W ignore:setup.py install is deprecated -W ignore:easy_install command is deprecated setup.py egg_info --egg-base ../../build/status_publisher build --build-base /home/parallels/dev/ros2/fishros/chapt3/topic_practice_ws/build/status_publisher/build install --record /home/parallels/dev/ros2/fishros/chapt3/topic_practice_ws/build/status_publisher/install.log --single-version-externally-managed install_data
[0.494s] running egg_info
[0.500s] writing ../../build/status_publisher/status_publisher.egg-info/PKG-INFO
[0.500s] writing dependency_links to ../../build/status_publisher/status_publisher.egg-info/dependency_links.txt
[0.500s] writing entry points to ../../build/status_publisher/status_publisher.egg-info/entry_points.txt
[0.500s] writing requirements to ../../build/status_publisher/status_publisher.egg-info/requires.txt
[0.500s] writing top-level names to ../../build/status_publisher/status_publisher.egg-info/top_level.txt
[0.513s] reading manifest file '../../build/status_publisher/status_publisher.egg-info/SOURCES.txt'
[0.513s] adding license file 'LICENSE'
[0.513s] writing manifest file '../../build/status_publisher/status_publisher.egg-info/SOURCES.txt'
[0.513s] running build
[0.513s] running build_py
[0.513s] copying status_publisher/sys_status_pub.py -> /home/parallels/dev/ros2/fishros/chapt3/topic_practice_ws/build/status_publisher/build/lib/status_publisher
[0.513s] running install
[0.516s] running install_lib
[0.522s] copying /home/parallels/dev/ros2/fishros/chapt3/topic_practice_ws/build/status_publisher/build/lib/status_publisher/sys_status_pub.py -> /home/parallels/dev/ros2/fishros/chapt3/topic_practice_ws/install/status_publisher/lib/python3.12/site-packages/status_publisher
[0.523s] byte-compiling /home/parallels/dev/ros2/fishros/chapt3/topic_practice_ws/install/status_publisher/lib/python3.12/site-packages/status_publisher/sys_status_pub.py to sys_status_pub.cpython-312.pyc
[0.523s] running install_data
[0.523s] running install_egg_info
[0.530s] removing '/home/parallels/dev/ros2/fishros/chapt3/topic_practice_ws/install/status_publisher/lib/python3.12/site-packages/status_publisher-0.0.0-py3.12.egg-info' (and everything under it)
[0.530s] Copying ../../build/status_publisher/status_publisher.egg-info to /home/parallels/dev/ros2/fishros/chapt3/topic_practice_ws/install/status_publisher/lib/python3.12/site-packages/status_publisher-0.0.0-py3.12.egg-info
[0.530s] running install_scripts
[0.578s] Installing sys_status_pub script to /home/parallels/dev/ros2/fishros/chapt3/topic_practice_ws/install/status_publisher/lib/status_publisher
[0.578s] writing list of installed files to '/home/parallels/dev/ros2/fishros/chapt3/topic_practice_ws/build/status_publisher/install.log'
[0.592s] Invoked command in '/home/parallels/dev/ros2/fishros/chapt3/topic_practice_ws/src/status_publisher' returned '0': CMAKE_PREFIX_PATH=/home/parallels/dev/ros2/fishros/chapt3/topic_practice_ws/install/status_interfaces:/home/parallels/dev/ros2/fishros/chapt3/topic_practice_ws/install/status_display:/opt/ros/jazzy/opt/gz_math_vendor:/opt/ros/jazzy/opt/gz_utils_vendor:/opt/ros/jazzy/opt/gz_cmake_vendor DEBUGINFOD_URLS=https://debuginfod.ubuntu.com PYTHONPATH=/home/parallels/dev/ros2/fishros/chapt3/topic_practice_ws/build/status_publisher/prefix_override:/usr/lib/python3/dist-packages/colcon_core/task/python/colcon_distutils_commands:/home/parallels/dev/ros2/fishros/chapt3/topic_practice_ws/install/status_publisher/lib/python3.12/site-packages:/home/parallels/dev/ros2/fishros/chapt3/topic_practice_ws/install/status_interfaces/lib/python3.12/site-packages:/home/parallels/dev/ros2/fishros/chapt3/topic_practice_ws/install/status_publisher/lib/python3.12/site-packages:/opt/ros/jazzy/lib/python3.12/site-packages /usr/bin/python3 -W ignore:setup.py install is deprecated -W ignore:easy_install command is deprecated setup.py egg_info --egg-base ../../build/status_publisher build --build-base /home/parallels/dev/ros2/fishros/chapt3/topic_practice_ws/build/status_publisher/build install --record /home/parallels/dev/ros2/fishros/chapt3/topic_practice_ws/build/status_publisher/install.log --single-version-externally-managed install_data
