[0.006s] Invoking command in '/home/parallels/dev/ros2/fishros/chapt4/chapt4_ws/build/chapt4_interfaces': CMAKE_PREFIX_PATH=${CMAKE_PREFIX_PATH}:/opt/ros/jazzy DEBUGINFOD_URLS=https://debuginfod.ubuntu.com /usr/bin/cmake /home/parallels/dev/ros2/fishros/chapt4/chapt4_ws/src/chapt4_interfaces -DCMAKE_INSTALL_PREFIX=/home/parallels/dev/ros2/fishros/chapt4/chapt4_ws/install/chapt4_interfaces
[0.035s] -- The C compiler identification is GNU 13.3.0
[0.062s] -- The CXX compiler identification is GNU 13.3.0
[0.068s] -- Detecting C compiler ABI info
[0.104s] -- Detecting C compiler ABI info - done
[0.110s] -- Check for working C compiler: /usr/bin/cc - skipped
[0.110s] -- Detecting C compile features
[0.110s] -- Detecting C compile features - done
[0.115s] -- Detecting CXX compiler ABI info
[0.158s] -- Detecting CXX compiler ABI info - done
[0.163s] -- Check for working CXX compiler: /usr/bin/c++ - skipped
[0.163s] -- Detecting CXX compile features
[0.163s] -- Detecting CXX compile features - done
[0.164s] -- Found ament_cmake: 2.5.3 (/opt/ros/jazzy/share/ament_cmake/cmake)
[0.230s] -- Found Python3: /usr/bin/python3 (found version "3.12.3") found components: Interpreter 
[0.275s] -- Found sensor_msgs: 5.3.5 (/opt/ros/jazzy/share/sensor_msgs/cmake)
[0.291s] -- Found rosidl_generator_c: 4.6.5 (/opt/ros/jazzy/share/rosidl_generator_c/cmake)
[0.297s] -- Found rosidl_generator_cpp: 4.6.5 (/opt/ros/jazzy/share/rosidl_generator_cpp/cmake)
[0.304s] -- Using all available rosidl_typesupport_c: rosidl_typesupport_fastrtps_c;rosidl_typesupport_introspection_c
[0.312s] -- Using all available rosidl_typesupport_cpp: rosidl_typesupport_fastrtps_cpp;rosidl_typesupport_introspection_cpp
[0.351s] -- Found rosidl_default_generators: 1.6.0 (/opt/ros/jazzy/share/rosidl_default_generators/cmake)
[0.356s] -- Found rosidl_adapter: 4.6.5 (/opt/ros/jazzy/share/rosidl_adapter/cmake)
[0.668s] -- Found ament_cmake_ros: 0.12.0 (/opt/ros/jazzy/share/ament_cmake_ros/cmake)
[1.086s] -- Using all available rosidl_typesupport_c: rosidl_typesupport_fastrtps_c;rosidl_typesupport_introspection_c
[1.257s] -- Using all available rosidl_typesupport_cpp: rosidl_typesupport_fastrtps_cpp;rosidl_typesupport_introspection_cpp
[1.259s] -- Found python_cmake_module: 0.11.1 (/opt/ros/jazzy/share/python_cmake_module/cmake)
[1.320s] -- Found PythonExtra: /usr/bin/python3  
[1.536s] -- Found Python3: /usr/bin/python3 (found version "3.12.3") found components: Interpreter Development NumPy Development.Module Development.Embed 
[1.572s] -- Found ament_lint_auto: 0.17.1 (/opt/ros/jazzy/share/ament_lint_auto/cmake)
[1.579s] -- Added test 'lint_cmake' to check CMake code style
[1.579s] -- Added test 'xmllint' to check XML markup files
[1.580s] -- Configuring done (1.6s)
[1.598s] -- Generating done (0.0s)
[1.604s] -- Build files have been written to: /home/parallels/dev/ros2/fishros/chapt4/chapt4_ws/build/chapt4_interfaces
[1.608s] Invoked command in '/home/parallels/dev/ros2/fishros/chapt4/chapt4_ws/build/chapt4_interfaces' returned '0': CMAKE_PREFIX_PATH=${CMAKE_PREFIX_PATH}:/opt/ros/jazzy DEBUGINFOD_URLS=https://debuginfod.ubuntu.com /usr/bin/cmake /home/parallels/dev/ros2/fishros/chapt4/chapt4_ws/src/chapt4_interfaces -DCMAKE_INSTALL_PREFIX=/home/parallels/dev/ros2/fishros/chapt4/chapt4_ws/install/chapt4_interfaces
[1.609s] Invoking command in '/home/parallels/dev/ros2/fishros/chapt4/chapt4_ws/build/chapt4_interfaces': CMAKE_PREFIX_PATH=${CMAKE_PREFIX_PATH}:/opt/ros/jazzy DEBUGINFOD_URLS=https://debuginfod.ubuntu.com /usr/bin/cmake --build /home/parallels/dev/ros2/fishros/chapt4/chapt4_ws/build/chapt4_interfaces -- -j4 -l4
[1.631s] [  2%] [34m[1mGenerating type hashes for ROS interfaces[0m
[1.634s] [  2%] Built target ament_cmake_python_copy_chapt4_interfaces
[1.717s] running egg_info
[1.717s] creating chapt4_interfaces.egg-info
[1.722s] [  2%] Built target chapt4_interfaces__rosidl_generator_type_description
[1.724s] writing chapt4_interfaces.egg-info/PKG-INFO
[1.724s] writing dependency_links to chapt4_interfaces.egg-info/dependency_links.txt
[1.724s] writing top-level names to chapt4_interfaces.egg-info/top_level.txt
[1.724s] writing manifest file 'chapt4_interfaces.egg-info/SOURCES.txt'
[1.727s] [  5%] [34m[1mGenerating C code for ROS interfaces[0m
[1.731s] [  8%] [34m[1mGenerating C++ code for ROS interfaces[0m
[1.744s] reading manifest file 'chapt4_interfaces.egg-info/SOURCES.txt'
[1.744s] writing manifest file 'chapt4_interfaces.egg-info/SOURCES.txt'
[1.761s] [  8%] Built target ament_cmake_python_build_chapt4_interfaces_egg
[1.865s] [  8%] Built target chapt4_interfaces__cpp
[1.874s] [ 11%] [32mBuilding C object CMakeFiles/chapt4_interfaces__rosidl_generator_c.dir/rosidl_generator_c/chapt4_interfaces/srv/detail/face_detector__description.c.o[0m
[1.874s] [ 14%] [32mBuilding C object CMakeFiles/chapt4_interfaces__rosidl_generator_c.dir/rosidl_generator_c/chapt4_interfaces/srv/detail/face_detector__functions.c.o[0m
[1.874s] [ 17%] [32mBuilding C object CMakeFiles/chapt4_interfaces__rosidl_generator_c.dir/rosidl_generator_c/chapt4_interfaces/srv/detail/face_detector__type_support.c.o[0m
[1.907s] [ 20%] [32m[1mLinking C shared library libchapt4_interfaces__rosidl_generator_c.so[0m
[1.924s] [ 20%] Built target chapt4_interfaces__rosidl_generator_c
[1.930s] [ 26%] [34m[1mGenerating C introspection for ROS interfaces[0m
[1.930s] [ 26%] [34m[1mGenerating C++ type support dispatch for ROS interfaces[0m
[1.930s] [ 29%] [34m[1mGenerating C type support for eProsima Fast-RTPS[0m
[1.930s] [ 32%] [34m[1mGenerating C++ type support for eProsima Fast-RTPS[0m
[2.044s] [ 35%] [32mBuilding CXX object CMakeFiles/chapt4_interfaces__rosidl_typesupport_cpp.dir/rosidl_typesupport_cpp/chapt4_interfaces/srv/face_detector__type_support.cpp.o[0m
[2.055s] [ 38%] [32mBuilding C object CMakeFiles/chapt4_interfaces__rosidl_typesupport_introspection_c.dir/rosidl_typesupport_introspection_c/chapt4_interfaces/srv/detail/face_detector__type_support.c.o[0m
[2.073s] [ 41%] [32mBuilding CXX object CMakeFiles/chapt4_interfaces__rosidl_typesupport_fastrtps_cpp.dir/rosidl_typesupport_fastrtps_cpp/chapt4_interfaces/srv/detail/dds_fastrtps/face_detector__type_support.cpp.o[0m
[2.076s] [ 44%] [32mBuilding CXX object CMakeFiles/chapt4_interfaces__rosidl_typesupport_fastrtps_c.dir/rosidl_typesupport_fastrtps_c/chapt4_interfaces/srv/detail/face_detector__type_support_c.cpp.o[0m
[2.081s] [ 47%] [32m[1mLinking C shared library libchapt4_interfaces__rosidl_typesupport_introspection_c.so[0m
[2.094s] [ 47%] Built target chapt4_interfaces__rosidl_typesupport_introspection_c
[2.098s] [ 50%] [34m[1mGenerating C type support dispatch for ROS interfaces[0m
[2.212s] [ 52%] [32mBuilding CXX object CMakeFiles/chapt4_interfaces__rosidl_typesupport_c.dir/rosidl_typesupport_c/chapt4_interfaces/srv/face_detector__type_support.cpp.o[0m
[2.238s] [ 55%] [32m[1mLinking CXX shared library libchapt4_interfaces__rosidl_typesupport_c.so[0m
[2.255s] [ 58%] [32m[1mLinking CXX shared library libchapt4_interfaces__rosidl_typesupport_cpp.so[0m
[2.259s] [ 58%] Built target chapt4_interfaces__rosidl_typesupport_c
[2.264s] [ 61%] [34m[1mGenerating C++ introspection for ROS interfaces[0m
[2.290s] [ 61%] Built target chapt4_interfaces__rosidl_typesupport_cpp
[2.295s] [ 64%] [32m[1mLinking CXX shared library libchapt4_interfaces__rosidl_typesupport_fastrtps_c.so[0m
[2.321s] [ 64%] Built target chapt4_interfaces__rosidl_typesupport_fastrtps_c
[2.371s] [ 67%] [32m[1mLinking CXX shared library libchapt4_interfaces__rosidl_typesupport_fastrtps_cpp.so[0m
[2.385s] [ 70%] [32mBuilding CXX object CMakeFiles/chapt4_interfaces__rosidl_typesupport_introspection_cpp.dir/rosidl_typesupport_introspection_cpp/chapt4_interfaces/srv/detail/face_detector__type_support.cpp.o[0m
[2.403s] [ 70%] Built target chapt4_interfaces__rosidl_typesupport_fastrtps_cpp
[2.601s] [ 73%] [32m[1mLinking CXX shared library libchapt4_interfaces__rosidl_typesupport_introspection_cpp.so[0m
[2.635s] [ 73%] Built target chapt4_interfaces__rosidl_typesupport_introspection_cpp
[2.642s] [ 73%] Built target chapt4_interfaces
[2.649s] [ 76%] [34m[1mGenerating Python code for ROS interfaces[0m
[2.816s] [ 76%] Built target chapt4_interfaces__py
[2.824s] [ 79%] [32mBuilding C object CMakeFiles/chapt4_interfaces__rosidl_generator_py.dir/rosidl_generator_py/chapt4_interfaces/srv/_face_detector_s.c.o[0m
[2.913s] [ 82%] [32m[1mLinking C shared library libchapt4_interfaces__rosidl_generator_py.so[0m
[2.937s] [ 82%] Built target chapt4_interfaces__rosidl_generator_py
[2.946s] [ 91%] [32mBuilding C object CMakeFiles/chapt4_interfaces_s__rosidl_typesupport_introspection_c.dir/rosidl_generator_py/chapt4_interfaces/_chapt4_interfaces_s.ep.rosidl_typesupport_introspection_c.c.o[0m
[2.946s] [ 91%] [32mBuilding C object CMakeFiles/chapt4_interfaces_s__rosidl_typesupport_fastrtps_c.dir/rosidl_generator_py/chapt4_interfaces/_chapt4_interfaces_s.ep.rosidl_typesupport_fastrtps_c.c.o[0m
[2.946s] [ 91%] [32mBuilding C object CMakeFiles/chapt4_interfaces_s__rosidl_typesupport_c.dir/rosidl_generator_py/chapt4_interfaces/_chapt4_interfaces_s.ep.rosidl_typesupport_c.c.o[0m
[2.996s] [ 94%] [32m[1mLinking C shared module rosidl_generator_py/chapt4_interfaces/chapt4_interfaces_s__rosidl_typesupport_c.so[0m
[2.996s] [ 97%] [32m[1mLinking C shared module rosidl_generator_py/chapt4_interfaces/chapt4_interfaces_s__rosidl_typesupport_introspection_c.so[0m
[2.997s] [100%] [32m[1mLinking C shared module rosidl_generator_py/chapt4_interfaces/chapt4_interfaces_s__rosidl_typesupport_fastrtps_c.so[0m
[3.008s] [100%] Built target chapt4_interfaces_s__rosidl_typesupport_c
[3.008s] [100%] Built target chapt4_interfaces_s__rosidl_typesupport_introspection_c
[3.010s] [100%] Built target chapt4_interfaces_s__rosidl_typesupport_fastrtps_c
[3.014s] Invoked command in '/home/parallels/dev/ros2/fishros/chapt4/chapt4_ws/build/chapt4_interfaces' returned '0': CMAKE_PREFIX_PATH=${CMAKE_PREFIX_PATH}:/opt/ros/jazzy DEBUGINFOD_URLS=https://debuginfod.ubuntu.com /usr/bin/cmake --build /home/parallels/dev/ros2/fishros/chapt4/chapt4_ws/build/chapt4_interfaces -- -j4 -l4
[3.018s] Invoking command in '/home/parallels/dev/ros2/fishros/chapt4/chapt4_ws/build/chapt4_interfaces': CMAKE_PREFIX_PATH=${CMAKE_PREFIX_PATH}:/opt/ros/jazzy DEBUGINFOD_URLS=https://debuginfod.ubuntu.com /usr/bin/cmake --install /home/parallels/dev/ros2/fishros/chapt4/chapt4_ws/build/chapt4_interfaces
[3.022s] -- Install configuration: ""
[3.022s] -- Installing: /home/parallels/dev/ros2/fishros/chapt4/chapt4_ws/install/chapt4_interfaces/share/ament_index/resource_index/rosidl_interfaces/chapt4_interfaces
[3.022s] -- Installing: /home/parallels/dev/ros2/fishros/chapt4/chapt4_ws/install/chapt4_interfaces/share/chapt4_interfaces/srv/FaceDetector.json
[3.022s] -- Installing: /home/parallels/dev/ros2/fishros/chapt4/chapt4_ws/install/chapt4_interfaces/include/chapt4_interfaces/chapt4_interfaces
[3.022s] -- Installing: /home/parallels/dev/ros2/fishros/chapt4/chapt4_ws/install/chapt4_interfaces/include/chapt4_interfaces/chapt4_interfaces/msg
[3.022s] -- Installing: /home/parallels/dev/ros2/fishros/chapt4/chapt4_ws/install/chapt4_interfaces/include/chapt4_interfaces/chapt4_interfaces/msg/rosidl_generator_c__visibility_control.h
[3.022s] -- Installing: /home/parallels/dev/ros2/fishros/chapt4/chapt4_ws/install/chapt4_interfaces/include/chapt4_interfaces/chapt4_interfaces/srv
[3.022s] -- Installing: /home/parallels/dev/ros2/fishros/chapt4/chapt4_ws/install/chapt4_interfaces/include/chapt4_interfaces/chapt4_interfaces/srv/detail
[3.023s] -- Installing: /home/parallels/dev/ros2/fishros/chapt4/chapt4_ws/install/chapt4_interfaces/include/chapt4_interfaces/chapt4_interfaces/srv/detail/face_detector__functions.h
[3.023s] -- Installing: /home/parallels/dev/ros2/fishros/chapt4/chapt4_ws/install/chapt4_interfaces/include/chapt4_interfaces/chapt4_interfaces/srv/detail/face_detector__struct.h
[3.023s] -- Installing: /home/parallels/dev/ros2/fishros/chapt4/chapt4_ws/install/chapt4_interfaces/include/chapt4_interfaces/chapt4_interfaces/srv/detail/face_detector__type_support.c
[3.023s] -- Installing: /home/parallels/dev/ros2/fishros/chapt4/chapt4_ws/install/chapt4_interfaces/include/chapt4_interfaces/chapt4_interfaces/srv/detail/face_detector__type_support.h
[3.023s] -- Installing: /home/parallels/dev/ros2/fishros/chapt4/chapt4_ws/install/chapt4_interfaces/include/chapt4_interfaces/chapt4_interfaces/srv/detail/face_detector__functions.c
[3.023s] -- Installing: /home/parallels/dev/ros2/fishros/chapt4/chapt4_ws/install/chapt4_interfaces/include/chapt4_interfaces/chapt4_interfaces/srv/detail/face_detector__description.c
[3.023s] -- Installing: /home/parallels/dev/ros2/fishros/chapt4/chapt4_ws/install/chapt4_interfaces/include/chapt4_interfaces/chapt4_interfaces/srv/face_detector.h
[3.023s] -- Installing: /home/parallels/dev/ros2/fishros/chapt4/chapt4_ws/install/chapt4_interfaces/share/chapt4_interfaces/environment/library_path.sh
[3.023s] -- Installing: /home/parallels/dev/ros2/fishros/chapt4/chapt4_ws/install/chapt4_interfaces/share/chapt4_interfaces/environment/library_path.dsv
[3.023s] -- Installing: /home/parallels/dev/ros2/fishros/chapt4/chapt4_ws/install/chapt4_interfaces/lib/libchapt4_interfaces__rosidl_generator_c.so
[3.023s] -- Set non-toolchain portion of runtime path of "/home/parallels/dev/ros2/fishros/chapt4/chapt4_ws/install/chapt4_interfaces/lib/libchapt4_interfaces__rosidl_generator_c.so" to ""
[3.023s] -- Up-to-date: /home/parallels/dev/ros2/fishros/chapt4/chapt4_ws/install/chapt4_interfaces/include/chapt4_interfaces/chapt4_interfaces
[3.023s] -- Up-to-date: /home/parallels/dev/ros2/fishros/chapt4/chapt4_ws/install/chapt4_interfaces/include/chapt4_interfaces/chapt4_interfaces/msg
[3.023s] -- Installing: /home/parallels/dev/ros2/fishros/chapt4/chapt4_ws/install/chapt4_interfaces/include/chapt4_interfaces/chapt4_interfaces/msg/rosidl_typesupport_fastrtps_c__visibility_control.h
[3.023s] -- Up-to-date: /home/parallels/dev/ros2/fishros/chapt4/chapt4_ws/install/chapt4_interfaces/include/chapt4_interfaces/chapt4_interfaces/srv
[3.023s] -- Up-to-date: /home/parallels/dev/ros2/fishros/chapt4/chapt4_ws/install/chapt4_interfaces/include/chapt4_interfaces/chapt4_interfaces/srv/detail
[3.023s] -- Installing: /home/parallels/dev/ros2/fishros/chapt4/chapt4_ws/install/chapt4_interfaces/include/chapt4_interfaces/chapt4_interfaces/srv/detail/face_detector__rosidl_typesupport_fastrtps_c.h
[3.023s] -- Installing: /home/parallels/dev/ros2/fishros/chapt4/chapt4_ws/install/chapt4_interfaces/lib/libchapt4_interfaces__rosidl_typesupport_fastrtps_c.so
[3.024s] -- Set non-toolchain portion of runtime path of "/home/parallels/dev/ros2/fishros/chapt4/chapt4_ws/install/chapt4_interfaces/lib/libchapt4_interfaces__rosidl_typesupport_fastrtps_c.so" to ""
[3.024s] -- Up-to-date: /home/parallels/dev/ros2/fishros/chapt4/chapt4_ws/install/chapt4_interfaces/include/chapt4_interfaces/chapt4_interfaces
[3.024s] -- Up-to-date: /home/parallels/dev/ros2/fishros/chapt4/chapt4_ws/install/chapt4_interfaces/include/chapt4_interfaces/chapt4_interfaces/msg
[3.024s] -- Installing: /home/parallels/dev/ros2/fishros/chapt4/chapt4_ws/install/chapt4_interfaces/include/chapt4_interfaces/chapt4_interfaces/msg/rosidl_generator_cpp__visibility_control.hpp
[3.024s] -- Up-to-date: /home/parallels/dev/ros2/fishros/chapt4/chapt4_ws/install/chapt4_interfaces/include/chapt4_interfaces/chapt4_interfaces/srv
[3.024s] -- Installing: /home/parallels/dev/ros2/fishros/chapt4/chapt4_ws/install/chapt4_interfaces/include/chapt4_interfaces/chapt4_interfaces/srv/face_detector.hpp
[3.024s] -- Up-to-date: /home/parallels/dev/ros2/fishros/chapt4/chapt4_ws/install/chapt4_interfaces/include/chapt4_interfaces/chapt4_interfaces/srv/detail
[3.024s] -- Installing: /home/parallels/dev/ros2/fishros/chapt4/chapt4_ws/install/chapt4_interfaces/include/chapt4_interfaces/chapt4_interfaces/srv/detail/face_detector__type_support.hpp
[3.024s] -- Installing: /home/parallels/dev/ros2/fishros/chapt4/chapt4_ws/install/chapt4_interfaces/include/chapt4_interfaces/chapt4_interfaces/srv/detail/face_detector__traits.hpp
[3.024s] -- Installing: /home/parallels/dev/ros2/fishros/chapt4/chapt4_ws/install/chapt4_interfaces/include/chapt4_interfaces/chapt4_interfaces/srv/detail/face_detector__struct.hpp
[3.024s] -- Installing: /home/parallels/dev/ros2/fishros/chapt4/chapt4_ws/install/chapt4_interfaces/include/chapt4_interfaces/chapt4_interfaces/srv/detail/face_detector__builder.hpp
[3.024s] -- Up-to-date: /home/parallels/dev/ros2/fishros/chapt4/chapt4_ws/install/chapt4_interfaces/include/chapt4_interfaces/chapt4_interfaces
[3.024s] -- Up-to-date: /home/parallels/dev/ros2/fishros/chapt4/chapt4_ws/install/chapt4_interfaces/include/chapt4_interfaces/chapt4_interfaces/msg
[3.024s] -- Installing: /home/parallels/dev/ros2/fishros/chapt4/chapt4_ws/install/chapt4_interfaces/include/chapt4_interfaces/chapt4_interfaces/msg/rosidl_typesupport_fastrtps_cpp__visibility_control.h
[3.024s] -- Up-to-date: /home/parallels/dev/ros2/fishros/chapt4/chapt4_ws/install/chapt4_interfaces/include/chapt4_interfaces/chapt4_interfaces/srv
[3.024s] -- Up-to-date: /home/parallels/dev/ros2/fishros/chapt4/chapt4_ws/install/chapt4_interfaces/include/chapt4_interfaces/chapt4_interfaces/srv/detail
[3.024s] -- Installing: /home/parallels/dev/ros2/fishros/chapt4/chapt4_ws/install/chapt4_interfaces/include/chapt4_interfaces/chapt4_interfaces/srv/detail/dds_fastrtps
[3.024s] -- Installing: /home/parallels/dev/ros2/fishros/chapt4/chapt4_ws/install/chapt4_interfaces/include/chapt4_interfaces/chapt4_interfaces/srv/detail/face_detector__rosidl_typesupport_fastrtps_cpp.hpp
[3.024s] -- Installing: /home/parallels/dev/ros2/fishros/chapt4/chapt4_ws/install/chapt4_interfaces/lib/libchapt4_interfaces__rosidl_typesupport_fastrtps_cpp.so
[3.024s] -- Set non-toolchain portion of runtime path of "/home/parallels/dev/ros2/fishros/chapt4/chapt4_ws/install/chapt4_interfaces/lib/libchapt4_interfaces__rosidl_typesupport_fastrtps_cpp.so" to ""
[3.025s] -- Up-to-date: /home/parallels/dev/ros2/fishros/chapt4/chapt4_ws/install/chapt4_interfaces/include/chapt4_interfaces/chapt4_interfaces
[3.025s] -- Up-to-date: /home/parallels/dev/ros2/fishros/chapt4/chapt4_ws/install/chapt4_interfaces/include/chapt4_interfaces/chapt4_interfaces/msg
[3.025s] -- Installing: /home/parallels/dev/ros2/fishros/chapt4/chapt4_ws/install/chapt4_interfaces/include/chapt4_interfaces/chapt4_interfaces/msg/rosidl_typesupport_introspection_c__visibility_control.h
[3.025s] -- Up-to-date: /home/parallels/dev/ros2/fishros/chapt4/chapt4_ws/install/chapt4_interfaces/include/chapt4_interfaces/chapt4_interfaces/srv
[3.025s] -- Up-to-date: /home/parallels/dev/ros2/fishros/chapt4/chapt4_ws/install/chapt4_interfaces/include/chapt4_interfaces/chapt4_interfaces/srv/detail
[3.025s] -- Installing: /home/parallels/dev/ros2/fishros/chapt4/chapt4_ws/install/chapt4_interfaces/include/chapt4_interfaces/chapt4_interfaces/srv/detail/face_detector__rosidl_typesupport_introspection_c.h
[3.025s] -- Up-to-date: /home/parallels/dev/ros2/fishros/chapt4/chapt4_ws/install/chapt4_interfaces/include/chapt4_interfaces/chapt4_interfaces/srv/detail/face_detector__type_support.c
[3.025s] -- Installing: /home/parallels/dev/ros2/fishros/chapt4/chapt4_ws/install/chapt4_interfaces/lib/libchapt4_interfaces__rosidl_typesupport_introspection_c.so
[3.025s] -- Set non-toolchain portion of runtime path of "/home/parallels/dev/ros2/fishros/chapt4/chapt4_ws/install/chapt4_interfaces/lib/libchapt4_interfaces__rosidl_typesupport_introspection_c.so" to ""
[3.025s] -- Installing: /home/parallels/dev/ros2/fishros/chapt4/chapt4_ws/install/chapt4_interfaces/lib/libchapt4_interfaces__rosidl_typesupport_c.so
[3.025s] -- Set non-toolchain portion of runtime path of "/home/parallels/dev/ros2/fishros/chapt4/chapt4_ws/install/chapt4_interfaces/lib/libchapt4_interfaces__rosidl_typesupport_c.so" to ""
[3.025s] -- Up-to-date: /home/parallels/dev/ros2/fishros/chapt4/chapt4_ws/install/chapt4_interfaces/include/chapt4_interfaces/chapt4_interfaces
[3.025s] -- Up-to-date: /home/parallels/dev/ros2/fishros/chapt4/chapt4_ws/install/chapt4_interfaces/include/chapt4_interfaces/chapt4_interfaces/srv
[3.025s] -- Up-to-date: /home/parallels/dev/ros2/fishros/chapt4/chapt4_ws/install/chapt4_interfaces/include/chapt4_interfaces/chapt4_interfaces/srv/detail
[3.025s] -- Installing: /home/parallels/dev/ros2/fishros/chapt4/chapt4_ws/install/chapt4_interfaces/include/chapt4_interfaces/chapt4_interfaces/srv/detail/face_detector__rosidl_typesupport_introspection_cpp.hpp
[3.025s] -- Installing: /home/parallels/dev/ros2/fishros/chapt4/chapt4_ws/install/chapt4_interfaces/include/chapt4_interfaces/chapt4_interfaces/srv/detail/face_detector__type_support.cpp
[3.026s] -- Installing: /home/parallels/dev/ros2/fishros/chapt4/chapt4_ws/install/chapt4_interfaces/lib/libchapt4_interfaces__rosidl_typesupport_introspection_cpp.so
[3.026s] -- Set non-toolchain portion of runtime path of "/home/parallels/dev/ros2/fishros/chapt4/chapt4_ws/install/chapt4_interfaces/lib/libchapt4_interfaces__rosidl_typesupport_introspection_cpp.so" to ""
[3.026s] -- Installing: /home/parallels/dev/ros2/fishros/chapt4/chapt4_ws/install/chapt4_interfaces/lib/libchapt4_interfaces__rosidl_typesupport_cpp.so
[3.026s] -- Set non-toolchain portion of runtime path of "/home/parallels/dev/ros2/fishros/chapt4/chapt4_ws/install/chapt4_interfaces/lib/libchapt4_interfaces__rosidl_typesupport_cpp.so" to ""
[3.026s] -- Installing: /home/parallels/dev/ros2/fishros/chapt4/chapt4_ws/install/chapt4_interfaces/share/chapt4_interfaces/environment/pythonpath.sh
[3.026s] -- Installing: /home/parallels/dev/ros2/fishros/chapt4/chapt4_ws/install/chapt4_interfaces/share/chapt4_interfaces/environment/pythonpath.dsv
[3.026s] -- Installing: /home/parallels/dev/ros2/fishros/chapt4/chapt4_ws/install/chapt4_interfaces/lib/python3.12/site-packages/chapt4_interfaces-0.0.0-py3.12.egg-info
[3.026s] -- Installing: /home/parallels/dev/ros2/fishros/chapt4/chapt4_ws/install/chapt4_interfaces/lib/python3.12/site-packages/chapt4_interfaces-0.0.0-py3.12.egg-info/dependency_links.txt
[3.026s] -- Installing: /home/parallels/dev/ros2/fishros/chapt4/chapt4_ws/install/chapt4_interfaces/lib/python3.12/site-packages/chapt4_interfaces-0.0.0-py3.12.egg-info/PKG-INFO
[3.026s] -- Installing: /home/parallels/dev/ros2/fishros/chapt4/chapt4_ws/install/chapt4_interfaces/lib/python3.12/site-packages/chapt4_interfaces-0.0.0-py3.12.egg-info/SOURCES.txt
[3.026s] -- Installing: /home/parallels/dev/ros2/fishros/chapt4/chapt4_ws/install/chapt4_interfaces/lib/python3.12/site-packages/chapt4_interfaces-0.0.0-py3.12.egg-info/top_level.txt
[3.026s] -- Installing: /home/parallels/dev/ros2/fishros/chapt4/chapt4_ws/install/chapt4_interfaces/lib/python3.12/site-packages/chapt4_interfaces
[3.026s] -- Installing: /home/parallels/dev/ros2/fishros/chapt4/chapt4_ws/install/chapt4_interfaces/lib/python3.12/site-packages/chapt4_interfaces/_chapt4_interfaces_s.ep.rosidl_typesupport_fastrtps_c.c
[3.026s] -- Installing: /home/parallels/dev/ros2/fishros/chapt4/chapt4_ws/install/chapt4_interfaces/lib/python3.12/site-packages/chapt4_interfaces/_chapt4_interfaces_s.ep.rosidl_typesupport_introspection_c.c
[3.026s] -- Installing: /home/parallels/dev/ros2/fishros/chapt4/chapt4_ws/install/chapt4_interfaces/lib/python3.12/site-packages/chapt4_interfaces/chapt4_interfaces_s__rosidl_typesupport_fastrtps_c.so
[3.026s] -- Installing: /home/parallels/dev/ros2/fishros/chapt4/chapt4_ws/install/chapt4_interfaces/lib/python3.12/site-packages/chapt4_interfaces/chapt4_interfaces_s__rosidl_typesupport_c.so
[3.026s] -- Installing: /home/parallels/dev/ros2/fishros/chapt4/chapt4_ws/install/chapt4_interfaces/lib/python3.12/site-packages/chapt4_interfaces/_chapt4_interfaces_s.ep.rosidl_typesupport_c.c
[3.026s] -- Installing: /home/parallels/dev/ros2/fishros/chapt4/chapt4_ws/install/chapt4_interfaces/lib/python3.12/site-packages/chapt4_interfaces/__init__.py
[3.027s] -- Installing: /home/parallels/dev/ros2/fishros/chapt4/chapt4_ws/install/chapt4_interfaces/lib/python3.12/site-packages/chapt4_interfaces/srv
[3.027s] -- Installing: /home/parallels/dev/ros2/fishros/chapt4/chapt4_ws/install/chapt4_interfaces/lib/python3.12/site-packages/chapt4_interfaces/srv/_face_detector.py
[3.027s] -- Installing: /home/parallels/dev/ros2/fishros/chapt4/chapt4_ws/install/chapt4_interfaces/lib/python3.12/site-packages/chapt4_interfaces/srv/__init__.py
[3.027s] -- Installing: /home/parallels/dev/ros2/fishros/chapt4/chapt4_ws/install/chapt4_interfaces/lib/python3.12/site-packages/chapt4_interfaces/srv/_face_detector_s.c
[3.027s] -- Installing: /home/parallels/dev/ros2/fishros/chapt4/chapt4_ws/install/chapt4_interfaces/lib/python3.12/site-packages/chapt4_interfaces/chapt4_interfaces_s__rosidl_typesupport_introspection_c.so
[3.046s] Listing '/home/parallels/dev/ros2/fishros/chapt4/chapt4_ws/install/chapt4_interfaces/lib/python3.12/site-packages/chapt4_interfaces'...
[3.046s] Compiling '/home/parallels/dev/ros2/fishros/chapt4/chapt4_ws/install/chapt4_interfaces/lib/python3.12/site-packages/chapt4_interfaces/__init__.py'...
[3.046s] Listing '/home/parallels/dev/ros2/fishros/chapt4/chapt4_ws/install/chapt4_interfaces/lib/python3.12/site-packages/chapt4_interfaces/srv'...
[3.046s] Compiling '/home/parallels/dev/ros2/fishros/chapt4/chapt4_ws/install/chapt4_interfaces/lib/python3.12/site-packages/chapt4_interfaces/srv/__init__.py'...
[3.046s] Compiling '/home/parallels/dev/ros2/fishros/chapt4/chapt4_ws/install/chapt4_interfaces/lib/python3.12/site-packages/chapt4_interfaces/srv/_face_detector.py'...
[3.049s] -- Installing: /home/parallels/dev/ros2/fishros/chapt4/chapt4_ws/install/chapt4_interfaces/lib/python3.12/site-packages/chapt4_interfaces/chapt4_interfaces_s__rosidl_typesupport_fastrtps_c.so
[3.050s] -- Set non-toolchain portion of runtime path of "/home/parallels/dev/ros2/fishros/chapt4/chapt4_ws/install/chapt4_interfaces/lib/python3.12/site-packages/chapt4_interfaces/chapt4_interfaces_s__rosidl_typesupport_fastrtps_c.so" to ""
[3.050s] -- Installing: /home/parallels/dev/ros2/fishros/chapt4/chapt4_ws/install/chapt4_interfaces/lib/python3.12/site-packages/chapt4_interfaces/chapt4_interfaces_s__rosidl_typesupport_introspection_c.so
[3.050s] -- Set non-toolchain portion of runtime path of "/home/parallels/dev/ros2/fishros/chapt4/chapt4_ws/install/chapt4_interfaces/lib/python3.12/site-packages/chapt4_interfaces/chapt4_interfaces_s__rosidl_typesupport_introspection_c.so" to ""
[3.050s] -- Installing: /home/parallels/dev/ros2/fishros/chapt4/chapt4_ws/install/chapt4_interfaces/lib/python3.12/site-packages/chapt4_interfaces/chapt4_interfaces_s__rosidl_typesupport_c.so
[3.050s] -- Set non-toolchain portion of runtime path of "/home/parallels/dev/ros2/fishros/chapt4/chapt4_ws/install/chapt4_interfaces/lib/python3.12/site-packages/chapt4_interfaces/chapt4_interfaces_s__rosidl_typesupport_c.so" to ""
[3.050s] -- Installing: /home/parallels/dev/ros2/fishros/chapt4/chapt4_ws/install/chapt4_interfaces/lib/libchapt4_interfaces__rosidl_generator_py.so
[3.050s] -- Set non-toolchain portion of runtime path of "/home/parallels/dev/ros2/fishros/chapt4/chapt4_ws/install/chapt4_interfaces/lib/libchapt4_interfaces__rosidl_generator_py.so" to ""
[3.050s] -- Installing: /home/parallels/dev/ros2/fishros/chapt4/chapt4_ws/install/chapt4_interfaces/share/chapt4_interfaces/srv/FaceDetector.idl
[3.050s] -- Installing: /home/parallels/dev/ros2/fishros/chapt4/chapt4_ws/install/chapt4_interfaces/share/chapt4_interfaces/srv/FaceDetector.srv
[3.050s] -- Installing: /home/parallels/dev/ros2/fishros/chapt4/chapt4_ws/install/chapt4_interfaces/share/ament_index/resource_index/package_run_dependencies/chapt4_interfaces
[3.051s] -- Installing: /home/parallels/dev/ros2/fishros/chapt4/chapt4_ws/install/chapt4_interfaces/share/ament_index/resource_index/parent_prefix_path/chapt4_interfaces
[3.051s] -- Installing: /home/parallels/dev/ros2/fishros/chapt4/chapt4_ws/install/chapt4_interfaces/share/chapt4_interfaces/environment/ament_prefix_path.sh
[3.051s] -- Installing: /home/parallels/dev/ros2/fishros/chapt4/chapt4_ws/install/chapt4_interfaces/share/chapt4_interfaces/environment/ament_prefix_path.dsv
[3.051s] -- Installing: /home/parallels/dev/ros2/fishros/chapt4/chapt4_ws/install/chapt4_interfaces/share/chapt4_interfaces/environment/path.sh
[3.051s] -- Installing: /home/parallels/dev/ros2/fishros/chapt4/chapt4_ws/install/chapt4_interfaces/share/chapt4_interfaces/environment/path.dsv
[3.051s] -- Installing: /home/parallels/dev/ros2/fishros/chapt4/chapt4_ws/install/chapt4_interfaces/share/chapt4_interfaces/local_setup.bash
[3.051s] -- Installing: /home/parallels/dev/ros2/fishros/chapt4/chapt4_ws/install/chapt4_interfaces/share/chapt4_interfaces/local_setup.sh
[3.051s] -- Installing: /home/parallels/dev/ros2/fishros/chapt4/chapt4_ws/install/chapt4_interfaces/share/chapt4_interfaces/local_setup.zsh
[3.051s] -- Installing: /home/parallels/dev/ros2/fishros/chapt4/chapt4_ws/install/chapt4_interfaces/share/chapt4_interfaces/local_setup.dsv
[3.051s] -- Installing: /home/parallels/dev/ros2/fishros/chapt4/chapt4_ws/install/chapt4_interfaces/share/chapt4_interfaces/package.dsv
[3.051s] -- Installing: /home/parallels/dev/ros2/fishros/chapt4/chapt4_ws/install/chapt4_interfaces/share/ament_index/resource_index/packages/chapt4_interfaces
[3.051s] -- Installing: /home/parallels/dev/ros2/fishros/chapt4/chapt4_ws/install/chapt4_interfaces/share/chapt4_interfaces/cmake/export_chapt4_interfaces__rosidl_generator_cExport.cmake
[3.051s] -- Installing: /home/parallels/dev/ros2/fishros/chapt4/chapt4_ws/install/chapt4_interfaces/share/chapt4_interfaces/cmake/export_chapt4_interfaces__rosidl_generator_cExport-noconfig.cmake
[3.051s] -- Installing: /home/parallels/dev/ros2/fishros/chapt4/chapt4_ws/install/chapt4_interfaces/share/chapt4_interfaces/cmake/export_chapt4_interfaces__rosidl_typesupport_fastrtps_cExport.cmake
[3.051s] -- Installing: /home/parallels/dev/ros2/fishros/chapt4/chapt4_ws/install/chapt4_interfaces/share/chapt4_interfaces/cmake/export_chapt4_interfaces__rosidl_typesupport_fastrtps_cExport-noconfig.cmake
[3.051s] -- Installing: /home/parallels/dev/ros2/fishros/chapt4/chapt4_ws/install/chapt4_interfaces/share/chapt4_interfaces/cmake/export_chapt4_interfaces__rosidl_generator_cppExport.cmake
[3.051s] -- Installing: /home/parallels/dev/ros2/fishros/chapt4/chapt4_ws/install/chapt4_interfaces/share/chapt4_interfaces/cmake/export_chapt4_interfaces__rosidl_typesupport_fastrtps_cppExport.cmake
[3.051s] -- Installing: /home/parallels/dev/ros2/fishros/chapt4/chapt4_ws/install/chapt4_interfaces/share/chapt4_interfaces/cmake/export_chapt4_interfaces__rosidl_typesupport_fastrtps_cppExport-noconfig.cmake
[3.052s] -- Installing: /home/parallels/dev/ros2/fishros/chapt4/chapt4_ws/install/chapt4_interfaces/share/chapt4_interfaces/cmake/chapt4_interfaces__rosidl_typesupport_introspection_cExport.cmake
[3.052s] -- Installing: /home/parallels/dev/ros2/fishros/chapt4/chapt4_ws/install/chapt4_interfaces/share/chapt4_interfaces/cmake/chapt4_interfaces__rosidl_typesupport_introspection_cExport-noconfig.cmake
[3.052s] -- Installing: /home/parallels/dev/ros2/fishros/chapt4/chapt4_ws/install/chapt4_interfaces/share/chapt4_interfaces/cmake/chapt4_interfaces__rosidl_typesupport_cExport.cmake
[3.052s] -- Installing: /home/parallels/dev/ros2/fishros/chapt4/chapt4_ws/install/chapt4_interfaces/share/chapt4_interfaces/cmake/chapt4_interfaces__rosidl_typesupport_cExport-noconfig.cmake
[3.052s] -- Installing: /home/parallels/dev/ros2/fishros/chapt4/chapt4_ws/install/chapt4_interfaces/share/chapt4_interfaces/cmake/chapt4_interfaces__rosidl_typesupport_introspection_cppExport.cmake
[3.052s] -- Installing: /home/parallels/dev/ros2/fishros/chapt4/chapt4_ws/install/chapt4_interfaces/share/chapt4_interfaces/cmake/chapt4_interfaces__rosidl_typesupport_introspection_cppExport-noconfig.cmake
[3.052s] -- Installing: /home/parallels/dev/ros2/fishros/chapt4/chapt4_ws/install/chapt4_interfaces/share/chapt4_interfaces/cmake/chapt4_interfaces__rosidl_typesupport_cppExport.cmake
[3.052s] -- Installing: /home/parallels/dev/ros2/fishros/chapt4/chapt4_ws/install/chapt4_interfaces/share/chapt4_interfaces/cmake/chapt4_interfaces__rosidl_typesupport_cppExport-noconfig.cmake
[3.052s] -- Installing: /home/parallels/dev/ros2/fishros/chapt4/chapt4_ws/install/chapt4_interfaces/share/chapt4_interfaces/cmake/export_chapt4_interfaces__rosidl_generator_pyExport.cmake
[3.052s] -- Installing: /home/parallels/dev/ros2/fishros/chapt4/chapt4_ws/install/chapt4_interfaces/share/chapt4_interfaces/cmake/export_chapt4_interfaces__rosidl_generator_pyExport-noconfig.cmake
[3.052s] -- Installing: /home/parallels/dev/ros2/fishros/chapt4/chapt4_ws/install/chapt4_interfaces/share/chapt4_interfaces/cmake/rosidl_cmake-extras.cmake
[3.052s] -- Installing: /home/parallels/dev/ros2/fishros/chapt4/chapt4_ws/install/chapt4_interfaces/share/chapt4_interfaces/cmake/ament_cmake_export_dependencies-extras.cmake
[3.052s] -- Installing: /home/parallels/dev/ros2/fishros/chapt4/chapt4_ws/install/chapt4_interfaces/share/chapt4_interfaces/cmake/ament_cmake_export_include_directories-extras.cmake
[3.052s] -- Installing: /home/parallels/dev/ros2/fishros/chapt4/chapt4_ws/install/chapt4_interfaces/share/chapt4_interfaces/cmake/ament_cmake_export_libraries-extras.cmake
[3.052s] -- Installing: /home/parallels/dev/ros2/fishros/chapt4/chapt4_ws/install/chapt4_interfaces/share/chapt4_interfaces/cmake/ament_cmake_export_targets-extras.cmake
[3.052s] -- Installing: /home/parallels/dev/ros2/fishros/chapt4/chapt4_ws/install/chapt4_interfaces/share/chapt4_interfaces/cmake/rosidl_cmake_export_typesupport_targets-extras.cmake
[3.052s] -- Installing: /home/parallels/dev/ros2/fishros/chapt4/chapt4_ws/install/chapt4_interfaces/share/chapt4_interfaces/cmake/rosidl_cmake_export_typesupport_libraries-extras.cmake
[3.052s] -- Installing: /home/parallels/dev/ros2/fishros/chapt4/chapt4_ws/install/chapt4_interfaces/share/chapt4_interfaces/cmake/chapt4_interfacesConfig.cmake
[3.052s] -- Installing: /home/parallels/dev/ros2/fishros/chapt4/chapt4_ws/install/chapt4_interfaces/share/chapt4_interfaces/cmake/chapt4_interfacesConfig-version.cmake
[3.053s] -- Installing: /home/parallels/dev/ros2/fishros/chapt4/chapt4_ws/install/chapt4_interfaces/share/chapt4_interfaces/package.xml
[3.054s] Invoked command in '/home/parallels/dev/ros2/fishros/chapt4/chapt4_ws/build/chapt4_interfaces' returned '0': CMAKE_PREFIX_PATH=${CMAKE_PREFIX_PATH}:/opt/ros/jazzy DEBUGINFOD_URLS=https://debuginfod.ubuntu.com /usr/bin/cmake --install /home/parallels/dev/ros2/fishros/chapt4/chapt4_ws/build/chapt4_interfaces
