[0.059s] DEBUG:colcon:Command line arguments: ['/usr/bin/colcon', 'build']
[0.059s] DEBUG:colcon:Parsed command line arguments: Namespace(log_base=None, log_level=None, verb_name='build', build_base='build', install_base='install', merge_install=False, symlink_install=False, test_result_base=None, continue_on_error=False, executor='parallel', parallel_workers=2, event_handlers=None, ignore_user_meta=False, metas=['./colcon.meta'], base_paths=['.'], packages_ignore=None, packages_ignore_regex=None, paths=None, packages_up_to=None, packages_up_to_regex=None, packages_above=None, packages_above_and_dependencies=None, packages_above_depth=None, packages_select_by_dep=None, packages_skip_by_dep=None, packages_skip_up_to=None, packages_select_build_failed=False, packages_skip_build_finished=False, packages_select_test_failures=False, packages_skip_test_passed=False, packages_select=None, packages_skip=None, packages_select_regex=None, packages_skip_regex=None, packages_start=None, packages_end=None, allow_overriding=[], cmake_args=None, cmake_target=None, cmake_target_skip_unavailable=False, cmake_clean_cache=False, cmake_clean_first=False, cmake_force_configure=False, ament_cmake_args=None, catkin_cmake_args=None, catkin_skip_building_tests=False, verb_parser=<colcon_defaults.argument_parser.defaults.DefaultArgumentsDecorator object at 0xf27fbcae5c10>, verb_extension=<colcon_core.verb.build.BuildVerb object at 0xf27fbcae5760>, main=<bound method BuildVerb.main of <colcon_core.verb.build.BuildVerb object at 0xf27fbcae5760>>)
[0.082s] Level 1:colcon.colcon_core.package_discovery:discover_packages(colcon_meta) check parameters
[0.082s] Level 1:colcon.colcon_core.package_discovery:discover_packages(recursive) check parameters
[0.082s] Level 1:colcon.colcon_core.package_discovery:discover_packages(ignore) check parameters
[0.082s] Level 1:colcon.colcon_core.package_discovery:discover_packages(path) check parameters
[0.082s] Level 1:colcon.colcon_core.package_discovery:discover_packages(colcon_meta) discover
[0.082s] Level 1:colcon.colcon_core.package_discovery:discover_packages(recursive) discover
[0.082s] INFO:colcon.colcon_core.package_discovery:Crawling recursively for packages in '/home/parallels/dev/ros2/fishros/chapt3/topic_practice_ws'
[0.082s] Level 1:colcon.colcon_core.package_identification:_identify(.) by extensions ['ignore', 'ignore_ament_install']
[0.082s] Level 1:colcon.colcon_core.package_identification:_identify(.) by extension 'ignore'
[0.082s] Level 1:colcon.colcon_core.package_identification:_identify(.) by extension 'ignore_ament_install'
[0.082s] Level 1:colcon.colcon_core.package_identification:_identify(.) by extensions ['colcon_pkg']
[0.082s] Level 1:colcon.colcon_core.package_identification:_identify(.) by extension 'colcon_pkg'
[0.082s] Level 1:colcon.colcon_core.package_identification:_identify(.) by extensions ['colcon_meta']
[0.082s] Level 1:colcon.colcon_core.package_identification:_identify(.) by extension 'colcon_meta'
[0.082s] Level 1:colcon.colcon_core.package_identification:_identify(.) by extensions ['ros']
[0.082s] Level 1:colcon.colcon_core.package_identification:_identify(.) by extension 'ros'
[0.095s] Level 1:colcon.colcon_core.package_identification:_identify(.) by extensions ['cmake', 'python']
[0.095s] Level 1:colcon.colcon_core.package_identification:_identify(.) by extension 'cmake'
[0.095s] Level 1:colcon.colcon_core.package_identification:_identify(.) by extension 'python'
[0.095s] Level 1:colcon.colcon_core.package_identification:_identify(.) by extensions ['python_setup_py']
[0.096s] Level 1:colcon.colcon_core.package_identification:_identify(.) by extension 'python_setup_py'
[0.096s] Level 1:colcon.colcon_core.package_identification:_identify(build) by extensions ['ignore', 'ignore_ament_install']
[0.096s] Level 1:colcon.colcon_core.package_identification:_identify(build) by extension 'ignore'
[0.096s] Level 1:colcon.colcon_core.package_identification:_identify(build) ignored
[0.096s] Level 1:colcon.colcon_core.package_identification:_identify(install) by extensions ['ignore', 'ignore_ament_install']
[0.096s] Level 1:colcon.colcon_core.package_identification:_identify(install) by extension 'ignore'
[0.096s] Level 1:colcon.colcon_core.package_identification:_identify(install) ignored
[0.096s] Level 1:colcon.colcon_core.package_identification:_identify(log) by extensions ['ignore', 'ignore_ament_install']
[0.096s] Level 1:colcon.colcon_core.package_identification:_identify(log) by extension 'ignore'
[0.096s] Level 1:colcon.colcon_core.package_identification:_identify(log) ignored
[0.096s] Level 1:colcon.colcon_core.package_identification:_identify(src) by extensions ['ignore', 'ignore_ament_install']
[0.096s] Level 1:colcon.colcon_core.package_identification:_identify(src) by extension 'ignore'
[0.096s] Level 1:colcon.colcon_core.package_identification:_identify(src) by extension 'ignore_ament_install'
[0.096s] Level 1:colcon.colcon_core.package_identification:_identify(src) by extensions ['colcon_pkg']
[0.096s] Level 1:colcon.colcon_core.package_identification:_identify(src) by extension 'colcon_pkg'
[0.096s] Level 1:colcon.colcon_core.package_identification:_identify(src) by extensions ['colcon_meta']
[0.096s] Level 1:colcon.colcon_core.package_identification:_identify(src) by extension 'colcon_meta'
[0.096s] Level 1:colcon.colcon_core.package_identification:_identify(src) by extensions ['ros']
[0.096s] Level 1:colcon.colcon_core.package_identification:_identify(src) by extension 'ros'
[0.096s] Level 1:colcon.colcon_core.package_identification:_identify(src) by extensions ['cmake', 'python']
[0.096s] Level 1:colcon.colcon_core.package_identification:_identify(src) by extension 'cmake'
[0.096s] Level 1:colcon.colcon_core.package_identification:_identify(src) by extension 'python'
[0.096s] Level 1:colcon.colcon_core.package_identification:_identify(src) by extensions ['python_setup_py']
[0.096s] Level 1:colcon.colcon_core.package_identification:_identify(src) by extension 'python_setup_py'
[0.096s] Level 1:colcon.colcon_core.package_identification:_identify(src/status_display) by extensions ['ignore', 'ignore_ament_install']
[0.096s] Level 1:colcon.colcon_core.package_identification:_identify(src/status_display) by extension 'ignore'
[0.096s] Level 1:colcon.colcon_core.package_identification:_identify(src/status_display) by extension 'ignore_ament_install'
[0.096s] Level 1:colcon.colcon_core.package_identification:_identify(src/status_display) by extensions ['colcon_pkg']
[0.096s] Level 1:colcon.colcon_core.package_identification:_identify(src/status_display) by extension 'colcon_pkg'
[0.096s] Level 1:colcon.colcon_core.package_identification:_identify(src/status_display) by extensions ['colcon_meta']
[0.096s] Level 1:colcon.colcon_core.package_identification:_identify(src/status_display) by extension 'colcon_meta'
[0.096s] Level 1:colcon.colcon_core.package_identification:_identify(src/status_display) by extensions ['ros']
[0.096s] Level 1:colcon.colcon_core.package_identification:_identify(src/status_display) by extension 'ros'
[0.098s] DEBUG:colcon.colcon_core.package_identification:Package 'src/status_display' with type 'ros.ament_cmake' and name 'status_display'
[0.098s] Level 1:colcon.colcon_core.package_identification:_identify(src/status_interfaces) by extensions ['ignore', 'ignore_ament_install']
[0.098s] Level 1:colcon.colcon_core.package_identification:_identify(src/status_interfaces) by extension 'ignore'
[0.098s] Level 1:colcon.colcon_core.package_identification:_identify(src/status_interfaces) by extension 'ignore_ament_install'
[0.098s] Level 1:colcon.colcon_core.package_identification:_identify(src/status_interfaces) by extensions ['colcon_pkg']
[0.098s] Level 1:colcon.colcon_core.package_identification:_identify(src/status_interfaces) by extension 'colcon_pkg'
[0.098s] Level 1:colcon.colcon_core.package_identification:_identify(src/status_interfaces) by extensions ['colcon_meta']
[0.098s] Level 1:colcon.colcon_core.package_identification:_identify(src/status_interfaces) by extension 'colcon_meta'
[0.098s] Level 1:colcon.colcon_core.package_identification:_identify(src/status_interfaces) by extensions ['ros']
[0.098s] Level 1:colcon.colcon_core.package_identification:_identify(src/status_interfaces) by extension 'ros'
[0.098s] DEBUG:colcon.colcon_core.package_identification:Package 'src/status_interfaces' with type 'ros.ament_cmake' and name 'status_interfaces'
[0.098s] Level 1:colcon.colcon_core.package_identification:_identify(src/status_publisher) by extensions ['ignore', 'ignore_ament_install']
[0.098s] Level 1:colcon.colcon_core.package_identification:_identify(src/status_publisher) by extension 'ignore'
[0.098s] Level 1:colcon.colcon_core.package_identification:_identify(src/status_publisher) by extension 'ignore_ament_install'
[0.099s] Level 1:colcon.colcon_core.package_identification:_identify(src/status_publisher) by extensions ['colcon_pkg']
[0.099s] Level 1:colcon.colcon_core.package_identification:_identify(src/status_publisher) by extension 'colcon_pkg'
[0.099s] Level 1:colcon.colcon_core.package_identification:_identify(src/status_publisher) by extensions ['colcon_meta']
[0.099s] Level 1:colcon.colcon_core.package_identification:_identify(src/status_publisher) by extension 'colcon_meta'
[0.099s] Level 1:colcon.colcon_core.package_identification:_identify(src/status_publisher) by extensions ['ros']
[0.099s] Level 1:colcon.colcon_core.package_identification:_identify(src/status_publisher) by extension 'ros'
[0.099s] DEBUG:colcon.colcon_core.package_identification:Package 'src/status_publisher' with type 'ros.ament_python' and name 'status_publisher'
[0.099s] Level 1:colcon.colcon_core.package_discovery:discover_packages(recursive) using defaults
[0.099s] Level 1:colcon.colcon_core.package_discovery:discover_packages(ignore) discover
[0.099s] Level 1:colcon.colcon_core.package_discovery:discover_packages(ignore) using defaults
[0.099s] Level 1:colcon.colcon_core.package_discovery:discover_packages(path) discover
[0.099s] Level 1:colcon.colcon_core.package_discovery:discover_packages(path) using defaults
[0.109s] Level 1:colcon.colcon_core.package_discovery:discover_packages(prefix_path) check parameters
[0.109s] Level 1:colcon.colcon_core.package_discovery:discover_packages(prefix_path) discover
[0.110s] DEBUG:colcon.colcon_installed_package_information.package_discovery:Found 3 installed packages in /home/parallels/dev/ros2/fishros/chapt3/topic_practice_ws/install
[0.111s] DEBUG:colcon.colcon_installed_package_information.package_discovery:Found 284 installed packages in /opt/ros/jazzy
[0.111s] Level 1:colcon.colcon_core.package_discovery:discover_packages(prefix_path) using defaults
[0.139s] Level 5:colcon.colcon_core.verb:set package 'status_interfaces' build argument 'cmake_args' from command line to 'None'
[0.139s] Level 5:colcon.colcon_core.verb:set package 'status_interfaces' build argument 'cmake_target' from command line to 'None'
[0.139s] Level 5:colcon.colcon_core.verb:set package 'status_interfaces' build argument 'cmake_target_skip_unavailable' from command line to 'False'
[0.139s] Level 5:colcon.colcon_core.verb:set package 'status_interfaces' build argument 'cmake_clean_cache' from command line to 'False'
[0.139s] Level 5:colcon.colcon_core.verb:set package 'status_interfaces' build argument 'cmake_clean_first' from command line to 'False'
[0.139s] Level 5:colcon.colcon_core.verb:set package 'status_interfaces' build argument 'cmake_force_configure' from command line to 'False'
[0.139s] Level 5:colcon.colcon_core.verb:set package 'status_interfaces' build argument 'ament_cmake_args' from command line to 'None'
[0.139s] Level 5:colcon.colcon_core.verb:set package 'status_interfaces' build argument 'catkin_cmake_args' from command line to 'None'
[0.139s] Level 5:colcon.colcon_core.verb:set package 'status_interfaces' build argument 'catkin_skip_building_tests' from command line to 'False'
[0.139s] DEBUG:colcon.colcon_core.verb:Building package 'status_interfaces' with the following arguments: {'ament_cmake_args': None, 'build_base': '/home/parallels/dev/ros2/fishros/chapt3/topic_practice_ws/build/status_interfaces', 'catkin_cmake_args': None, 'catkin_skip_building_tests': False, 'cmake_args': None, 'cmake_clean_cache': False, 'cmake_clean_first': False, 'cmake_force_configure': False, 'cmake_target': None, 'cmake_target_skip_unavailable': False, 'install_base': '/home/parallels/dev/ros2/fishros/chapt3/topic_practice_ws/install/status_interfaces', 'merge_install': False, 'path': '/home/parallels/dev/ros2/fishros/chapt3/topic_practice_ws/src/status_interfaces', 'symlink_install': False, 'test_result_base': None}
[0.139s] Level 5:colcon.colcon_core.verb:set package 'status_display' build argument 'cmake_args' from command line to 'None'
[0.139s] Level 5:colcon.colcon_core.verb:set package 'status_display' build argument 'cmake_target' from command line to 'None'
[0.139s] Level 5:colcon.colcon_core.verb:set package 'status_display' build argument 'cmake_target_skip_unavailable' from command line to 'False'
[0.139s] Level 5:colcon.colcon_core.verb:set package 'status_display' build argument 'cmake_clean_cache' from command line to 'False'
[0.139s] Level 5:colcon.colcon_core.verb:set package 'status_display' build argument 'cmake_clean_first' from command line to 'False'
[0.139s] Level 5:colcon.colcon_core.verb:set package 'status_display' build argument 'cmake_force_configure' from command line to 'False'
[0.139s] Level 5:colcon.colcon_core.verb:set package 'status_display' build argument 'ament_cmake_args' from command line to 'None'
[0.139s] Level 5:colcon.colcon_core.verb:set package 'status_display' build argument 'catkin_cmake_args' from command line to 'None'
[0.139s] Level 5:colcon.colcon_core.verb:set package 'status_display' build argument 'catkin_skip_building_tests' from command line to 'False'
[0.139s] DEBUG:colcon.colcon_core.verb:Building package 'status_display' with the following arguments: {'ament_cmake_args': None, 'build_base': '/home/parallels/dev/ros2/fishros/chapt3/topic_practice_ws/build/status_display', 'catkin_cmake_args': None, 'catkin_skip_building_tests': False, 'cmake_args': None, 'cmake_clean_cache': False, 'cmake_clean_first': False, 'cmake_force_configure': False, 'cmake_target': None, 'cmake_target_skip_unavailable': False, 'install_base': '/home/parallels/dev/ros2/fishros/chapt3/topic_practice_ws/install/status_display', 'merge_install': False, 'path': '/home/parallels/dev/ros2/fishros/chapt3/topic_practice_ws/src/status_display', 'symlink_install': False, 'test_result_base': None}
[0.139s] Level 5:colcon.colcon_core.verb:set package 'status_publisher' build argument 'cmake_args' from command line to 'None'
[0.140s] Level 5:colcon.colcon_core.verb:set package 'status_publisher' build argument 'cmake_target' from command line to 'None'
[0.140s] Level 5:colcon.colcon_core.verb:set package 'status_publisher' build argument 'cmake_target_skip_unavailable' from command line to 'False'
[0.140s] Level 5:colcon.colcon_core.verb:set package 'status_publisher' build argument 'cmake_clean_cache' from command line to 'False'
[0.140s] Level 5:colcon.colcon_core.verb:set package 'status_publisher' build argument 'cmake_clean_first' from command line to 'False'
[0.140s] Level 5:colcon.colcon_core.verb:set package 'status_publisher' build argument 'cmake_force_configure' from command line to 'False'
[0.140s] Level 5:colcon.colcon_core.verb:set package 'status_publisher' build argument 'ament_cmake_args' from command line to 'None'
[0.140s] Level 5:colcon.colcon_core.verb:set package 'status_publisher' build argument 'catkin_cmake_args' from command line to 'None'
[0.140s] Level 5:colcon.colcon_core.verb:set package 'status_publisher' build argument 'catkin_skip_building_tests' from command line to 'False'
[0.140s] DEBUG:colcon.colcon_core.verb:Building package 'status_publisher' with the following arguments: {'ament_cmake_args': None, 'build_base': '/home/parallels/dev/ros2/fishros/chapt3/topic_practice_ws/build/status_publisher', 'catkin_cmake_args': None, 'catkin_skip_building_tests': False, 'cmake_args': None, 'cmake_clean_cache': False, 'cmake_clean_first': False, 'cmake_force_configure': False, 'cmake_target': None, 'cmake_target_skip_unavailable': False, 'install_base': '/home/parallels/dev/ros2/fishros/chapt3/topic_practice_ws/install/status_publisher', 'merge_install': False, 'path': '/home/parallels/dev/ros2/fishros/chapt3/topic_practice_ws/src/status_publisher', 'symlink_install': False, 'test_result_base': None}
[0.140s] INFO:colcon.colcon_core.executor:Executing jobs using 'parallel' executor
[0.140s] DEBUG:colcon.colcon_parallel_executor.executor.parallel:run_until_complete
[0.140s] INFO:colcon.colcon_ros.task.ament_cmake.build:Building ROS package in '/home/parallels/dev/ros2/fishros/chapt3/topic_practice_ws/src/status_interfaces' with build type 'ament_cmake'
[0.140s] INFO:colcon.colcon_cmake.task.cmake.build:Building CMake package in '/home/parallels/dev/ros2/fishros/chapt3/topic_practice_ws/src/status_interfaces'
[0.142s] INFO:colcon.colcon_core.plugin_system:Skipping extension 'colcon_core.shell.bat': Not used on non-Windows systems
[0.142s] INFO:colcon.colcon_core.shell:Skip shell extension 'powershell' for command environment: Not usable outside of PowerShell
[0.142s] DEBUG:colcon.colcon_core.shell:Skip shell extension 'dsv' for command environment
[0.146s] DEBUG:colcon.colcon_core.event_handler.log_command:Invoking command in '/home/parallels/dev/ros2/fishros/chapt3/topic_practice_ws/build/status_interfaces': CMAKE_PREFIX_PATH=${CMAKE_PREFIX_PATH}:/home/parallels/dev/ros2/fishros/chapt3/topic_practice_ws/install/status_publisher:/opt/ros/jazzy DEBUGINFOD_URLS=https://debuginfod.ubuntu.com /usr/bin/cmake --build /home/parallels/dev/ros2/fishros/chapt3/topic_practice_ws/build/status_interfaces -- -j2 -l2
[0.398s] DEBUG:colcon.colcon_core.event_handler.log_command:Invoked command in '/home/parallels/dev/ros2/fishros/chapt3/topic_practice_ws/build/status_interfaces' returned '0': CMAKE_PREFIX_PATH=${CMAKE_PREFIX_PATH}:/home/parallels/dev/ros2/fishros/chapt3/topic_practice_ws/install/status_publisher:/opt/ros/jazzy DEBUGINFOD_URLS=https://debuginfod.ubuntu.com /usr/bin/cmake --build /home/parallels/dev/ros2/fishros/chapt3/topic_practice_ws/build/status_interfaces -- -j2 -l2
[0.403s] DEBUG:colcon.colcon_core.event_handler.log_command:Invoking command in '/home/parallels/dev/ros2/fishros/chapt3/topic_practice_ws/build/status_interfaces': CMAKE_PREFIX_PATH=${CMAKE_PREFIX_PATH}:/home/parallels/dev/ros2/fishros/chapt3/topic_practice_ws/install/status_publisher:/opt/ros/jazzy DEBUGINFOD_URLS=https://debuginfod.ubuntu.com /usr/bin/cmake --install /home/parallels/dev/ros2/fishros/chapt3/topic_practice_ws/build/status_interfaces
[0.435s] Level 1:colcon.colcon_core.environment:create_environment_scripts_only(status_interfaces)
[0.436s] DEBUG:colcon.colcon_core.event_handler.log_command:Invoked command in '/home/parallels/dev/ros2/fishros/chapt3/topic_practice_ws/build/status_interfaces' returned '0': CMAKE_PREFIX_PATH=${CMAKE_PREFIX_PATH}:/home/parallels/dev/ros2/fishros/chapt3/topic_practice_ws/install/status_publisher:/opt/ros/jazzy DEBUGINFOD_URLS=https://debuginfod.ubuntu.com /usr/bin/cmake --install /home/parallels/dev/ros2/fishros/chapt3/topic_practice_ws/build/status_interfaces
[0.438s] Level 1:colcon.colcon_core.environment:checking '/home/parallels/dev/ros2/fishros/chapt3/topic_practice_ws/install/status_interfaces' for CMake module files
[0.438s] Level 1:colcon.colcon_core.environment:checking '/home/parallels/dev/ros2/fishros/chapt3/topic_practice_ws/install/status_interfaces' for CMake config files
[0.438s] Level 1:colcon.colcon_core.shell:create_environment_hook('status_interfaces', 'cmake_prefix_path')
[0.438s] INFO:colcon.colcon_core.shell:Creating environment hook '/home/parallels/dev/ros2/fishros/chapt3/topic_practice_ws/install/status_interfaces/share/status_interfaces/hook/cmake_prefix_path.ps1'
[0.439s] INFO:colcon.colcon_core.shell:Creating environment descriptor '/home/parallels/dev/ros2/fishros/chapt3/topic_practice_ws/install/status_interfaces/share/status_interfaces/hook/cmake_prefix_path.dsv'
[0.439s] INFO:colcon.colcon_core.shell:Creating environment hook '/home/parallels/dev/ros2/fishros/chapt3/topic_practice_ws/install/status_interfaces/share/status_interfaces/hook/cmake_prefix_path.sh'
[0.439s] Level 1:colcon.colcon_core.environment:checking '/home/parallels/dev/ros2/fishros/chapt3/topic_practice_ws/install/status_interfaces/lib'
[0.439s] Level 1:colcon.colcon_core.shell:create_environment_hook('status_interfaces', 'ld_library_path_lib')
[0.439s] INFO:colcon.colcon_core.shell:Creating environment hook '/home/parallels/dev/ros2/fishros/chapt3/topic_practice_ws/install/status_interfaces/share/status_interfaces/hook/ld_library_path_lib.ps1'
[0.439s] INFO:colcon.colcon_core.shell:Creating environment descriptor '/home/parallels/dev/ros2/fishros/chapt3/topic_practice_ws/install/status_interfaces/share/status_interfaces/hook/ld_library_path_lib.dsv'
[0.439s] INFO:colcon.colcon_core.shell:Creating environment hook '/home/parallels/dev/ros2/fishros/chapt3/topic_practice_ws/install/status_interfaces/share/status_interfaces/hook/ld_library_path_lib.sh'
[0.440s] Level 1:colcon.colcon_core.environment:checking '/home/parallels/dev/ros2/fishros/chapt3/topic_practice_ws/install/status_interfaces/bin'
[0.440s] Level 1:colcon.colcon_core.environment:checking '/home/parallels/dev/ros2/fishros/chapt3/topic_practice_ws/install/status_interfaces/lib/pkgconfig/status_interfaces.pc'
[0.440s] Level 1:colcon.colcon_core.environment:checking '/home/parallels/dev/ros2/fishros/chapt3/topic_practice_ws/install/status_interfaces/lib/python3.12/site-packages'
[0.440s] Level 1:colcon.colcon_core.shell:create_environment_hook('status_interfaces', 'pythonpath')
[0.440s] INFO:colcon.colcon_core.shell:Creating environment hook '/home/parallels/dev/ros2/fishros/chapt3/topic_practice_ws/install/status_interfaces/share/status_interfaces/hook/pythonpath.ps1'
[0.440s] INFO:colcon.colcon_core.shell:Creating environment descriptor '/home/parallels/dev/ros2/fishros/chapt3/topic_practice_ws/install/status_interfaces/share/status_interfaces/hook/pythonpath.dsv'
[0.440s] INFO:colcon.colcon_core.shell:Creating environment hook '/home/parallels/dev/ros2/fishros/chapt3/topic_practice_ws/install/status_interfaces/share/status_interfaces/hook/pythonpath.sh'
[0.440s] Level 1:colcon.colcon_core.environment:checking '/home/parallels/dev/ros2/fishros/chapt3/topic_practice_ws/install/status_interfaces/bin'
[0.440s] INFO:colcon.colcon_core.shell:Creating package script '/home/parallels/dev/ros2/fishros/chapt3/topic_practice_ws/install/status_interfaces/share/status_interfaces/package.ps1'
[0.440s] INFO:colcon.colcon_core.shell:Creating package descriptor '/home/parallels/dev/ros2/fishros/chapt3/topic_practice_ws/install/status_interfaces/share/status_interfaces/package.dsv'
[0.441s] INFO:colcon.colcon_core.shell:Creating package script '/home/parallels/dev/ros2/fishros/chapt3/topic_practice_ws/install/status_interfaces/share/status_interfaces/package.sh'
[0.441s] INFO:colcon.colcon_core.shell:Creating package script '/home/parallels/dev/ros2/fishros/chapt3/topic_practice_ws/install/status_interfaces/share/status_interfaces/package.bash'
[0.441s] INFO:colcon.colcon_core.shell:Creating package script '/home/parallels/dev/ros2/fishros/chapt3/topic_practice_ws/install/status_interfaces/share/status_interfaces/package.zsh'
[0.441s] Level 1:colcon.colcon_core.environment:create_file_with_runtime_dependencies(/home/parallels/dev/ros2/fishros/chapt3/topic_practice_ws/install/status_interfaces/share/colcon-core/packages/status_interfaces)
[0.441s] Level 1:colcon.colcon_core.environment:create_environment_scripts_only(status_interfaces)
[0.442s] Level 1:colcon.colcon_core.environment:checking '/home/parallels/dev/ros2/fishros/chapt3/topic_practice_ws/install/status_interfaces' for CMake module files
[0.442s] Level 1:colcon.colcon_core.environment:checking '/home/parallels/dev/ros2/fishros/chapt3/topic_practice_ws/install/status_interfaces' for CMake config files
[0.442s] Level 1:colcon.colcon_core.shell:create_environment_hook('status_interfaces', 'cmake_prefix_path')
[0.442s] INFO:colcon.colcon_core.shell:Creating environment hook '/home/parallels/dev/ros2/fishros/chapt3/topic_practice_ws/install/status_interfaces/share/status_interfaces/hook/cmake_prefix_path.ps1'
[0.442s] INFO:colcon.colcon_core.shell:Creating environment descriptor '/home/parallels/dev/ros2/fishros/chapt3/topic_practice_ws/install/status_interfaces/share/status_interfaces/hook/cmake_prefix_path.dsv'
[0.442s] INFO:colcon.colcon_core.shell:Creating environment hook '/home/parallels/dev/ros2/fishros/chapt3/topic_practice_ws/install/status_interfaces/share/status_interfaces/hook/cmake_prefix_path.sh'
[0.443s] Level 1:colcon.colcon_core.environment:checking '/home/parallels/dev/ros2/fishros/chapt3/topic_practice_ws/install/status_interfaces/lib'
[0.443s] Level 1:colcon.colcon_core.shell:create_environment_hook('status_interfaces', 'ld_library_path_lib')
[0.443s] INFO:colcon.colcon_core.shell:Creating environment hook '/home/parallels/dev/ros2/fishros/chapt3/topic_practice_ws/install/status_interfaces/share/status_interfaces/hook/ld_library_path_lib.ps1'
[0.443s] INFO:colcon.colcon_core.shell:Creating environment descriptor '/home/parallels/dev/ros2/fishros/chapt3/topic_practice_ws/install/status_interfaces/share/status_interfaces/hook/ld_library_path_lib.dsv'
[0.443s] INFO:colcon.colcon_core.shell:Creating environment hook '/home/parallels/dev/ros2/fishros/chapt3/topic_practice_ws/install/status_interfaces/share/status_interfaces/hook/ld_library_path_lib.sh'
[0.443s] Level 1:colcon.colcon_core.environment:checking '/home/parallels/dev/ros2/fishros/chapt3/topic_practice_ws/install/status_interfaces/bin'
[0.443s] Level 1:colcon.colcon_core.environment:checking '/home/parallels/dev/ros2/fishros/chapt3/topic_practice_ws/install/status_interfaces/lib/pkgconfig/status_interfaces.pc'
[0.443s] Level 1:colcon.colcon_core.environment:checking '/home/parallels/dev/ros2/fishros/chapt3/topic_practice_ws/install/status_interfaces/lib/python3.12/site-packages'
[0.443s] Level 1:colcon.colcon_core.shell:create_environment_hook('status_interfaces', 'pythonpath')
[0.443s] INFO:colcon.colcon_core.shell:Creating environment hook '/home/parallels/dev/ros2/fishros/chapt3/topic_practice_ws/install/status_interfaces/share/status_interfaces/hook/pythonpath.ps1'
[0.443s] INFO:colcon.colcon_core.shell:Creating environment descriptor '/home/parallels/dev/ros2/fishros/chapt3/topic_practice_ws/install/status_interfaces/share/status_interfaces/hook/pythonpath.dsv'
[0.443s] INFO:colcon.colcon_core.shell:Creating environment hook '/home/parallels/dev/ros2/fishros/chapt3/topic_practice_ws/install/status_interfaces/share/status_interfaces/hook/pythonpath.sh'
[0.444s] Level 1:colcon.colcon_core.environment:checking '/home/parallels/dev/ros2/fishros/chapt3/topic_practice_ws/install/status_interfaces/bin'
[0.444s] INFO:colcon.colcon_core.shell:Creating package script '/home/parallels/dev/ros2/fishros/chapt3/topic_practice_ws/install/status_interfaces/share/status_interfaces/package.ps1'
[0.444s] INFO:colcon.colcon_core.shell:Creating package descriptor '/home/parallels/dev/ros2/fishros/chapt3/topic_practice_ws/install/status_interfaces/share/status_interfaces/package.dsv'
[0.444s] INFO:colcon.colcon_core.shell:Creating package script '/home/parallels/dev/ros2/fishros/chapt3/topic_practice_ws/install/status_interfaces/share/status_interfaces/package.sh'
[0.444s] INFO:colcon.colcon_core.shell:Creating package script '/home/parallels/dev/ros2/fishros/chapt3/topic_practice_ws/install/status_interfaces/share/status_interfaces/package.bash'
[0.444s] INFO:colcon.colcon_core.shell:Creating package script '/home/parallels/dev/ros2/fishros/chapt3/topic_practice_ws/install/status_interfaces/share/status_interfaces/package.zsh'
[0.444s] Level 1:colcon.colcon_core.environment:create_file_with_runtime_dependencies(/home/parallels/dev/ros2/fishros/chapt3/topic_practice_ws/install/status_interfaces/share/colcon-core/packages/status_interfaces)
[0.445s] INFO:colcon.colcon_ros.task.ament_cmake.build:Building ROS package in '/home/parallels/dev/ros2/fishros/chapt3/topic_practice_ws/src/status_display' with build type 'ament_cmake'
[0.445s] INFO:colcon.colcon_cmake.task.cmake.build:Building CMake package in '/home/parallels/dev/ros2/fishros/chapt3/topic_practice_ws/src/status_display'
[0.445s] INFO:colcon.colcon_core.shell:Skip shell extension 'powershell' for command environment: Not usable outside of PowerShell
[0.445s] DEBUG:colcon.colcon_core.shell:Skip shell extension 'dsv' for command environment
[0.446s] INFO:colcon.colcon_ros.task.ament_python.build:Building ROS package in '/home/parallels/dev/ros2/fishros/chapt3/topic_practice_ws/src/status_publisher' with build type 'ament_python'
[0.446s] Level 1:colcon.colcon_core.shell:create_environment_hook('status_publisher', 'ament_prefix_path')
[0.446s] INFO:colcon.colcon_core.shell:Creating environment hook '/home/parallels/dev/ros2/fishros/chapt3/topic_practice_ws/install/status_publisher/share/status_publisher/hook/ament_prefix_path.ps1'
[0.446s] INFO:colcon.colcon_core.shell:Creating environment descriptor '/home/parallels/dev/ros2/fishros/chapt3/topic_practice_ws/install/status_publisher/share/status_publisher/hook/ament_prefix_path.dsv'
[0.447s] INFO:colcon.colcon_core.shell:Creating environment hook '/home/parallels/dev/ros2/fishros/chapt3/topic_practice_ws/install/status_publisher/share/status_publisher/hook/ament_prefix_path.sh'
[0.448s] INFO:colcon.colcon_core.shell:Skip shell extension 'powershell' for command environment: Not usable outside of PowerShell
[0.448s] DEBUG:colcon.colcon_core.shell:Skip shell extension 'dsv' for command environment
[0.451s] DEBUG:colcon.colcon_core.event_handler.log_command:Invoking command in '/home/parallels/dev/ros2/fishros/chapt3/topic_practice_ws/build/status_display': CMAKE_PREFIX_PATH=${CMAKE_PREFIX_PATH}:/home/parallels/dev/ros2/fishros/chapt3/topic_practice_ws/install/status_publisher:/opt/ros/jazzy DEBUGINFOD_URLS=https://debuginfod.ubuntu.com PYTHONPATH=/home/parallels/dev/ros2/fishros/chapt3/topic_practice_ws/install/status_interfaces/lib/python3.12/site-packages:/home/parallels/dev/ros2/fishros/chapt3/topic_practice_ws/install/status_publisher/lib/python3.12/site-packages:/opt/ros/jazzy/lib/python3.12/site-packages /usr/bin/cmake --build /home/parallels/dev/ros2/fishros/chapt3/topic_practice_ws/build/status_display -- -j2 -l2
[0.569s] INFO:colcon.colcon_core.task.python.build:Building Python package in '/home/parallels/dev/ros2/fishros/chapt3/topic_practice_ws/src/status_publisher'
[0.570s] INFO:colcon.colcon_core.shell:Skip shell extension 'powershell' for command environment: Not usable outside of PowerShell
[0.570s] DEBUG:colcon.colcon_core.shell:Skip shell extension 'dsv' for command environment
[0.853s] DEBUG:colcon.colcon_core.event_handler.log_command:Invoking command in '/home/parallels/dev/ros2/fishros/chapt3/topic_practice_ws/src/status_publisher': DEBUGINFOD_URLS=https://debuginfod.ubuntu.com PYTHONPATH=/home/parallels/dev/ros2/fishros/chapt3/topic_practice_ws/build/status_publisher/prefix_override:/usr/lib/python3/dist-packages/colcon_core/task/python/colcon_distutils_commands:/home/parallels/dev/ros2/fishros/chapt3/topic_practice_ws/install/status_publisher/lib/python3.12/site-packages:/home/parallels/dev/ros2/fishros/chapt3/topic_practice_ws/install/status_interfaces/lib/python3.12/site-packages:/home/parallels/dev/ros2/fishros/chapt3/topic_practice_ws/install/status_publisher/lib/python3.12/site-packages:/opt/ros/jazzy/lib/python3.12/site-packages /usr/bin/python3 -W ignore:setup.py install is deprecated -W ignore:easy_install command is deprecated setup.py egg_info --egg-base ../../build/status_publisher build --build-base /home/parallels/dev/ros2/fishros/chapt3/topic_practice_ws/build/status_publisher/build install --record /home/parallels/dev/ros2/fishros/chapt3/topic_practice_ws/build/status_publisher/install.log --single-version-externally-managed install_data
[1.204s] Level 1:colcon.colcon_core.environment:checking '/home/parallels/dev/ros2/fishros/chapt3/topic_practice_ws/install/status_publisher' for CMake module files
[1.204s] DEBUG:colcon.colcon_core.event_handler.log_command:Invoked command in '/home/parallels/dev/ros2/fishros/chapt3/topic_practice_ws/src/status_publisher' returned '0': DEBUGINFOD_URLS=https://debuginfod.ubuntu.com PYTHONPATH=/home/parallels/dev/ros2/fishros/chapt3/topic_practice_ws/build/status_publisher/prefix_override:/usr/lib/python3/dist-packages/colcon_core/task/python/colcon_distutils_commands:/home/parallels/dev/ros2/fishros/chapt3/topic_practice_ws/install/status_publisher/lib/python3.12/site-packages:/home/parallels/dev/ros2/fishros/chapt3/topic_practice_ws/install/status_interfaces/lib/python3.12/site-packages:/home/parallels/dev/ros2/fishros/chapt3/topic_practice_ws/install/status_publisher/lib/python3.12/site-packages:/opt/ros/jazzy/lib/python3.12/site-packages /usr/bin/python3 -W ignore:setup.py install is deprecated -W ignore:easy_install command is deprecated setup.py egg_info --egg-base ../../build/status_publisher build --build-base /home/parallels/dev/ros2/fishros/chapt3/topic_practice_ws/build/status_publisher/build install --record /home/parallels/dev/ros2/fishros/chapt3/topic_practice_ws/build/status_publisher/install.log --single-version-externally-managed install_data
[1.205s] Level 1:colcon.colcon_core.environment:checking '/home/parallels/dev/ros2/fishros/chapt3/topic_practice_ws/install/status_publisher' for CMake config files
[1.205s] Level 1:colcon.colcon_core.environment:checking '/home/parallels/dev/ros2/fishros/chapt3/topic_practice_ws/install/status_publisher/lib'
[1.205s] Level 1:colcon.colcon_core.environment:checking '/home/parallels/dev/ros2/fishros/chapt3/topic_practice_ws/install/status_publisher/bin'
[1.205s] Level 1:colcon.colcon_core.environment:checking '/home/parallels/dev/ros2/fishros/chapt3/topic_practice_ws/install/status_publisher/lib/pkgconfig/status_publisher.pc'
[1.206s] Level 1:colcon.colcon_core.environment:checking '/home/parallels/dev/ros2/fishros/chapt3/topic_practice_ws/install/status_publisher/lib/python3.12/site-packages'
[1.206s] Level 1:colcon.colcon_core.shell:create_environment_hook('status_publisher', 'pythonpath')
[1.206s] INFO:colcon.colcon_core.shell:Creating environment hook '/home/parallels/dev/ros2/fishros/chapt3/topic_practice_ws/install/status_publisher/share/status_publisher/hook/pythonpath.ps1'
[1.206s] INFO:colcon.colcon_core.shell:Creating environment descriptor '/home/parallels/dev/ros2/fishros/chapt3/topic_practice_ws/install/status_publisher/share/status_publisher/hook/pythonpath.dsv'
[1.206s] INFO:colcon.colcon_core.shell:Creating environment hook '/home/parallels/dev/ros2/fishros/chapt3/topic_practice_ws/install/status_publisher/share/status_publisher/hook/pythonpath.sh'
[1.207s] Level 1:colcon.colcon_core.environment:checking '/home/parallels/dev/ros2/fishros/chapt3/topic_practice_ws/install/status_publisher/bin'
[1.207s] Level 1:colcon.colcon_core.environment:create_environment_scripts_only(status_publisher)
[1.207s] INFO:colcon.colcon_core.shell:Creating package script '/home/parallels/dev/ros2/fishros/chapt3/topic_practice_ws/install/status_publisher/share/status_publisher/package.ps1'
[1.207s] INFO:colcon.colcon_core.shell:Creating package descriptor '/home/parallels/dev/ros2/fishros/chapt3/topic_practice_ws/install/status_publisher/share/status_publisher/package.dsv'
[1.207s] INFO:colcon.colcon_core.shell:Creating package script '/home/parallels/dev/ros2/fishros/chapt3/topic_practice_ws/install/status_publisher/share/status_publisher/package.sh'
[1.208s] INFO:colcon.colcon_core.shell:Creating package script '/home/parallels/dev/ros2/fishros/chapt3/topic_practice_ws/install/status_publisher/share/status_publisher/package.bash'
[1.208s] INFO:colcon.colcon_core.shell:Creating package script '/home/parallels/dev/ros2/fishros/chapt3/topic_practice_ws/install/status_publisher/share/status_publisher/package.zsh'
[1.208s] Level 1:colcon.colcon_core.environment:create_file_with_runtime_dependencies(/home/parallels/dev/ros2/fishros/chapt3/topic_practice_ws/install/status_publisher/share/colcon-core/packages/status_publisher)
[1.309s] DEBUG:colcon.colcon_core.event_handler.log_command:Invoked command in '/home/parallels/dev/ros2/fishros/chapt3/topic_practice_ws/build/status_display' returned '0': CMAKE_PREFIX_PATH=${CMAKE_PREFIX_PATH}:/home/parallels/dev/ros2/fishros/chapt3/topic_practice_ws/install/status_publisher:/opt/ros/jazzy DEBUGINFOD_URLS=https://debuginfod.ubuntu.com PYTHONPATH=/home/parallels/dev/ros2/fishros/chapt3/topic_practice_ws/install/status_interfaces/lib/python3.12/site-packages:/home/parallels/dev/ros2/fishros/chapt3/topic_practice_ws/install/status_publisher/lib/python3.12/site-packages:/opt/ros/jazzy/lib/python3.12/site-packages /usr/bin/cmake --build /home/parallels/dev/ros2/fishros/chapt3/topic_practice_ws/build/status_display -- -j2 -l2
[1.310s] DEBUG:colcon.colcon_core.event_handler.log_command:Invoking command in '/home/parallels/dev/ros2/fishros/chapt3/topic_practice_ws/build/status_display': CMAKE_PREFIX_PATH=${CMAKE_PREFIX_PATH}:/home/parallels/dev/ros2/fishros/chapt3/topic_practice_ws/install/status_publisher:/opt/ros/jazzy DEBUGINFOD_URLS=https://debuginfod.ubuntu.com PYTHONPATH=/home/parallels/dev/ros2/fishros/chapt3/topic_practice_ws/install/status_interfaces/lib/python3.12/site-packages:/home/parallels/dev/ros2/fishros/chapt3/topic_practice_ws/install/status_publisher/lib/python3.12/site-packages:/opt/ros/jazzy/lib/python3.12/site-packages /usr/bin/cmake --install /home/parallels/dev/ros2/fishros/chapt3/topic_practice_ws/build/status_display
[1.315s] Level 1:colcon.colcon_core.environment:create_environment_scripts_only(status_display)
[1.315s] Level 1:colcon.colcon_core.environment:checking '/home/parallels/dev/ros2/fishros/chapt3/topic_practice_ws/install/status_display' for CMake module files
[1.315s] Level 1:colcon.colcon_core.environment:checking '/home/parallels/dev/ros2/fishros/chapt3/topic_practice_ws/install/status_display' for CMake config files
[1.315s] Level 1:colcon.colcon_core.shell:create_environment_hook('status_display', 'cmake_prefix_path')
[1.315s] INFO:colcon.colcon_core.shell:Creating environment hook '/home/parallels/dev/ros2/fishros/chapt3/topic_practice_ws/install/status_display/share/status_display/hook/cmake_prefix_path.ps1'
[1.315s] INFO:colcon.colcon_core.shell:Creating environment descriptor '/home/parallels/dev/ros2/fishros/chapt3/topic_practice_ws/install/status_display/share/status_display/hook/cmake_prefix_path.dsv'
[1.315s] DEBUG:colcon.colcon_core.event_handler.log_command:Invoked command in '/home/parallels/dev/ros2/fishros/chapt3/topic_practice_ws/build/status_display' returned '0': CMAKE_PREFIX_PATH=${CMAKE_PREFIX_PATH}:/home/parallels/dev/ros2/fishros/chapt3/topic_practice_ws/install/status_publisher:/opt/ros/jazzy DEBUGINFOD_URLS=https://debuginfod.ubuntu.com PYTHONPATH=/home/parallels/dev/ros2/fishros/chapt3/topic_practice_ws/install/status_interfaces/lib/python3.12/site-packages:/home/parallels/dev/ros2/fishros/chapt3/topic_practice_ws/install/status_publisher/lib/python3.12/site-packages:/opt/ros/jazzy/lib/python3.12/site-packages /usr/bin/cmake --install /home/parallels/dev/ros2/fishros/chapt3/topic_practice_ws/build/status_display
[1.315s] INFO:colcon.colcon_core.shell:Creating environment hook '/home/parallels/dev/ros2/fishros/chapt3/topic_practice_ws/install/status_display/share/status_display/hook/cmake_prefix_path.sh'
[1.316s] Level 1:colcon.colcon_core.environment:checking '/home/parallels/dev/ros2/fishros/chapt3/topic_practice_ws/install/status_display/lib'
[1.316s] Level 1:colcon.colcon_core.environment:checking '/home/parallels/dev/ros2/fishros/chapt3/topic_practice_ws/install/status_display/bin'
[1.316s] Level 1:colcon.colcon_core.environment:checking '/home/parallels/dev/ros2/fishros/chapt3/topic_practice_ws/install/status_display/lib/pkgconfig/status_display.pc'
[1.316s] Level 1:colcon.colcon_core.environment:checking '/home/parallels/dev/ros2/fishros/chapt3/topic_practice_ws/install/status_display/lib/python3.12/site-packages'
[1.316s] Level 1:colcon.colcon_core.environment:checking '/home/parallels/dev/ros2/fishros/chapt3/topic_practice_ws/install/status_display/bin'
[1.316s] INFO:colcon.colcon_core.shell:Creating package script '/home/parallels/dev/ros2/fishros/chapt3/topic_practice_ws/install/status_display/share/status_display/package.ps1'
[1.316s] INFO:colcon.colcon_core.shell:Creating package descriptor '/home/parallels/dev/ros2/fishros/chapt3/topic_practice_ws/install/status_display/share/status_display/package.dsv'
[1.316s] INFO:colcon.colcon_core.shell:Creating package script '/home/parallels/dev/ros2/fishros/chapt3/topic_practice_ws/install/status_display/share/status_display/package.sh'
[1.316s] INFO:colcon.colcon_core.shell:Creating package script '/home/parallels/dev/ros2/fishros/chapt3/topic_practice_ws/install/status_display/share/status_display/package.bash'
[1.316s] INFO:colcon.colcon_core.shell:Creating package script '/home/parallels/dev/ros2/fishros/chapt3/topic_practice_ws/install/status_display/share/status_display/package.zsh'
[1.317s] Level 1:colcon.colcon_core.environment:create_file_with_runtime_dependencies(/home/parallels/dev/ros2/fishros/chapt3/topic_practice_ws/install/status_display/share/colcon-core/packages/status_display)
[1.317s] Level 1:colcon.colcon_core.environment:create_environment_scripts_only(status_display)
[1.317s] Level 1:colcon.colcon_core.environment:checking '/home/parallels/dev/ros2/fishros/chapt3/topic_practice_ws/install/status_display' for CMake module files
[1.317s] Level 1:colcon.colcon_core.environment:checking '/home/parallels/dev/ros2/fishros/chapt3/topic_practice_ws/install/status_display' for CMake config files
[1.317s] Level 1:colcon.colcon_core.shell:create_environment_hook('status_display', 'cmake_prefix_path')
[1.317s] INFO:colcon.colcon_core.shell:Creating environment hook '/home/parallels/dev/ros2/fishros/chapt3/topic_practice_ws/install/status_display/share/status_display/hook/cmake_prefix_path.ps1'
[1.317s] INFO:colcon.colcon_core.shell:Creating environment descriptor '/home/parallels/dev/ros2/fishros/chapt3/topic_practice_ws/install/status_display/share/status_display/hook/cmake_prefix_path.dsv'
[1.317s] INFO:colcon.colcon_core.shell:Creating environment hook '/home/parallels/dev/ros2/fishros/chapt3/topic_practice_ws/install/status_display/share/status_display/hook/cmake_prefix_path.sh'
[1.318s] Level 1:colcon.colcon_core.environment:checking '/home/parallels/dev/ros2/fishros/chapt3/topic_practice_ws/install/status_display/lib'
[1.318s] Level 1:colcon.colcon_core.environment:checking '/home/parallels/dev/ros2/fishros/chapt3/topic_practice_ws/install/status_display/bin'
[1.318s] Level 1:colcon.colcon_core.environment:checking '/home/parallels/dev/ros2/fishros/chapt3/topic_practice_ws/install/status_display/lib/pkgconfig/status_display.pc'
[1.318s] Level 1:colcon.colcon_core.environment:checking '/home/parallels/dev/ros2/fishros/chapt3/topic_practice_ws/install/status_display/lib/python3.12/site-packages'
[1.318s] Level 1:colcon.colcon_core.environment:checking '/home/parallels/dev/ros2/fishros/chapt3/topic_practice_ws/install/status_display/bin'
[1.318s] INFO:colcon.colcon_core.shell:Creating package script '/home/parallels/dev/ros2/fishros/chapt3/topic_practice_ws/install/status_display/share/status_display/package.ps1'
[1.319s] INFO:colcon.colcon_core.shell:Creating package descriptor '/home/parallels/dev/ros2/fishros/chapt3/topic_practice_ws/install/status_display/share/status_display/package.dsv'
[1.319s] INFO:colcon.colcon_core.shell:Creating package script '/home/parallels/dev/ros2/fishros/chapt3/topic_practice_ws/install/status_display/share/status_display/package.sh'
[1.319s] INFO:colcon.colcon_core.shell:Creating package script '/home/parallels/dev/ros2/fishros/chapt3/topic_practice_ws/install/status_display/share/status_display/package.bash'
[1.319s] INFO:colcon.colcon_core.shell:Creating package script '/home/parallels/dev/ros2/fishros/chapt3/topic_practice_ws/install/status_display/share/status_display/package.zsh'
[1.319s] Level 1:colcon.colcon_core.environment:create_file_with_runtime_dependencies(/home/parallels/dev/ros2/fishros/chapt3/topic_practice_ws/install/status_display/share/colcon-core/packages/status_display)
[1.319s] DEBUG:colcon.colcon_parallel_executor.executor.parallel:closing loop
[1.320s] DEBUG:colcon.colcon_parallel_executor.executor.parallel:loop closed
[1.320s] DEBUG:colcon.colcon_parallel_executor.executor.parallel:run_until_complete finished with '0'
[1.320s] DEBUG:colcon.colcon_core.event_reactor:joining thread
[1.323s] INFO:colcon.colcon_core.plugin_system:Skipping extension 'colcon_notification.desktop_notification.terminal_notifier': Not used on non-Darwin systems
[1.323s] INFO:colcon.colcon_core.plugin_system:Skipping extension 'colcon_notification.desktop_notification.win32': Not used on non-Windows systems
[1.323s] INFO:colcon.colcon_notification.desktop_notification:Sending desktop notification using 'notify2'
[1.336s] DEBUG:colcon.colcon_core.event_reactor:joined thread
[1.337s] INFO:colcon.colcon_core.shell:Creating prefix script '/home/parallels/dev/ros2/fishros/chapt3/topic_practice_ws/install/local_setup.ps1'
[1.337s] INFO:colcon.colcon_core.shell:Creating prefix util module '/home/parallels/dev/ros2/fishros/chapt3/topic_practice_ws/install/_local_setup_util_ps1.py'
[1.338s] INFO:colcon.colcon_core.shell:Creating prefix chain script '/home/parallels/dev/ros2/fishros/chapt3/topic_practice_ws/install/setup.ps1'
[1.339s] INFO:colcon.colcon_core.shell:Creating prefix script '/home/parallels/dev/ros2/fishros/chapt3/topic_practice_ws/install/local_setup.sh'
[1.339s] INFO:colcon.colcon_core.shell:Creating prefix util module '/home/parallels/dev/ros2/fishros/chapt3/topic_practice_ws/install/_local_setup_util_sh.py'
[1.339s] INFO:colcon.colcon_core.shell:Creating prefix chain script '/home/parallels/dev/ros2/fishros/chapt3/topic_practice_ws/install/setup.sh'
[1.340s] INFO:colcon.colcon_core.shell:Creating prefix script '/home/parallels/dev/ros2/fishros/chapt3/topic_practice_ws/install/local_setup.bash'
[1.340s] INFO:colcon.colcon_core.shell:Creating prefix chain script '/home/parallels/dev/ros2/fishros/chapt3/topic_practice_ws/install/setup.bash'
[1.340s] INFO:colcon.colcon_core.shell:Creating prefix script '/home/parallels/dev/ros2/fishros/chapt3/topic_practice_ws/install/local_setup.zsh'
[1.340s] INFO:colcon.colcon_core.shell:Creating prefix chain script '/home/parallels/dev/ros2/fishros/chapt3/topic_practice_ws/install/setup.zsh'
