[0.006s] Invoking command in '/home/parallels/dev/ros2/fishros/chapt4/chapt4_ws/build/chapt4_interfaces': CMAKE_PREFIX_PATH=${CMAKE_PREFIX_PATH}:/opt/ros/jazzy DEBUGINFOD_URLS=https://debuginfod.ubuntu.com /usr/bin/cmake --build /home/parallels/dev/ros2/fishros/chapt4/chapt4_ws/build/chapt4_interfaces -- -j4 -l4
[0.031s] [  2%] Built target chapt4_interfaces__rosidl_generator_type_description
[0.037s] [  2%] Built target ament_cmake_python_copy_chapt4_interfaces
[0.042s] [  4%] Built target chapt4_interfaces__cpp
[0.044s] [ 22%] Built target chapt4_interfaces__rosidl_generator_c
[0.059s] [ 31%] Built target chapt4_interfaces__rosidl_typesupport_fastrtps_c
[0.061s] [ 40%] Built target chapt4_interfaces__rosidl_typesupport_fastrtps_cpp
[0.063s] [ 50%] Built target chapt4_interfaces__rosidl_typesupport_introspection_c
[0.074s] [ 59%] Built target chapt4_interfaces__rosidl_typesupport_introspection_cpp
[0.077s] [ 70%] Built target chapt4_interfaces__rosidl_typesupport_cpp
[0.078s] [ 77%] Built target chapt4_interfaces__rosidl_typesupport_c
[0.085s] [ 77%] Built target chapt4_interfaces
[0.093s] [ 79%] Built target chapt4_interfaces__py
[0.106s] [ 86%] Built target chapt4_interfaces__rosidl_generator_py
[0.111s] [ 90%] Built target chapt4_interfaces_s__rosidl_typesupport_fastrtps_c
[0.116s] [ 95%] Built target chapt4_interfaces_s__rosidl_typesupport_c
[0.120s] [100%] Built target chapt4_interfaces_s__rosidl_typesupport_introspection_c
[0.132s] running egg_info
[0.140s] writing chapt4_interfaces.egg-info/PKG-INFO
[0.140s] writing dependency_links to chapt4_interfaces.egg-info/dependency_links.txt
[0.140s] writing top-level names to chapt4_interfaces.egg-info/top_level.txt
[0.159s] reading manifest file 'chapt4_interfaces.egg-info/SOURCES.txt'
[0.160s] writing manifest file 'chapt4_interfaces.egg-info/SOURCES.txt'
[0.174s] [100%] Built target ament_cmake_python_build_chapt4_interfaces_egg
[0.181s] Invoked command in '/home/parallels/dev/ros2/fishros/chapt4/chapt4_ws/build/chapt4_interfaces' returned '0': CMAKE_PREFIX_PATH=${CMAKE_PREFIX_PATH}:/opt/ros/jazzy DEBUGINFOD_URLS=https://debuginfod.ubuntu.com /usr/bin/cmake --build /home/parallels/dev/ros2/fishros/chapt4/chapt4_ws/build/chapt4_interfaces -- -j4 -l4
[0.185s] Invoking command in '/home/parallels/dev/ros2/fishros/chapt4/chapt4_ws/build/chapt4_interfaces': CMAKE_PREFIX_PATH=${CMAKE_PREFIX_PATH}:/opt/ros/jazzy DEBUGINFOD_URLS=https://debuginfod.ubuntu.com /usr/bin/cmake --install /home/parallels/dev/ros2/fishros/chapt4/chapt4_ws/build/chapt4_interfaces
[0.188s] -- Install configuration: ""
[0.188s] -- Up-to-date: /home/parallels/dev/ros2/fishros/chapt4/chapt4_ws/install/chapt4_interfaces/share/ament_index/resource_index/rosidl_interfaces/chapt4_interfaces
[0.188s] -- Up-to-date: /home/parallels/dev/ros2/fishros/chapt4/chapt4_ws/install/chapt4_interfaces/share/chapt4_interfaces/srv/FaceDetector.json
[0.188s] -- Up-to-date: /home/parallels/dev/ros2/fishros/chapt4/chapt4_ws/install/chapt4_interfaces/share/chapt4_interfaces/srv/Patrol.json
[0.188s] -- Up-to-date: /home/parallels/dev/ros2/fishros/chapt4/chapt4_ws/install/chapt4_interfaces/include/chapt4_interfaces/chapt4_interfaces
[0.188s] -- Up-to-date: /home/parallels/dev/ros2/fishros/chapt4/chapt4_ws/install/chapt4_interfaces/include/chapt4_interfaces/chapt4_interfaces/msg
[0.188s] -- Up-to-date: /home/parallels/dev/ros2/fishros/chapt4/chapt4_ws/install/chapt4_interfaces/include/chapt4_interfaces/chapt4_interfaces/msg/rosidl_generator_c__visibility_control.h
[0.188s] -- Up-to-date: /home/parallels/dev/ros2/fishros/chapt4/chapt4_ws/install/chapt4_interfaces/include/chapt4_interfaces/chapt4_interfaces/srv
[0.188s] -- Up-to-date: /home/parallels/dev/ros2/fishros/chapt4/chapt4_ws/install/chapt4_interfaces/include/chapt4_interfaces/chapt4_interfaces/srv/patrol.h
[0.188s] -- Up-to-date: /home/parallels/dev/ros2/fishros/chapt4/chapt4_ws/install/chapt4_interfaces/include/chapt4_interfaces/chapt4_interfaces/srv/detail
[0.188s] -- Up-to-date: /home/parallels/dev/ros2/fishros/chapt4/chapt4_ws/install/chapt4_interfaces/include/chapt4_interfaces/chapt4_interfaces/srv/detail/face_detector__functions.h
[0.189s] -- Up-to-date: /home/parallels/dev/ros2/fishros/chapt4/chapt4_ws/install/chapt4_interfaces/include/chapt4_interfaces/chapt4_interfaces/srv/detail/face_detector__struct.h
[0.189s] -- Up-to-date: /home/parallels/dev/ros2/fishros/chapt4/chapt4_ws/install/chapt4_interfaces/include/chapt4_interfaces/chapt4_interfaces/srv/detail/patrol__functions.c
[0.189s] -- Up-to-date: /home/parallels/dev/ros2/fishros/chapt4/chapt4_ws/install/chapt4_interfaces/include/chapt4_interfaces/chapt4_interfaces/srv/detail/face_detector__type_support.c
[0.189s] -- Up-to-date: /home/parallels/dev/ros2/fishros/chapt4/chapt4_ws/install/chapt4_interfaces/include/chapt4_interfaces/chapt4_interfaces/srv/detail/face_detector__type_support.h
[0.189s] -- Up-to-date: /home/parallels/dev/ros2/fishros/chapt4/chapt4_ws/install/chapt4_interfaces/include/chapt4_interfaces/chapt4_interfaces/srv/detail/patrol__functions.h
[0.189s] -- Up-to-date: /home/parallels/dev/ros2/fishros/chapt4/chapt4_ws/install/chapt4_interfaces/include/chapt4_interfaces/chapt4_interfaces/srv/detail/face_detector__functions.c
[0.189s] -- Up-to-date: /home/parallels/dev/ros2/fishros/chapt4/chapt4_ws/install/chapt4_interfaces/include/chapt4_interfaces/chapt4_interfaces/srv/detail/patrol__type_support.h
[0.189s] -- Up-to-date: /home/parallels/dev/ros2/fishros/chapt4/chapt4_ws/install/chapt4_interfaces/include/chapt4_interfaces/chapt4_interfaces/srv/detail/patrol__struct.h
[0.189s] -- Up-to-date: /home/parallels/dev/ros2/fishros/chapt4/chapt4_ws/install/chapt4_interfaces/include/chapt4_interfaces/chapt4_interfaces/srv/detail/face_detector__description.c
[0.189s] -- Up-to-date: /home/parallels/dev/ros2/fishros/chapt4/chapt4_ws/install/chapt4_interfaces/include/chapt4_interfaces/chapt4_interfaces/srv/detail/patrol__description.c
[0.189s] -- Up-to-date: /home/parallels/dev/ros2/fishros/chapt4/chapt4_ws/install/chapt4_interfaces/include/chapt4_interfaces/chapt4_interfaces/srv/detail/patrol__type_support.c
[0.189s] -- Up-to-date: /home/parallels/dev/ros2/fishros/chapt4/chapt4_ws/install/chapt4_interfaces/include/chapt4_interfaces/chapt4_interfaces/srv/face_detector.h
[0.189s] -- Up-to-date: /home/parallels/dev/ros2/fishros/chapt4/chapt4_ws/install/chapt4_interfaces/share/chapt4_interfaces/environment/library_path.sh
[0.189s] -- Up-to-date: /home/parallels/dev/ros2/fishros/chapt4/chapt4_ws/install/chapt4_interfaces/share/chapt4_interfaces/environment/library_path.dsv
[0.189s] -- Up-to-date: /home/parallels/dev/ros2/fishros/chapt4/chapt4_ws/install/chapt4_interfaces/lib/libchapt4_interfaces__rosidl_generator_c.so
[0.189s] -- Up-to-date: /home/parallels/dev/ros2/fishros/chapt4/chapt4_ws/install/chapt4_interfaces/include/chapt4_interfaces/chapt4_interfaces
[0.189s] -- Up-to-date: /home/parallels/dev/ros2/fishros/chapt4/chapt4_ws/install/chapt4_interfaces/include/chapt4_interfaces/chapt4_interfaces/msg
[0.189s] -- Up-to-date: /home/parallels/dev/ros2/fishros/chapt4/chapt4_ws/install/chapt4_interfaces/include/chapt4_interfaces/chapt4_interfaces/msg/rosidl_typesupport_fastrtps_c__visibility_control.h
[0.189s] -- Up-to-date: /home/parallels/dev/ros2/fishros/chapt4/chapt4_ws/install/chapt4_interfaces/include/chapt4_interfaces/chapt4_interfaces/srv
[0.189s] -- Up-to-date: /home/parallels/dev/ros2/fishros/chapt4/chapt4_ws/install/chapt4_interfaces/include/chapt4_interfaces/chapt4_interfaces/srv/detail
[0.189s] -- Up-to-date: /home/parallels/dev/ros2/fishros/chapt4/chapt4_ws/install/chapt4_interfaces/include/chapt4_interfaces/chapt4_interfaces/srv/detail/patrol__rosidl_typesupport_fastrtps_c.h
[0.189s] -- Up-to-date: /home/parallels/dev/ros2/fishros/chapt4/chapt4_ws/install/chapt4_interfaces/include/chapt4_interfaces/chapt4_interfaces/srv/detail/face_detector__rosidl_typesupport_fastrtps_c.h
[0.189s] -- Up-to-date: /home/parallels/dev/ros2/fishros/chapt4/chapt4_ws/install/chapt4_interfaces/lib/libchapt4_interfaces__rosidl_typesupport_fastrtps_c.so
[0.189s] -- Up-to-date: /home/parallels/dev/ros2/fishros/chapt4/chapt4_ws/install/chapt4_interfaces/include/chapt4_interfaces/chapt4_interfaces
[0.189s] -- Up-to-date: /home/parallels/dev/ros2/fishros/chapt4/chapt4_ws/install/chapt4_interfaces/include/chapt4_interfaces/chapt4_interfaces/msg
[0.189s] -- Up-to-date: /home/parallels/dev/ros2/fishros/chapt4/chapt4_ws/install/chapt4_interfaces/include/chapt4_interfaces/chapt4_interfaces/msg/rosidl_generator_cpp__visibility_control.hpp
[0.189s] -- Up-to-date: /home/parallels/dev/ros2/fishros/chapt4/chapt4_ws/install/chapt4_interfaces/include/chapt4_interfaces/chapt4_interfaces/srv
[0.189s] -- Up-to-date: /home/parallels/dev/ros2/fishros/chapt4/chapt4_ws/install/chapt4_interfaces/include/chapt4_interfaces/chapt4_interfaces/srv/face_detector.hpp
[0.189s] -- Up-to-date: /home/parallels/dev/ros2/fishros/chapt4/chapt4_ws/install/chapt4_interfaces/include/chapt4_interfaces/chapt4_interfaces/srv/patrol.hpp
[0.189s] -- Up-to-date: /home/parallels/dev/ros2/fishros/chapt4/chapt4_ws/install/chapt4_interfaces/include/chapt4_interfaces/chapt4_interfaces/srv/detail
[0.189s] -- Up-to-date: /home/parallels/dev/ros2/fishros/chapt4/chapt4_ws/install/chapt4_interfaces/include/chapt4_interfaces/chapt4_interfaces/srv/detail/face_detector__type_support.hpp
[0.189s] -- Up-to-date: /home/parallels/dev/ros2/fishros/chapt4/chapt4_ws/install/chapt4_interfaces/include/chapt4_interfaces/chapt4_interfaces/srv/detail/patrol__type_support.hpp
[0.189s] -- Up-to-date: /home/parallels/dev/ros2/fishros/chapt4/chapt4_ws/install/chapt4_interfaces/include/chapt4_interfaces/chapt4_interfaces/srv/detail/patrol__traits.hpp
[0.189s] -- Up-to-date: /home/parallels/dev/ros2/fishros/chapt4/chapt4_ws/install/chapt4_interfaces/include/chapt4_interfaces/chapt4_interfaces/srv/detail/patrol__builder.hpp
[0.189s] -- Up-to-date: /home/parallels/dev/ros2/fishros/chapt4/chapt4_ws/install/chapt4_interfaces/include/chapt4_interfaces/chapt4_interfaces/srv/detail/patrol__struct.hpp
[0.190s] -- Up-to-date: /home/parallels/dev/ros2/fishros/chapt4/chapt4_ws/install/chapt4_interfaces/include/chapt4_interfaces/chapt4_interfaces/srv/detail/face_detector__traits.hpp
[0.190s] -- Up-to-date: /home/parallels/dev/ros2/fishros/chapt4/chapt4_ws/install/chapt4_interfaces/include/chapt4_interfaces/chapt4_interfaces/srv/detail/face_detector__struct.hpp
[0.190s] -- Up-to-date: /home/parallels/dev/ros2/fishros/chapt4/chapt4_ws/install/chapt4_interfaces/include/chapt4_interfaces/chapt4_interfaces/srv/detail/face_detector__builder.hpp
[0.191s] -- Up-to-date: /home/parallels/dev/ros2/fishros/chapt4/chapt4_ws/install/chapt4_interfaces/include/chapt4_interfaces/chapt4_interfaces
[0.191s] -- Up-to-date: /home/parallels/dev/ros2/fishros/chapt4/chapt4_ws/install/chapt4_interfaces/include/chapt4_interfaces/chapt4_interfaces/msg
[0.191s] -- Up-to-date: /home/parallels/dev/ros2/fishros/chapt4/chapt4_ws/install/chapt4_interfaces/include/chapt4_interfaces/chapt4_interfaces/msg/rosidl_typesupport_fastrtps_cpp__visibility_control.h
[0.191s] -- Up-to-date: /home/parallels/dev/ros2/fishros/chapt4/chapt4_ws/install/chapt4_interfaces/include/chapt4_interfaces/chapt4_interfaces/srv
[0.192s] -- Up-to-date: /home/parallels/dev/ros2/fishros/chapt4/chapt4_ws/install/chapt4_interfaces/include/chapt4_interfaces/chapt4_interfaces/srv/detail
[0.192s] -- Up-to-date: /home/parallels/dev/ros2/fishros/chapt4/chapt4_ws/install/chapt4_interfaces/include/chapt4_interfaces/chapt4_interfaces/srv/detail/patrol__rosidl_typesupport_fastrtps_cpp.hpp
[0.192s] -- Up-to-date: /home/parallels/dev/ros2/fishros/chapt4/chapt4_ws/install/chapt4_interfaces/include/chapt4_interfaces/chapt4_interfaces/srv/detail/dds_fastrtps
[0.192s] -- Up-to-date: /home/parallels/dev/ros2/fishros/chapt4/chapt4_ws/install/chapt4_interfaces/include/chapt4_interfaces/chapt4_interfaces/srv/detail/face_detector__rosidl_typesupport_fastrtps_cpp.hpp
[0.192s] -- Up-to-date: /home/parallels/dev/ros2/fishros/chapt4/chapt4_ws/install/chapt4_interfaces/lib/libchapt4_interfaces__rosidl_typesupport_fastrtps_cpp.so
[0.192s] -- Up-to-date: /home/parallels/dev/ros2/fishros/chapt4/chapt4_ws/install/chapt4_interfaces/include/chapt4_interfaces/chapt4_interfaces
[0.192s] -- Up-to-date: /home/parallels/dev/ros2/fishros/chapt4/chapt4_ws/install/chapt4_interfaces/include/chapt4_interfaces/chapt4_interfaces/msg
[0.192s] -- Up-to-date: /home/parallels/dev/ros2/fishros/chapt4/chapt4_ws/install/chapt4_interfaces/include/chapt4_interfaces/chapt4_interfaces/msg/rosidl_typesupport_introspection_c__visibility_control.h
[0.192s] -- Up-to-date: /home/parallels/dev/ros2/fishros/chapt4/chapt4_ws/install/chapt4_interfaces/include/chapt4_interfaces/chapt4_interfaces/srv
[0.192s] -- Up-to-date: /home/parallels/dev/ros2/fishros/chapt4/chapt4_ws/install/chapt4_interfaces/include/chapt4_interfaces/chapt4_interfaces/srv/detail
[0.192s] -- Up-to-date: /home/parallels/dev/ros2/fishros/chapt4/chapt4_ws/install/chapt4_interfaces/include/chapt4_interfaces/chapt4_interfaces/srv/detail/face_detector__rosidl_typesupport_introspection_c.h
[0.192s] -- Up-to-date: /home/parallels/dev/ros2/fishros/chapt4/chapt4_ws/install/chapt4_interfaces/include/chapt4_interfaces/chapt4_interfaces/srv/detail/face_detector__type_support.c
[0.192s] -- Up-to-date: /home/parallels/dev/ros2/fishros/chapt4/chapt4_ws/install/chapt4_interfaces/include/chapt4_interfaces/chapt4_interfaces/srv/detail/patrol__type_support.c
[0.192s] -- Up-to-date: /home/parallels/dev/ros2/fishros/chapt4/chapt4_ws/install/chapt4_interfaces/include/chapt4_interfaces/chapt4_interfaces/srv/detail/patrol__rosidl_typesupport_introspection_c.h
[0.192s] -- Up-to-date: /home/parallels/dev/ros2/fishros/chapt4/chapt4_ws/install/chapt4_interfaces/lib/libchapt4_interfaces__rosidl_typesupport_introspection_c.so
[0.192s] -- Up-to-date: /home/parallels/dev/ros2/fishros/chapt4/chapt4_ws/install/chapt4_interfaces/lib/libchapt4_interfaces__rosidl_typesupport_c.so
[0.192s] -- Up-to-date: /home/parallels/dev/ros2/fishros/chapt4/chapt4_ws/install/chapt4_interfaces/include/chapt4_interfaces/chapt4_interfaces
[0.192s] -- Up-to-date: /home/parallels/dev/ros2/fishros/chapt4/chapt4_ws/install/chapt4_interfaces/include/chapt4_interfaces/chapt4_interfaces/srv
[0.192s] -- Up-to-date: /home/parallels/dev/ros2/fishros/chapt4/chapt4_ws/install/chapt4_interfaces/include/chapt4_interfaces/chapt4_interfaces/srv/detail
[0.192s] -- Up-to-date: /home/parallels/dev/ros2/fishros/chapt4/chapt4_ws/install/chapt4_interfaces/include/chapt4_interfaces/chapt4_interfaces/srv/detail/face_detector__rosidl_typesupport_introspection_cpp.hpp
[0.192s] -- Up-to-date: /home/parallels/dev/ros2/fishros/chapt4/chapt4_ws/install/chapt4_interfaces/include/chapt4_interfaces/chapt4_interfaces/srv/detail/face_detector__type_support.cpp
[0.192s] -- Up-to-date: /home/parallels/dev/ros2/fishros/chapt4/chapt4_ws/install/chapt4_interfaces/include/chapt4_interfaces/chapt4_interfaces/srv/detail/patrol__rosidl_typesupport_introspection_cpp.hpp
[0.192s] -- Up-to-date: /home/parallels/dev/ros2/fishros/chapt4/chapt4_ws/install/chapt4_interfaces/include/chapt4_interfaces/chapt4_interfaces/srv/detail/patrol__type_support.cpp
[0.192s] -- Up-to-date: /home/parallels/dev/ros2/fishros/chapt4/chapt4_ws/install/chapt4_interfaces/lib/libchapt4_interfaces__rosidl_typesupport_introspection_cpp.so
[0.192s] -- Up-to-date: /home/parallels/dev/ros2/fishros/chapt4/chapt4_ws/install/chapt4_interfaces/lib/libchapt4_interfaces__rosidl_typesupport_cpp.so
[0.192s] -- Up-to-date: /home/parallels/dev/ros2/fishros/chapt4/chapt4_ws/install/chapt4_interfaces/share/chapt4_interfaces/environment/pythonpath.sh
[0.192s] -- Up-to-date: /home/parallels/dev/ros2/fishros/chapt4/chapt4_ws/install/chapt4_interfaces/share/chapt4_interfaces/environment/pythonpath.dsv
[0.192s] -- Up-to-date: /home/parallels/dev/ros2/fishros/chapt4/chapt4_ws/install/chapt4_interfaces/lib/python3.12/site-packages/chapt4_interfaces-0.0.0-py3.12.egg-info
[0.192s] -- Installing: /home/parallels/dev/ros2/fishros/chapt4/chapt4_ws/install/chapt4_interfaces/lib/python3.12/site-packages/chapt4_interfaces-0.0.0-py3.12.egg-info/dependency_links.txt
[0.192s] -- Installing: /home/parallels/dev/ros2/fishros/chapt4/chapt4_ws/install/chapt4_interfaces/lib/python3.12/site-packages/chapt4_interfaces-0.0.0-py3.12.egg-info/PKG-INFO
[0.192s] -- Installing: /home/parallels/dev/ros2/fishros/chapt4/chapt4_ws/install/chapt4_interfaces/lib/python3.12/site-packages/chapt4_interfaces-0.0.0-py3.12.egg-info/SOURCES.txt
[0.192s] -- Installing: /home/parallels/dev/ros2/fishros/chapt4/chapt4_ws/install/chapt4_interfaces/lib/python3.12/site-packages/chapt4_interfaces-0.0.0-py3.12.egg-info/top_level.txt
[0.192s] -- Up-to-date: /home/parallels/dev/ros2/fishros/chapt4/chapt4_ws/install/chapt4_interfaces/lib/python3.12/site-packages/chapt4_interfaces
[0.192s] -- Up-to-date: /home/parallels/dev/ros2/fishros/chapt4/chapt4_ws/install/chapt4_interfaces/lib/python3.12/site-packages/chapt4_interfaces/_chapt4_interfaces_s.ep.rosidl_typesupport_fastrtps_c.c
[0.192s] -- Up-to-date: /home/parallels/dev/ros2/fishros/chapt4/chapt4_ws/install/chapt4_interfaces/lib/python3.12/site-packages/chapt4_interfaces/_chapt4_interfaces_s.ep.rosidl_typesupport_introspection_c.c
[0.192s] -- Up-to-date: /home/parallels/dev/ros2/fishros/chapt4/chapt4_ws/install/chapt4_interfaces/lib/python3.12/site-packages/chapt4_interfaces/chapt4_interfaces_s__rosidl_typesupport_fastrtps_c.so
[0.192s] -- Up-to-date: /home/parallels/dev/ros2/fishros/chapt4/chapt4_ws/install/chapt4_interfaces/lib/python3.12/site-packages/chapt4_interfaces/chapt4_interfaces_s__rosidl_typesupport_c.so
[0.192s] -- Up-to-date: /home/parallels/dev/ros2/fishros/chapt4/chapt4_ws/install/chapt4_interfaces/lib/python3.12/site-packages/chapt4_interfaces/_chapt4_interfaces_s.ep.rosidl_typesupport_c.c
[0.192s] -- Up-to-date: /home/parallels/dev/ros2/fishros/chapt4/chapt4_ws/install/chapt4_interfaces/lib/python3.12/site-packages/chapt4_interfaces/__init__.py
[0.192s] -- Up-to-date: /home/parallels/dev/ros2/fishros/chapt4/chapt4_ws/install/chapt4_interfaces/lib/python3.12/site-packages/chapt4_interfaces/srv
[0.192s] -- Up-to-date: /home/parallels/dev/ros2/fishros/chapt4/chapt4_ws/install/chapt4_interfaces/lib/python3.12/site-packages/chapt4_interfaces/srv/_face_detector.py
[0.192s] -- Up-to-date: /home/parallels/dev/ros2/fishros/chapt4/chapt4_ws/install/chapt4_interfaces/lib/python3.12/site-packages/chapt4_interfaces/srv/_patrol_s.c
[0.193s] -- Up-to-date: /home/parallels/dev/ros2/fishros/chapt4/chapt4_ws/install/chapt4_interfaces/lib/python3.12/site-packages/chapt4_interfaces/srv/__init__.py
[0.193s] -- Up-to-date: /home/parallels/dev/ros2/fishros/chapt4/chapt4_ws/install/chapt4_interfaces/lib/python3.12/site-packages/chapt4_interfaces/srv/_patrol.py
[0.193s] -- Up-to-date: /home/parallels/dev/ros2/fishros/chapt4/chapt4_ws/install/chapt4_interfaces/lib/python3.12/site-packages/chapt4_interfaces/srv/_face_detector_s.c
[0.193s] -- Up-to-date: /home/parallels/dev/ros2/fishros/chapt4/chapt4_ws/install/chapt4_interfaces/lib/python3.12/site-packages/chapt4_interfaces/chapt4_interfaces_s__rosidl_typesupport_introspection_c.so
[0.206s] Listing '/home/parallels/dev/ros2/fishros/chapt4/chapt4_ws/install/chapt4_interfaces/lib/python3.12/site-packages/chapt4_interfaces'...
[0.206s] Listing '/home/parallels/dev/ros2/fishros/chapt4/chapt4_ws/install/chapt4_interfaces/lib/python3.12/site-packages/chapt4_interfaces/srv'...
[0.211s] -- Up-to-date: /home/parallels/dev/ros2/fishros/chapt4/chapt4_ws/install/chapt4_interfaces/lib/python3.12/site-packages/chapt4_interfaces/chapt4_interfaces_s__rosidl_typesupport_fastrtps_c.so
[0.211s] -- Up-to-date: /home/parallels/dev/ros2/fishros/chapt4/chapt4_ws/install/chapt4_interfaces/lib/python3.12/site-packages/chapt4_interfaces/chapt4_interfaces_s__rosidl_typesupport_introspection_c.so
[0.211s] -- Up-to-date: /home/parallels/dev/ros2/fishros/chapt4/chapt4_ws/install/chapt4_interfaces/lib/python3.12/site-packages/chapt4_interfaces/chapt4_interfaces_s__rosidl_typesupport_c.so
[0.211s] -- Up-to-date: /home/parallels/dev/ros2/fishros/chapt4/chapt4_ws/install/chapt4_interfaces/lib/libchapt4_interfaces__rosidl_generator_py.so
[0.211s] -- Up-to-date: /home/parallels/dev/ros2/fishros/chapt4/chapt4_ws/install/chapt4_interfaces/share/chapt4_interfaces/srv/FaceDetector.idl
[0.211s] -- Up-to-date: /home/parallels/dev/ros2/fishros/chapt4/chapt4_ws/install/chapt4_interfaces/share/chapt4_interfaces/srv/Patrol.idl
[0.211s] -- Up-to-date: /home/parallels/dev/ros2/fishros/chapt4/chapt4_ws/install/chapt4_interfaces/share/chapt4_interfaces/srv/FaceDetector.srv
[0.211s] -- Up-to-date: /home/parallels/dev/ros2/fishros/chapt4/chapt4_ws/install/chapt4_interfaces/share/chapt4_interfaces/srv/Patrol.srv
[0.211s] -- Up-to-date: /home/parallels/dev/ros2/fishros/chapt4/chapt4_ws/install/chapt4_interfaces/share/ament_index/resource_index/package_run_dependencies/chapt4_interfaces
[0.211s] -- Up-to-date: /home/parallels/dev/ros2/fishros/chapt4/chapt4_ws/install/chapt4_interfaces/share/ament_index/resource_index/parent_prefix_path/chapt4_interfaces
[0.212s] -- Up-to-date: /home/parallels/dev/ros2/fishros/chapt4/chapt4_ws/install/chapt4_interfaces/share/chapt4_interfaces/environment/ament_prefix_path.sh
[0.212s] -- Up-to-date: /home/parallels/dev/ros2/fishros/chapt4/chapt4_ws/install/chapt4_interfaces/share/chapt4_interfaces/environment/ament_prefix_path.dsv
[0.212s] -- Up-to-date: /home/parallels/dev/ros2/fishros/chapt4/chapt4_ws/install/chapt4_interfaces/share/chapt4_interfaces/environment/path.sh
[0.212s] -- Up-to-date: /home/parallels/dev/ros2/fishros/chapt4/chapt4_ws/install/chapt4_interfaces/share/chapt4_interfaces/environment/path.dsv
[0.212s] -- Up-to-date: /home/parallels/dev/ros2/fishros/chapt4/chapt4_ws/install/chapt4_interfaces/share/chapt4_interfaces/local_setup.bash
[0.212s] -- Up-to-date: /home/parallels/dev/ros2/fishros/chapt4/chapt4_ws/install/chapt4_interfaces/share/chapt4_interfaces/local_setup.sh
[0.212s] -- Up-to-date: /home/parallels/dev/ros2/fishros/chapt4/chapt4_ws/install/chapt4_interfaces/share/chapt4_interfaces/local_setup.zsh
[0.212s] -- Up-to-date: /home/parallels/dev/ros2/fishros/chapt4/chapt4_ws/install/chapt4_interfaces/share/chapt4_interfaces/local_setup.dsv
[0.212s] -- Installing: /home/parallels/dev/ros2/fishros/chapt4/chapt4_ws/install/chapt4_interfaces/share/chapt4_interfaces/package.dsv
[0.212s] -- Up-to-date: /home/parallels/dev/ros2/fishros/chapt4/chapt4_ws/install/chapt4_interfaces/share/ament_index/resource_index/packages/chapt4_interfaces
[0.213s] -- Up-to-date: /home/parallels/dev/ros2/fishros/chapt4/chapt4_ws/install/chapt4_interfaces/share/chapt4_interfaces/cmake/export_chapt4_interfaces__rosidl_generator_cExport.cmake
[0.214s] -- Up-to-date: /home/parallels/dev/ros2/fishros/chapt4/chapt4_ws/install/chapt4_interfaces/share/chapt4_interfaces/cmake/export_chapt4_interfaces__rosidl_generator_cExport-noconfig.cmake
[0.214s] -- Up-to-date: /home/parallels/dev/ros2/fishros/chapt4/chapt4_ws/install/chapt4_interfaces/share/chapt4_interfaces/cmake/export_chapt4_interfaces__rosidl_typesupport_fastrtps_cExport.cmake
[0.214s] -- Up-to-date: /home/parallels/dev/ros2/fishros/chapt4/chapt4_ws/install/chapt4_interfaces/share/chapt4_interfaces/cmake/export_chapt4_interfaces__rosidl_typesupport_fastrtps_cExport-noconfig.cmake
[0.214s] -- Up-to-date: /home/parallels/dev/ros2/fishros/chapt4/chapt4_ws/install/chapt4_interfaces/share/chapt4_interfaces/cmake/export_chapt4_interfaces__rosidl_generator_cppExport.cmake
[0.214s] -- Up-to-date: /home/parallels/dev/ros2/fishros/chapt4/chapt4_ws/install/chapt4_interfaces/share/chapt4_interfaces/cmake/export_chapt4_interfaces__rosidl_typesupport_fastrtps_cppExport.cmake
[0.214s] -- Up-to-date: /home/parallels/dev/ros2/fishros/chapt4/chapt4_ws/install/chapt4_interfaces/share/chapt4_interfaces/cmake/export_chapt4_interfaces__rosidl_typesupport_fastrtps_cppExport-noconfig.cmake
[0.214s] -- Up-to-date: /home/parallels/dev/ros2/fishros/chapt4/chapt4_ws/install/chapt4_interfaces/share/chapt4_interfaces/cmake/chapt4_interfaces__rosidl_typesupport_introspection_cExport.cmake
[0.214s] -- Up-to-date: /home/parallels/dev/ros2/fishros/chapt4/chapt4_ws/install/chapt4_interfaces/share/chapt4_interfaces/cmake/chapt4_interfaces__rosidl_typesupport_introspection_cExport-noconfig.cmake
[0.214s] -- Up-to-date: /home/parallels/dev/ros2/fishros/chapt4/chapt4_ws/install/chapt4_interfaces/share/chapt4_interfaces/cmake/chapt4_interfaces__rosidl_typesupport_cExport.cmake
[0.214s] -- Up-to-date: /home/parallels/dev/ros2/fishros/chapt4/chapt4_ws/install/chapt4_interfaces/share/chapt4_interfaces/cmake/chapt4_interfaces__rosidl_typesupport_cExport-noconfig.cmake
[0.214s] -- Up-to-date: /home/parallels/dev/ros2/fishros/chapt4/chapt4_ws/install/chapt4_interfaces/share/chapt4_interfaces/cmake/chapt4_interfaces__rosidl_typesupport_introspection_cppExport.cmake
[0.214s] -- Up-to-date: /home/parallels/dev/ros2/fishros/chapt4/chapt4_ws/install/chapt4_interfaces/share/chapt4_interfaces/cmake/chapt4_interfaces__rosidl_typesupport_introspection_cppExport-noconfig.cmake
[0.214s] -- Up-to-date: /home/parallels/dev/ros2/fishros/chapt4/chapt4_ws/install/chapt4_interfaces/share/chapt4_interfaces/cmake/chapt4_interfaces__rosidl_typesupport_cppExport.cmake
[0.214s] -- Up-to-date: /home/parallels/dev/ros2/fishros/chapt4/chapt4_ws/install/chapt4_interfaces/share/chapt4_interfaces/cmake/chapt4_interfaces__rosidl_typesupport_cppExport-noconfig.cmake
[0.214s] -- Up-to-date: /home/parallels/dev/ros2/fishros/chapt4/chapt4_ws/install/chapt4_interfaces/share/chapt4_interfaces/cmake/export_chapt4_interfaces__rosidl_generator_pyExport.cmake
[0.214s] -- Up-to-date: /home/parallels/dev/ros2/fishros/chapt4/chapt4_ws/install/chapt4_interfaces/share/chapt4_interfaces/cmake/export_chapt4_interfaces__rosidl_generator_pyExport-noconfig.cmake
[0.214s] -- Up-to-date: /home/parallels/dev/ros2/fishros/chapt4/chapt4_ws/install/chapt4_interfaces/share/chapt4_interfaces/cmake/rosidl_cmake-extras.cmake
[0.214s] -- Up-to-date: /home/parallels/dev/ros2/fishros/chapt4/chapt4_ws/install/chapt4_interfaces/share/chapt4_interfaces/cmake/ament_cmake_export_dependencies-extras.cmake
[0.214s] -- Up-to-date: /home/parallels/dev/ros2/fishros/chapt4/chapt4_ws/install/chapt4_interfaces/share/chapt4_interfaces/cmake/ament_cmake_export_include_directories-extras.cmake
[0.214s] -- Up-to-date: /home/parallels/dev/ros2/fishros/chapt4/chapt4_ws/install/chapt4_interfaces/share/chapt4_interfaces/cmake/ament_cmake_export_libraries-extras.cmake
[0.214s] -- Up-to-date: /home/parallels/dev/ros2/fishros/chapt4/chapt4_ws/install/chapt4_interfaces/share/chapt4_interfaces/cmake/ament_cmake_export_targets-extras.cmake
[0.214s] -- Up-to-date: /home/parallels/dev/ros2/fishros/chapt4/chapt4_ws/install/chapt4_interfaces/share/chapt4_interfaces/cmake/rosidl_cmake_export_typesupport_targets-extras.cmake
[0.214s] -- Up-to-date: /home/parallels/dev/ros2/fishros/chapt4/chapt4_ws/install/chapt4_interfaces/share/chapt4_interfaces/cmake/rosidl_cmake_export_typesupport_libraries-extras.cmake
[0.214s] -- Up-to-date: /home/parallels/dev/ros2/fishros/chapt4/chapt4_ws/install/chapt4_interfaces/share/chapt4_interfaces/cmake/chapt4_interfacesConfig.cmake
[0.214s] -- Up-to-date: /home/parallels/dev/ros2/fishros/chapt4/chapt4_ws/install/chapt4_interfaces/share/chapt4_interfaces/cmake/chapt4_interfacesConfig-version.cmake
[0.214s] -- Up-to-date: /home/parallels/dev/ros2/fishros/chapt4/chapt4_ws/install/chapt4_interfaces/share/chapt4_interfaces/package.xml
[0.216s] Invoked command in '/home/parallels/dev/ros2/fishros/chapt4/chapt4_ws/build/chapt4_interfaces' returned '0': CMAKE_PREFIX_PATH=${CMAKE_PREFIX_PATH}:/opt/ros/jazzy DEBUGINFOD_URLS=https://debuginfod.ubuntu.com /usr/bin/cmake --install /home/parallels/dev/ros2/fishros/chapt4/chapt4_ws/build/chapt4_interfaces
