[0.472s] Invoking command in '/home/parallels/dev/ros2/fishros/chapt2/chapt2_ws/src/demo_python_pkg': DEBUGINFOD_URLS=https://debuginfod.ubuntu.com PYTHONPATH=/home/parallels/dev/ros2/fishros/chapt2/chapt2_ws/build/demo_python_pkg/prefix_override:/usr/lib/python3/dist-packages/colcon_core/task/python/colcon_distutils_commands:/home/parallels/dev/ros2/fishros/chapt2/chapt2_ws/install/demo_python_pkg/lib/python3.12/site-packages:${PYTHONPATH} /usr/bin/python3 -W ignore:setup.py install is deprecated -W ignore:easy_install command is deprecated setup.py egg_info --egg-base ../../build/demo_python_pkg build --build-base /home/parallels/dev/ros2/fishros/chapt2/chapt2_ws/build/demo_python_pkg/build install --record /home/parallels/dev/ros2/fishros/chapt2/chapt2_ws/build/demo_python_pkg/install.log --single-version-externally-managed install_data
[0.593s] running egg_info
[0.600s] writing ../../build/demo_python_pkg/demo_python_pkg.egg-info/PKG-INFO
[0.600s] writing dependency_links to ../../build/demo_python_pkg/demo_python_pkg.egg-info/dependency_links.txt
[0.600s] writing entry points to ../../build/demo_python_pkg/demo_python_pkg.egg-info/entry_points.txt
[0.600s] writing requirements to ../../build/demo_python_pkg/demo_python_pkg.egg-info/requires.txt
[0.601s] writing top-level names to ../../build/demo_python_pkg/demo_python_pkg.egg-info/top_level.txt
[0.614s] reading manifest file '../../build/demo_python_pkg/demo_python_pkg.egg-info/SOURCES.txt'
[0.617s] adding license file 'LICENSE'
[0.617s] writing manifest file '../../build/demo_python_pkg/demo_python_pkg.egg-info/SOURCES.txt'
[0.617s] running build
[0.617s] running build_py
[0.617s] running install
[0.618s] running install_lib
[0.624s] running install_data
[0.625s] running install_egg_info
[0.632s] removing '/home/parallels/dev/ros2/fishros/chapt2/chapt2_ws/install/demo_python_pkg/lib/python3.12/site-packages/demo_python_pkg-0.0.0-py3.12.egg-info' (and everything under it)
[0.632s] Copying ../../build/demo_python_pkg/demo_python_pkg.egg-info to /home/parallels/dev/ros2/fishros/chapt2/chapt2_ws/install/demo_python_pkg/lib/python3.12/site-packages/demo_python_pkg-0.0.0-py3.12.egg-info
[0.632s] running install_scripts
[0.693s] Installing person_node script to /home/parallels/dev/ros2/fishros/chapt2/chapt2_ws/install/demo_python_pkg/lib/demo_python_pkg
[0.693s] Installing python_node script to /home/parallels/dev/ros2/fishros/chapt2/chapt2_ws/install/demo_python_pkg/lib/demo_python_pkg
[0.693s] writing list of installed files to '/home/parallels/dev/ros2/fishros/chapt2/chapt2_ws/build/demo_python_pkg/install.log'
