[0.007s] Invoking command in '/home/parallels/dev/ros2/fishros/chapt3/topic_practice_ws/build/status_display': AMENT_PREFIX_PATH=/home/parallels/dev/ros2/fishros/chapt3/topic_practice_ws/install/status_interfaces:${AMENT_PREFIX_PATH} CMAKE_PREFIX_PATH=/home/parallels/dev/ros2/fishros/chapt3/topic_practice_ws/install/status_interfaces:/opt/ros/jazzy/opt/gz_math_vendor:/opt/ros/jazzy/opt/gz_utils_vendor:/opt/ros/jazzy/opt/gz_cmake_vendor:/opt/ros/jazzy DEBUGINFOD_URLS=https://debuginfod.ubuntu.com LD_LIBRARY_PATH=/home/parallels/dev/ros2/fishros/chapt3/topic_practice_ws/install/status_interfaces/lib:${LD_LIBRARY_PATH} PYTHONPATH=/home/parallels/dev/ros2/fishros/chapt3/topic_practice_ws/install/status_interfaces/lib/python3.12/site-packages:${PYTHONPATH} /usr/bin/cmake --build /home/parallels/dev/ros2/fishros/chapt3/topic_practice_ws/build/status_display -- -j2 -l2
[0.112s] [ 50%] Built target hello_qt
[0.151s] [ 75%] [32mBuilding CXX object CMakeFiles/sys_status_display.dir/src/sys_status_display.cpp.o[0m
[5.515s] [100%] [32m[1mLinking CXX executable sys_status_display[0m
[5.927s] [100%] Built target sys_status_display
[5.958s] Invoked command in '/home/parallels/dev/ros2/fishros/chapt3/topic_practice_ws/build/status_display' returned '0': AMENT_PREFIX_PATH=/home/parallels/dev/ros2/fishros/chapt3/topic_practice_ws/install/status_interfaces:${AMENT_PREFIX_PATH} CMAKE_PREFIX_PATH=/home/parallels/dev/ros2/fishros/chapt3/topic_practice_ws/install/status_interfaces:/opt/ros/jazzy/opt/gz_math_vendor:/opt/ros/jazzy/opt/gz_utils_vendor:/opt/ros/jazzy/opt/gz_cmake_vendor:/opt/ros/jazzy DEBUGINFOD_URLS=https://debuginfod.ubuntu.com LD_LIBRARY_PATH=/home/parallels/dev/ros2/fishros/chapt3/topic_practice_ws/install/status_interfaces/lib:${LD_LIBRARY_PATH} PYTHONPATH=/home/parallels/dev/ros2/fishros/chapt3/topic_practice_ws/install/status_interfaces/lib/python3.12/site-packages:${PYTHONPATH} /usr/bin/cmake --build /home/parallels/dev/ros2/fishros/chapt3/topic_practice_ws/build/status_display -- -j2 -l2
[5.982s] Invoking command in '/home/parallels/dev/ros2/fishros/chapt3/topic_practice_ws/build/status_display': AMENT_PREFIX_PATH=/home/parallels/dev/ros2/fishros/chapt3/topic_practice_ws/install/status_interfaces:${AMENT_PREFIX_PATH} CMAKE_PREFIX_PATH=/home/parallels/dev/ros2/fishros/chapt3/topic_practice_ws/install/status_interfaces:/opt/ros/jazzy/opt/gz_math_vendor:/opt/ros/jazzy/opt/gz_utils_vendor:/opt/ros/jazzy/opt/gz_cmake_vendor:/opt/ros/jazzy DEBUGINFOD_URLS=https://debuginfod.ubuntu.com LD_LIBRARY_PATH=/home/parallels/dev/ros2/fishros/chapt3/topic_practice_ws/install/status_interfaces/lib:${LD_LIBRARY_PATH} PYTHONPATH=/home/parallels/dev/ros2/fishros/chapt3/topic_practice_ws/install/status_interfaces/lib/python3.12/site-packages:${PYTHONPATH} /usr/bin/cmake --install /home/parallels/dev/ros2/fishros/chapt3/topic_practice_ws/build/status_display
[5.983s] -- Install configuration: ""
[5.984s] -- Up-to-date: /home/parallels/dev/ros2/fishros/chapt3/topic_practice_ws/install/status_display/lib/status_display/hello_qt
[5.985s] -- Installing: /home/parallels/dev/ros2/fishros/chapt3/topic_practice_ws/install/status_display/lib/status_display/sys_status_display
[5.987s] -- Set non-toolchain portion of runtime path of "/home/parallels/dev/ros2/fishros/chapt3/topic_practice_ws/install/status_display/lib/status_display/sys_status_display" to ""
[5.987s] -- Up-to-date: /home/parallels/dev/ros2/fishros/chapt3/topic_practice_ws/install/status_display/share/ament_index/resource_index/package_run_dependencies/status_display
[5.988s] -- Up-to-date: /home/parallels/dev/ros2/fishros/chapt3/topic_practice_ws/install/status_display/share/ament_index/resource_index/parent_prefix_path/status_display
[5.988s] -- Up-to-date: /home/parallels/dev/ros2/fishros/chapt3/topic_practice_ws/install/status_display/share/status_display/environment/ament_prefix_path.sh
[5.988s] -- Up-to-date: /home/parallels/dev/ros2/fishros/chapt3/topic_practice_ws/install/status_display/share/status_display/environment/ament_prefix_path.dsv
[5.989s] -- Up-to-date: /home/parallels/dev/ros2/fishros/chapt3/topic_practice_ws/install/status_display/share/status_display/environment/path.sh
[5.989s] -- Up-to-date: /home/parallels/dev/ros2/fishros/chapt3/topic_practice_ws/install/status_display/share/status_display/environment/path.dsv
[5.989s] -- Up-to-date: /home/parallels/dev/ros2/fishros/chapt3/topic_practice_ws/install/status_display/share/status_display/local_setup.bash
[5.989s] -- Up-to-date: /home/parallels/dev/ros2/fishros/chapt3/topic_practice_ws/install/status_display/share/status_display/local_setup.sh
[5.989s] -- Up-to-date: /home/parallels/dev/ros2/fishros/chapt3/topic_practice_ws/install/status_display/share/status_display/local_setup.zsh
[5.989s] -- Up-to-date: /home/parallels/dev/ros2/fishros/chapt3/topic_practice_ws/install/status_display/share/status_display/local_setup.dsv
[5.989s] -- Installing: /home/parallels/dev/ros2/fishros/chapt3/topic_practice_ws/install/status_display/share/status_display/package.dsv
[5.989s] -- Up-to-date: /home/parallels/dev/ros2/fishros/chapt3/topic_practice_ws/install/status_display/share/ament_index/resource_index/packages/status_display
[5.989s] -- Up-to-date: /home/parallels/dev/ros2/fishros/chapt3/topic_practice_ws/install/status_display/share/status_display/cmake/status_displayConfig.cmake
[5.989s] -- Up-to-date: /home/parallels/dev/ros2/fishros/chapt3/topic_practice_ws/install/status_display/share/status_display/cmake/status_displayConfig-version.cmake
[5.989s] -- Up-to-date: /home/parallels/dev/ros2/fishros/chapt3/topic_practice_ws/install/status_display/share/status_display/package.xml
[5.992s] Invoked command in '/home/parallels/dev/ros2/fishros/chapt3/topic_practice_ws/build/status_display' returned '0': AMENT_PREFIX_PATH=/home/parallels/dev/ros2/fishros/chapt3/topic_practice_ws/install/status_interfaces:${AMENT_PREFIX_PATH} CMAKE_PREFIX_PATH=/home/parallels/dev/ros2/fishros/chapt3/topic_practice_ws/install/status_interfaces:/opt/ros/jazzy/opt/gz_math_vendor:/opt/ros/jazzy/opt/gz_utils_vendor:/opt/ros/jazzy/opt/gz_cmake_vendor:/opt/ros/jazzy DEBUGINFOD_URLS=https://debuginfod.ubuntu.com LD_LIBRARY_PATH=/home/parallels/dev/ros2/fishros/chapt3/topic_practice_ws/install/status_interfaces/lib:${LD_LIBRARY_PATH} PYTHONPATH=/home/parallels/dev/ros2/fishros/chapt3/topic_practice_ws/install/status_interfaces/lib/python3.12/site-packages:${PYTHONPATH} /usr/bin/cmake --install /home/parallels/dev/ros2/fishros/chapt3/topic_practice_ws/build/status_display
