[0.004s] Invoking command in '/home/parallels/dev/ros2/fishros/chapt4/chapt4_ws/build/demo_cpp_service': AMENT_PREFIX_PATH=/home/parallels/dev/ros2/fishros/chapt4/chapt4_ws/install/chapt4_interfaces:${AMENT_PREFIX_PATH} CMAKE_PREFIX_PATH=/home/parallels/dev/ros2/fishros/chapt4/chapt4_ws/install/chapt4_interfaces:/opt/ros/jazzy/opt/gz_math_vendor:/opt/ros/jazzy/opt/gz_utils_vendor:/opt/ros/jazzy/opt/gz_cmake_vendor:/opt/ros/jazzy DEBUGINFOD_URLS=https://debuginfod.ubuntu.com LD_LIBRARY_PATH=/home/parallels/dev/ros2/fishros/chapt4/chapt4_ws/install/chapt4_interfaces/lib:${LD_LIBRARY_PATH} PYTHONPATH=/home/parallels/dev/ros2/fishros/chapt4/chapt4_ws/install/chapt4_interfaces/lib/python3.12/site-packages:${PYTHONPATH} /usr/bin/cmake --build /home/parallels/dev/ros2/fishros/chapt4/chapt4_ws/build/demo_cpp_service -- -j4 -l4
[0.036s] [ 50%] Built target turtle_control
[0.038s] [100%] Built target patrol_client
[0.043s] Invoked command in '/home/parallels/dev/ros2/fishros/chapt4/chapt4_ws/build/demo_cpp_service' returned '0': AMENT_PREFIX_PATH=/home/parallels/dev/ros2/fishros/chapt4/chapt4_ws/install/chapt4_interfaces:${AMENT_PREFIX_PATH} CMAKE_PREFIX_PATH=/home/parallels/dev/ros2/fishros/chapt4/chapt4_ws/install/chapt4_interfaces:/opt/ros/jazzy/opt/gz_math_vendor:/opt/ros/jazzy/opt/gz_utils_vendor:/opt/ros/jazzy/opt/gz_cmake_vendor:/opt/ros/jazzy DEBUGINFOD_URLS=https://debuginfod.ubuntu.com LD_LIBRARY_PATH=/home/parallels/dev/ros2/fishros/chapt4/chapt4_ws/install/chapt4_interfaces/lib:${LD_LIBRARY_PATH} PYTHONPATH=/home/parallels/dev/ros2/fishros/chapt4/chapt4_ws/install/chapt4_interfaces/lib/python3.12/site-packages:${PYTHONPATH} /usr/bin/cmake --build /home/parallels/dev/ros2/fishros/chapt4/chapt4_ws/build/demo_cpp_service -- -j4 -l4
[0.044s] Invoking command in '/home/parallels/dev/ros2/fishros/chapt4/chapt4_ws/build/demo_cpp_service': AMENT_PREFIX_PATH=/home/parallels/dev/ros2/fishros/chapt4/chapt4_ws/install/chapt4_interfaces:${AMENT_PREFIX_PATH} CMAKE_PREFIX_PATH=/home/parallels/dev/ros2/fishros/chapt4/chapt4_ws/install/chapt4_interfaces:/opt/ros/jazzy/opt/gz_math_vendor:/opt/ros/jazzy/opt/gz_utils_vendor:/opt/ros/jazzy/opt/gz_cmake_vendor:/opt/ros/jazzy DEBUGINFOD_URLS=https://debuginfod.ubuntu.com LD_LIBRARY_PATH=/home/parallels/dev/ros2/fishros/chapt4/chapt4_ws/install/chapt4_interfaces/lib:${LD_LIBRARY_PATH} PYTHONPATH=/home/parallels/dev/ros2/fishros/chapt4/chapt4_ws/install/chapt4_interfaces/lib/python3.12/site-packages:${PYTHONPATH} /usr/bin/cmake --install /home/parallels/dev/ros2/fishros/chapt4/chapt4_ws/build/demo_cpp_service
[0.047s] -- Install configuration: ""
[0.047s] -- Up-to-date: /home/parallels/dev/ros2/fishros/chapt4/chapt4_ws/install/demo_cpp_service/lib/demo_cpp_service/turtle_control
[0.047s] -- Up-to-date: /home/parallels/dev/ros2/fishros/chapt4/chapt4_ws/install/demo_cpp_service/lib/demo_cpp_service/patrol_client
[0.047s] -- Up-to-date: /home/parallels/dev/ros2/fishros/chapt4/chapt4_ws/install/demo_cpp_service/share/ament_index/resource_index/package_run_dependencies/demo_cpp_service
[0.047s] -- Up-to-date: /home/parallels/dev/ros2/fishros/chapt4/chapt4_ws/install/demo_cpp_service/share/ament_index/resource_index/parent_prefix_path/demo_cpp_service
[0.047s] -- Up-to-date: /home/parallels/dev/ros2/fishros/chapt4/chapt4_ws/install/demo_cpp_service/share/demo_cpp_service/environment/ament_prefix_path.sh
[0.047s] -- Up-to-date: /home/parallels/dev/ros2/fishros/chapt4/chapt4_ws/install/demo_cpp_service/share/demo_cpp_service/environment/ament_prefix_path.dsv
[0.047s] -- Up-to-date: /home/parallels/dev/ros2/fishros/chapt4/chapt4_ws/install/demo_cpp_service/share/demo_cpp_service/environment/path.sh
[0.047s] -- Up-to-date: /home/parallels/dev/ros2/fishros/chapt4/chapt4_ws/install/demo_cpp_service/share/demo_cpp_service/environment/path.dsv
[0.047s] -- Up-to-date: /home/parallels/dev/ros2/fishros/chapt4/chapt4_ws/install/demo_cpp_service/share/demo_cpp_service/local_setup.bash
[0.047s] -- Up-to-date: /home/parallels/dev/ros2/fishros/chapt4/chapt4_ws/install/demo_cpp_service/share/demo_cpp_service/local_setup.sh
[0.047s] -- Up-to-date: /home/parallels/dev/ros2/fishros/chapt4/chapt4_ws/install/demo_cpp_service/share/demo_cpp_service/local_setup.zsh
[0.047s] -- Up-to-date: /home/parallels/dev/ros2/fishros/chapt4/chapt4_ws/install/demo_cpp_service/share/demo_cpp_service/local_setup.dsv
[0.047s] -- Installing: /home/parallels/dev/ros2/fishros/chapt4/chapt4_ws/install/demo_cpp_service/share/demo_cpp_service/package.dsv
[0.048s] -- Up-to-date: /home/parallels/dev/ros2/fishros/chapt4/chapt4_ws/install/demo_cpp_service/share/ament_index/resource_index/packages/demo_cpp_service
[0.048s] -- Up-to-date: /home/parallels/dev/ros2/fishros/chapt4/chapt4_ws/install/demo_cpp_service/share/demo_cpp_service/cmake/demo_cpp_serviceConfig.cmake
[0.048s] -- Up-to-date: /home/parallels/dev/ros2/fishros/chapt4/chapt4_ws/install/demo_cpp_service/share/demo_cpp_service/cmake/demo_cpp_serviceConfig-version.cmake
[0.048s] -- Up-to-date: /home/parallels/dev/ros2/fishros/chapt4/chapt4_ws/install/demo_cpp_service/share/demo_cpp_service/package.xml
[0.048s] Invoked command in '/home/parallels/dev/ros2/fishros/chapt4/chapt4_ws/build/demo_cpp_service' returned '0': AMENT_PREFIX_PATH=/home/parallels/dev/ros2/fishros/chapt4/chapt4_ws/install/chapt4_interfaces:${AMENT_PREFIX_PATH} CMAKE_PREFIX_PATH=/home/parallels/dev/ros2/fishros/chapt4/chapt4_ws/install/chapt4_interfaces:/opt/ros/jazzy/opt/gz_math_vendor:/opt/ros/jazzy/opt/gz_utils_vendor:/opt/ros/jazzy/opt/gz_cmake_vendor:/opt/ros/jazzy DEBUGINFOD_URLS=https://debuginfod.ubuntu.com LD_LIBRARY_PATH=/home/parallels/dev/ros2/fishros/chapt4/chapt4_ws/install/chapt4_interfaces/lib:${LD_LIBRARY_PATH} PYTHONPATH=/home/parallels/dev/ros2/fishros/chapt4/chapt4_ws/install/chapt4_interfaces/lib/python3.12/site-packages:${PYTHONPATH} /usr/bin/cmake --install /home/parallels/dev/ros2/fishros/chapt4/chapt4_ws/build/demo_cpp_service
