[0.364s] Invoking command in '/home/parallels/dev/ros2/fishros/chapt5/chapt5_ws/src/demo_python_tf': DEBUGINFOD_URLS=https://debuginfod.ubuntu.com PYTHONPATH=/home/parallels/dev/ros2/fishros/chapt5/chapt5_ws/build/demo_python_tf/prefix_override:/usr/lib/python3/dist-packages/colcon_core/task/python/colcon_distutils_commands:/home/parallels/dev/ros2/fishros/chapt5/chapt5_ws/install/demo_python_tf/lib/python3.12/site-packages:${PYTHONPATH} /usr/bin/python3 -W ignore:setup.py install is deprecated -W ignore:easy_install command is deprecated setup.py egg_info --egg-base ../../build/demo_python_tf build --build-base /home/parallels/dev/ros2/fishros/chapt5/chapt5_ws/build/demo_python_tf/build install --record /home/parallels/dev/ros2/fishros/chapt5/chapt5_ws/build/demo_python_tf/install.log --single-version-externally-managed install_data
[0.476s] running egg_info
[0.482s] writing ../../build/demo_python_tf/demo_python_tf.egg-info/PKG-INFO
[0.482s] writing dependency_links to ../../build/demo_python_tf/demo_python_tf.egg-info/dependency_links.txt
[0.483s] writing entry points to ../../build/demo_python_tf/demo_python_tf.egg-info/entry_points.txt
[0.483s] writing requirements to ../../build/demo_python_tf/demo_python_tf.egg-info/requires.txt
[0.483s] writing top-level names to ../../build/demo_python_tf/demo_python_tf.egg-info/top_level.txt
[0.497s] reading manifest file '../../build/demo_python_tf/demo_python_tf.egg-info/SOURCES.txt'
[0.497s] adding license file 'LICENSE'
[0.498s] writing manifest file '../../build/demo_python_tf/demo_python_tf.egg-info/SOURCES.txt'
[0.498s] running build
[0.498s] running build_py
[0.498s] copying demo_python_tf/dynamic_tf_broadcaster.py -> /home/parallels/dev/ros2/fishros/chapt5/chapt5_ws/build/demo_python_tf/build/lib/demo_python_tf
[0.498s] running install
[0.501s] running install_lib
[0.508s] copying /home/parallels/dev/ros2/fishros/chapt5/chapt5_ws/build/demo_python_tf/build/lib/demo_python_tf/dynamic_tf_broadcaster.py -> /home/parallels/dev/ros2/fishros/chapt5/chapt5_ws/install/demo_python_tf/lib/python3.12/site-packages/demo_python_tf
[0.508s] byte-compiling /home/parallels/dev/ros2/fishros/chapt5/chapt5_ws/install/demo_python_tf/lib/python3.12/site-packages/demo_python_tf/dynamic_tf_broadcaster.py to dynamic_tf_broadcaster.cpython-312.pyc
[0.509s] running install_data
[0.509s] running install_egg_info
[0.517s] removing '/home/parallels/dev/ros2/fishros/chapt5/chapt5_ws/install/demo_python_tf/lib/python3.12/site-packages/demo_python_tf-0.0.0-py3.12.egg-info' (and everything under it)
[0.517s] Copying ../../build/demo_python_tf/demo_python_tf.egg-info to /home/parallels/dev/ros2/fishros/chapt5/chapt5_ws/install/demo_python_tf/lib/python3.12/site-packages/demo_python_tf-0.0.0-py3.12.egg-info
[0.517s] running install_scripts
[0.576s] Installing dynamic_tf_broadcaster script to /home/parallels/dev/ros2/fishros/chapt5/chapt5_ws/install/demo_python_tf/lib/demo_python_tf
[0.576s] Installing static_tf_broadcaster script to /home/parallels/dev/ros2/fishros/chapt5/chapt5_ws/install/demo_python_tf/lib/demo_python_tf
[0.576s] writing list of installed files to '/home/parallels/dev/ros2/fishros/chapt5/chapt5_ws/build/demo_python_tf/install.log'
[0.593s] Invoked command in '/home/parallels/dev/ros2/fishros/chapt5/chapt5_ws/src/demo_python_tf' returned '0': DEBUGINFOD_URLS=https://debuginfod.ubuntu.com PYTHONPATH=/home/parallels/dev/ros2/fishros/chapt5/chapt5_ws/build/demo_python_tf/prefix_override:/usr/lib/python3/dist-packages/colcon_core/task/python/colcon_distutils_commands:/home/parallels/dev/ros2/fishros/chapt5/chapt5_ws/install/demo_python_tf/lib/python3.12/site-packages:${PYTHONPATH} /usr/bin/python3 -W ignore:setup.py install is deprecated -W ignore:easy_install command is deprecated setup.py egg_info --egg-base ../../build/demo_python_tf build --build-base /home/parallels/dev/ros2/fishros/chapt5/chapt5_ws/build/demo_python_tf/build install --record /home/parallels/dev/ros2/fishros/chapt5/chapt5_ws/build/demo_python_tf/install.log --single-version-externally-managed install_data
