[0.023s] Invoking command in '/home/parallels/dev/ros2/fishros/chapt3/topic_practice_ws/build/status_interfaces': CMAKE_PREFIX_PATH=${CMAKE_PREFIX_PATH}:/home/parallels/dev/ros2/fishros/chapt3/topic_practice_ws/install/status_publisher:/opt/ros/jazzy DEBUGINFOD_URLS=https://debuginfod.ubuntu.com /usr/bin/cmake --build /home/parallels/dev/ros2/fishros/chapt3/topic_practice_ws/build/status_interfaces -- -j2 -l2
[0.159s] [  2%] Built target status_interfaces__rosidl_generator_type_description
[0.217s] [  2%] Built target ament_cmake_python_copy_status_interfaces
[0.266s] [  5%] Built target status_interfaces__cpp
[0.305s] [ 20%] Built target status_interfaces__rosidl_generator_c
[1.263s] running egg_info
[1.281s] writing status_interfaces.egg-info/PKG-INFO
[1.284s] writing dependency_links to status_interfaces.egg-info/dependency_links.txt
[1.285s] writing top-level names to status_interfaces.egg-info/top_level.txt
[1.320s] reading manifest file 'status_interfaces.egg-info/SOURCES.txt'
[1.321s] writing manifest file 'status_interfaces.egg-info/SOURCES.txt'
[1.350s] [ 20%] Built target ament_cmake_python_build_status_interfaces_egg
[1.368s] [ 29%] Built target status_interfaces__rosidl_typesupport_cpp
[1.387s] [ 38%] Built target status_interfaces__rosidl_typesupport_fastrtps_c
[1.415s] [ 47%] Built target status_interfaces__rosidl_typesupport_fastrtps_cpp
[1.442s] [ 55%] Built target status_interfaces__rosidl_typesupport_introspection_c
[1.461s] [ 64%] Built target status_interfaces__rosidl_typesupport_c
[1.475s] [ 73%] Built target status_interfaces__rosidl_typesupport_introspection_cpp
[1.494s] [ 73%] Built target status_interfaces
[1.532s] [ 76%] Built target status_interfaces__py
[1.579s] [ 82%] Built target status_interfaces__rosidl_generator_py
[1.613s] [ 88%] Built target status_interfaces_s__rosidl_typesupport_fastrtps_c
[1.651s] [ 94%] Built target status_interfaces_s__rosidl_typesupport_introspection_c
[1.682s] [100%] Built target status_interfaces_s__rosidl_typesupport_c
[1.707s] Invoked command in '/home/parallels/dev/ros2/fishros/chapt3/topic_practice_ws/build/status_interfaces' returned '0': CMAKE_PREFIX_PATH=${CMAKE_PREFIX_PATH}:/home/parallels/dev/ros2/fishros/chapt3/topic_practice_ws/install/status_publisher:/opt/ros/jazzy DEBUGINFOD_URLS=https://debuginfod.ubuntu.com /usr/bin/cmake --build /home/parallels/dev/ros2/fishros/chapt3/topic_practice_ws/build/status_interfaces -- -j2 -l2
[1.725s] Invoking command in '/home/parallels/dev/ros2/fishros/chapt3/topic_practice_ws/build/status_interfaces': CMAKE_PREFIX_PATH=${CMAKE_PREFIX_PATH}:/home/parallels/dev/ros2/fishros/chapt3/topic_practice_ws/install/status_publisher:/opt/ros/jazzy DEBUGINFOD_URLS=https://debuginfod.ubuntu.com /usr/bin/cmake --install /home/parallels/dev/ros2/fishros/chapt3/topic_practice_ws/build/status_interfaces
[1.738s] -- Install configuration: ""
[1.738s] -- Up-to-date: /home/parallels/dev/ros2/fishros/chapt3/topic_practice_ws/install/status_interfaces/share/ament_index/resource_index/rosidl_interfaces/status_interfaces
[1.740s] -- Up-to-date: /home/parallels/dev/ros2/fishros/chapt3/topic_practice_ws/install/status_interfaces/share/status_interfaces/msg/SystemStatus.json
[1.741s] -- Up-to-date: /home/parallels/dev/ros2/fishros/chapt3/topic_practice_ws/install/status_interfaces/include/status_interfaces/status_interfaces
[1.741s] -- Up-to-date: /home/parallels/dev/ros2/fishros/chapt3/topic_practice_ws/install/status_interfaces/include/status_interfaces/status_interfaces/msg
[1.741s] -- Up-to-date: /home/parallels/dev/ros2/fishros/chapt3/topic_practice_ws/install/status_interfaces/include/status_interfaces/status_interfaces/msg/system_status.h
[1.741s] -- Up-to-date: /home/parallels/dev/ros2/fishros/chapt3/topic_practice_ws/install/status_interfaces/include/status_interfaces/status_interfaces/msg/detail
[1.741s] -- Up-to-date: /home/parallels/dev/ros2/fishros/chapt3/topic_practice_ws/install/status_interfaces/include/status_interfaces/status_interfaces/msg/detail/system_status__type_support.c
[1.741s] -- Up-to-date: /home/parallels/dev/ros2/fishros/chapt3/topic_practice_ws/install/status_interfaces/include/status_interfaces/status_interfaces/msg/detail/system_status__functions.c
[1.741s] -- Up-to-date: /home/parallels/dev/ros2/fishros/chapt3/topic_practice_ws/install/status_interfaces/include/status_interfaces/status_interfaces/msg/detail/system_status__type_support.h
[1.741s] -- Up-to-date: /home/parallels/dev/ros2/fishros/chapt3/topic_practice_ws/install/status_interfaces/include/status_interfaces/status_interfaces/msg/detail/system_status__struct.h
[1.741s] -- Up-to-date: /home/parallels/dev/ros2/fishros/chapt3/topic_practice_ws/install/status_interfaces/include/status_interfaces/status_interfaces/msg/detail/system_status__description.c
[1.741s] -- Up-to-date: /home/parallels/dev/ros2/fishros/chapt3/topic_practice_ws/install/status_interfaces/include/status_interfaces/status_interfaces/msg/detail/system_status__functions.h
[1.741s] -- Up-to-date: /home/parallels/dev/ros2/fishros/chapt3/topic_practice_ws/install/status_interfaces/include/status_interfaces/status_interfaces/msg/rosidl_generator_c__visibility_control.h
[1.744s] -- Up-to-date: /home/parallels/dev/ros2/fishros/chapt3/topic_practice_ws/install/status_interfaces/share/status_interfaces/environment/library_path.sh
[1.744s] -- Up-to-date: /home/parallels/dev/ros2/fishros/chapt3/topic_practice_ws/install/status_interfaces/share/status_interfaces/environment/library_path.dsv
[1.746s] -- Up-to-date: /home/parallels/dev/ros2/fishros/chapt3/topic_practice_ws/install/status_interfaces/lib/libstatus_interfaces__rosidl_generator_c.so
[1.746s] -- Up-to-date: /home/parallels/dev/ros2/fishros/chapt3/topic_practice_ws/install/status_interfaces/include/status_interfaces/status_interfaces
[1.746s] -- Up-to-date: /home/parallels/dev/ros2/fishros/chapt3/topic_practice_ws/install/status_interfaces/include/status_interfaces/status_interfaces/msg
[1.746s] -- Up-to-date: /home/parallels/dev/ros2/fishros/chapt3/topic_practice_ws/install/status_interfaces/include/status_interfaces/status_interfaces/msg/detail
[1.746s] -- Up-to-date: /home/parallels/dev/ros2/fishros/chapt3/topic_practice_ws/install/status_interfaces/include/status_interfaces/status_interfaces/msg/detail/system_status__rosidl_typesupport_fastrtps_c.h
[1.746s] -- Up-to-date: /home/parallels/dev/ros2/fishros/chapt3/topic_practice_ws/install/status_interfaces/include/status_interfaces/status_interfaces/msg/rosidl_typesupport_fastrtps_c__visibility_control.h
[1.747s] -- Up-to-date: /home/parallels/dev/ros2/fishros/chapt3/topic_practice_ws/install/status_interfaces/lib/libstatus_interfaces__rosidl_typesupport_fastrtps_c.so
[1.750s] -- Up-to-date: /home/parallels/dev/ros2/fishros/chapt3/topic_practice_ws/install/status_interfaces/include/status_interfaces/status_interfaces
[1.751s] -- Up-to-date: /home/parallels/dev/ros2/fishros/chapt3/topic_practice_ws/install/status_interfaces/include/status_interfaces/status_interfaces/msg
[1.751s] -- Up-to-date: /home/parallels/dev/ros2/fishros/chapt3/topic_practice_ws/install/status_interfaces/include/status_interfaces/status_interfaces/msg/system_status.hpp
[1.751s] -- Up-to-date: /home/parallels/dev/ros2/fishros/chapt3/topic_practice_ws/install/status_interfaces/include/status_interfaces/status_interfaces/msg/detail
[1.751s] -- Up-to-date: /home/parallels/dev/ros2/fishros/chapt3/topic_practice_ws/install/status_interfaces/include/status_interfaces/status_interfaces/msg/detail/system_status__traits.hpp
[1.751s] -- Up-to-date: /home/parallels/dev/ros2/fishros/chapt3/topic_practice_ws/install/status_interfaces/include/status_interfaces/status_interfaces/msg/detail/system_status__builder.hpp
[1.751s] -- Up-to-date: /home/parallels/dev/ros2/fishros/chapt3/topic_practice_ws/install/status_interfaces/include/status_interfaces/status_interfaces/msg/detail/system_status__type_support.hpp
[1.751s] -- Up-to-date: /home/parallels/dev/ros2/fishros/chapt3/topic_practice_ws/install/status_interfaces/include/status_interfaces/status_interfaces/msg/detail/system_status__struct.hpp
[1.751s] -- Up-to-date: /home/parallels/dev/ros2/fishros/chapt3/topic_practice_ws/install/status_interfaces/include/status_interfaces/status_interfaces/msg/rosidl_generator_cpp__visibility_control.hpp
[1.751s] -- Up-to-date: /home/parallels/dev/ros2/fishros/chapt3/topic_practice_ws/install/status_interfaces/include/status_interfaces/status_interfaces
[1.751s] -- Up-to-date: /home/parallels/dev/ros2/fishros/chapt3/topic_practice_ws/install/status_interfaces/include/status_interfaces/status_interfaces/msg
[1.752s] -- Up-to-date: /home/parallels/dev/ros2/fishros/chapt3/topic_practice_ws/install/status_interfaces/include/status_interfaces/status_interfaces/msg/rosidl_typesupport_fastrtps_cpp__visibility_control.h
[1.752s] -- Up-to-date: /home/parallels/dev/ros2/fishros/chapt3/topic_practice_ws/install/status_interfaces/include/status_interfaces/status_interfaces/msg/detail
[1.752s] -- Up-to-date: /home/parallels/dev/ros2/fishros/chapt3/topic_practice_ws/install/status_interfaces/include/status_interfaces/status_interfaces/msg/detail/dds_fastrtps
[1.752s] -- Up-to-date: /home/parallels/dev/ros2/fishros/chapt3/topic_practice_ws/install/status_interfaces/include/status_interfaces/status_interfaces/msg/detail/system_status__rosidl_typesupport_fastrtps_cpp.hpp
[1.755s] -- Up-to-date: /home/parallels/dev/ros2/fishros/chapt3/topic_practice_ws/install/status_interfaces/lib/libstatus_interfaces__rosidl_typesupport_fastrtps_cpp.so
[1.755s] -- Up-to-date: /home/parallels/dev/ros2/fishros/chapt3/topic_practice_ws/install/status_interfaces/include/status_interfaces/status_interfaces
[1.755s] -- Up-to-date: /home/parallels/dev/ros2/fishros/chapt3/topic_practice_ws/install/status_interfaces/include/status_interfaces/status_interfaces/msg
[1.755s] -- Up-to-date: /home/parallels/dev/ros2/fishros/chapt3/topic_practice_ws/install/status_interfaces/include/status_interfaces/status_interfaces/msg/rosidl_typesupport_introspection_c__visibility_control.h
[1.756s] -- Up-to-date: /home/parallels/dev/ros2/fishros/chapt3/topic_practice_ws/install/status_interfaces/include/status_interfaces/status_interfaces/msg/detail
[1.756s] -- Up-to-date: /home/parallels/dev/ros2/fishros/chapt3/topic_practice_ws/install/status_interfaces/include/status_interfaces/status_interfaces/msg/detail/system_status__type_support.c
[1.756s] -- Up-to-date: /home/parallels/dev/ros2/fishros/chapt3/topic_practice_ws/install/status_interfaces/include/status_interfaces/status_interfaces/msg/detail/system_status__rosidl_typesupport_introspection_c.h
[1.756s] -- Up-to-date: /home/parallels/dev/ros2/fishros/chapt3/topic_practice_ws/install/status_interfaces/lib/libstatus_interfaces__rosidl_typesupport_introspection_c.so
[1.756s] -- Up-to-date: /home/parallels/dev/ros2/fishros/chapt3/topic_practice_ws/install/status_interfaces/lib/libstatus_interfaces__rosidl_typesupport_c.so
[1.756s] -- Up-to-date: /home/parallels/dev/ros2/fishros/chapt3/topic_practice_ws/install/status_interfaces/include/status_interfaces/status_interfaces
[1.756s] -- Up-to-date: /home/parallels/dev/ros2/fishros/chapt3/topic_practice_ws/install/status_interfaces/include/status_interfaces/status_interfaces/msg
[1.756s] -- Up-to-date: /home/parallels/dev/ros2/fishros/chapt3/topic_practice_ws/install/status_interfaces/include/status_interfaces/status_interfaces/msg/detail
[1.756s] -- Up-to-date: /home/parallels/dev/ros2/fishros/chapt3/topic_practice_ws/install/status_interfaces/include/status_interfaces/status_interfaces/msg/detail/system_status__rosidl_typesupport_introspection_cpp.hpp
[1.756s] -- Up-to-date: /home/parallels/dev/ros2/fishros/chapt3/topic_practice_ws/install/status_interfaces/include/status_interfaces/status_interfaces/msg/detail/system_status__type_support.cpp
[1.756s] -- Up-to-date: /home/parallels/dev/ros2/fishros/chapt3/topic_practice_ws/install/status_interfaces/lib/libstatus_interfaces__rosidl_typesupport_introspection_cpp.so
[1.760s] -- Up-to-date: /home/parallels/dev/ros2/fishros/chapt3/topic_practice_ws/install/status_interfaces/lib/libstatus_interfaces__rosidl_typesupport_cpp.so
[1.760s] -- Up-to-date: /home/parallels/dev/ros2/fishros/chapt3/topic_practice_ws/install/status_interfaces/share/status_interfaces/environment/pythonpath.sh
[1.760s] -- Up-to-date: /home/parallels/dev/ros2/fishros/chapt3/topic_practice_ws/install/status_interfaces/share/status_interfaces/environment/pythonpath.dsv
[1.760s] -- Up-to-date: /home/parallels/dev/ros2/fishros/chapt3/topic_practice_ws/install/status_interfaces/lib/python3.12/site-packages/status_interfaces-0.0.0-py3.12.egg-info
[1.762s] -- Installing: /home/parallels/dev/ros2/fishros/chapt3/topic_practice_ws/install/status_interfaces/lib/python3.12/site-packages/status_interfaces-0.0.0-py3.12.egg-info/dependency_links.txt
[1.763s] -- Installing: /home/parallels/dev/ros2/fishros/chapt3/topic_practice_ws/install/status_interfaces/lib/python3.12/site-packages/status_interfaces-0.0.0-py3.12.egg-info/PKG-INFO
[1.763s] -- Installing: /home/parallels/dev/ros2/fishros/chapt3/topic_practice_ws/install/status_interfaces/lib/python3.12/site-packages/status_interfaces-0.0.0-py3.12.egg-info/SOURCES.txt
[1.764s] -- Installing: /home/parallels/dev/ros2/fishros/chapt3/topic_practice_ws/install/status_interfaces/lib/python3.12/site-packages/status_interfaces-0.0.0-py3.12.egg-info/top_level.txt
[1.764s] -- Up-to-date: /home/parallels/dev/ros2/fishros/chapt3/topic_practice_ws/install/status_interfaces/lib/python3.12/site-packages/status_interfaces
[1.764s] -- Up-to-date: /home/parallels/dev/ros2/fishros/chapt3/topic_practice_ws/install/status_interfaces/lib/python3.12/site-packages/status_interfaces/status_interfaces_s__rosidl_typesupport_introspection_c.so
[1.765s] -- Up-to-date: /home/parallels/dev/ros2/fishros/chapt3/topic_practice_ws/install/status_interfaces/lib/python3.12/site-packages/status_interfaces/_status_interfaces_s.ep.rosidl_typesupport_c.c
[1.765s] -- Up-to-date: /home/parallels/dev/ros2/fishros/chapt3/topic_practice_ws/install/status_interfaces/lib/python3.12/site-packages/status_interfaces/status_interfaces_s__rosidl_typesupport_c.so
[1.765s] -- Up-to-date: /home/parallels/dev/ros2/fishros/chapt3/topic_practice_ws/install/status_interfaces/lib/python3.12/site-packages/status_interfaces/status_interfaces_s__rosidl_typesupport_fastrtps_c.so
[1.765s] -- Up-to-date: /home/parallels/dev/ros2/fishros/chapt3/topic_practice_ws/install/status_interfaces/lib/python3.12/site-packages/status_interfaces/_status_interfaces_s.ep.rosidl_typesupport_fastrtps_c.c
[1.765s] -- Up-to-date: /home/parallels/dev/ros2/fishros/chapt3/topic_practice_ws/install/status_interfaces/lib/python3.12/site-packages/status_interfaces/__init__.py
[1.765s] -- Up-to-date: /home/parallels/dev/ros2/fishros/chapt3/topic_practice_ws/install/status_interfaces/lib/python3.12/site-packages/status_interfaces/msg
[1.765s] -- Up-to-date: /home/parallels/dev/ros2/fishros/chapt3/topic_practice_ws/install/status_interfaces/lib/python3.12/site-packages/status_interfaces/msg/_system_status.py
[1.765s] -- Up-to-date: /home/parallels/dev/ros2/fishros/chapt3/topic_practice_ws/install/status_interfaces/lib/python3.12/site-packages/status_interfaces/msg/_system_status_s.c
[1.765s] -- Up-to-date: /home/parallels/dev/ros2/fishros/chapt3/topic_practice_ws/install/status_interfaces/lib/python3.12/site-packages/status_interfaces/msg/__init__.py
[1.765s] -- Up-to-date: /home/parallels/dev/ros2/fishros/chapt3/topic_practice_ws/install/status_interfaces/lib/python3.12/site-packages/status_interfaces/_status_interfaces_s.ep.rosidl_typesupport_introspection_c.c
[1.847s] Listing '/home/parallels/dev/ros2/fishros/chapt3/topic_practice_ws/install/status_interfaces/lib/python3.12/site-packages/status_interfaces'...
[1.847s] Listing '/home/parallels/dev/ros2/fishros/chapt3/topic_practice_ws/install/status_interfaces/lib/python3.12/site-packages/status_interfaces/msg'...
[1.863s] -- Up-to-date: /home/parallels/dev/ros2/fishros/chapt3/topic_practice_ws/install/status_interfaces/lib/python3.12/site-packages/status_interfaces/status_interfaces_s__rosidl_typesupport_fastrtps_c.so
[1.865s] -- Up-to-date: /home/parallels/dev/ros2/fishros/chapt3/topic_practice_ws/install/status_interfaces/lib/python3.12/site-packages/status_interfaces/status_interfaces_s__rosidl_typesupport_introspection_c.so
[1.869s] -- Up-to-date: /home/parallels/dev/ros2/fishros/chapt3/topic_practice_ws/install/status_interfaces/lib/python3.12/site-packages/status_interfaces/status_interfaces_s__rosidl_typesupport_c.so
[1.870s] -- Up-to-date: /home/parallels/dev/ros2/fishros/chapt3/topic_practice_ws/install/status_interfaces/lib/libstatus_interfaces__rosidl_generator_py.so
[1.870s] -- Up-to-date: /home/parallels/dev/ros2/fishros/chapt3/topic_practice_ws/install/status_interfaces/share/status_interfaces/msg/SystemStatus.idl
[1.870s] -- Up-to-date: /home/parallels/dev/ros2/fishros/chapt3/topic_practice_ws/install/status_interfaces/share/status_interfaces/msg/SystemStatus.msg
[1.870s] -- Up-to-date: /home/parallels/dev/ros2/fishros/chapt3/topic_practice_ws/install/status_interfaces/share/ament_index/resource_index/package_run_dependencies/status_interfaces
[1.871s] -- Up-to-date: /home/parallels/dev/ros2/fishros/chapt3/topic_practice_ws/install/status_interfaces/share/ament_index/resource_index/parent_prefix_path/status_interfaces
[1.872s] -- Up-to-date: /home/parallels/dev/ros2/fishros/chapt3/topic_practice_ws/install/status_interfaces/share/status_interfaces/environment/ament_prefix_path.sh
[1.872s] -- Up-to-date: /home/parallels/dev/ros2/fishros/chapt3/topic_practice_ws/install/status_interfaces/share/status_interfaces/environment/ament_prefix_path.dsv
[1.872s] -- Up-to-date: /home/parallels/dev/ros2/fishros/chapt3/topic_practice_ws/install/status_interfaces/share/status_interfaces/environment/path.sh
[1.872s] -- Up-to-date: /home/parallels/dev/ros2/fishros/chapt3/topic_practice_ws/install/status_interfaces/share/status_interfaces/environment/path.dsv
[1.873s] -- Up-to-date: /home/parallels/dev/ros2/fishros/chapt3/topic_practice_ws/install/status_interfaces/share/status_interfaces/local_setup.bash
[1.873s] -- Up-to-date: /home/parallels/dev/ros2/fishros/chapt3/topic_practice_ws/install/status_interfaces/share/status_interfaces/local_setup.sh
[1.874s] -- Up-to-date: /home/parallels/dev/ros2/fishros/chapt3/topic_practice_ws/install/status_interfaces/share/status_interfaces/local_setup.zsh
[1.874s] -- Up-to-date: /home/parallels/dev/ros2/fishros/chapt3/topic_practice_ws/install/status_interfaces/share/status_interfaces/local_setup.dsv
[1.874s] -- Installing: /home/parallels/dev/ros2/fishros/chapt3/topic_practice_ws/install/status_interfaces/share/status_interfaces/package.dsv
[1.875s] -- Up-to-date: /home/parallels/dev/ros2/fishros/chapt3/topic_practice_ws/install/status_interfaces/share/ament_index/resource_index/packages/status_interfaces
[1.876s] -- Up-to-date: /home/parallels/dev/ros2/fishros/chapt3/topic_practice_ws/install/status_interfaces/share/status_interfaces/cmake/export_status_interfaces__rosidl_generator_cExport.cmake
[1.878s] -- Up-to-date: /home/parallels/dev/ros2/fishros/chapt3/topic_practice_ws/install/status_interfaces/share/status_interfaces/cmake/export_status_interfaces__rosidl_generator_cExport-noconfig.cmake
[1.880s] -- Up-to-date: /home/parallels/dev/ros2/fishros/chapt3/topic_practice_ws/install/status_interfaces/share/status_interfaces/cmake/export_status_interfaces__rosidl_typesupport_fastrtps_cExport.cmake
[1.880s] -- Up-to-date: /home/parallels/dev/ros2/fishros/chapt3/topic_practice_ws/install/status_interfaces/share/status_interfaces/cmake/export_status_interfaces__rosidl_typesupport_fastrtps_cExport-noconfig.cmake
[1.880s] -- Up-to-date: /home/parallels/dev/ros2/fishros/chapt3/topic_practice_ws/install/status_interfaces/share/status_interfaces/cmake/export_status_interfaces__rosidl_generator_cppExport.cmake
[1.880s] -- Up-to-date: /home/parallels/dev/ros2/fishros/chapt3/topic_practice_ws/install/status_interfaces/share/status_interfaces/cmake/export_status_interfaces__rosidl_typesupport_fastrtps_cppExport.cmake
[1.880s] -- Up-to-date: /home/parallels/dev/ros2/fishros/chapt3/topic_practice_ws/install/status_interfaces/share/status_interfaces/cmake/export_status_interfaces__rosidl_typesupport_fastrtps_cppExport-noconfig.cmake
[1.880s] -- Up-to-date: /home/parallels/dev/ros2/fishros/chapt3/topic_practice_ws/install/status_interfaces/share/status_interfaces/cmake/status_interfaces__rosidl_typesupport_introspection_cExport.cmake
[1.880s] -- Up-to-date: /home/parallels/dev/ros2/fishros/chapt3/topic_practice_ws/install/status_interfaces/share/status_interfaces/cmake/status_interfaces__rosidl_typesupport_introspection_cExport-noconfig.cmake
[1.880s] -- Up-to-date: /home/parallels/dev/ros2/fishros/chapt3/topic_practice_ws/install/status_interfaces/share/status_interfaces/cmake/status_interfaces__rosidl_typesupport_cExport.cmake
[1.880s] -- Up-to-date: /home/parallels/dev/ros2/fishros/chapt3/topic_practice_ws/install/status_interfaces/share/status_interfaces/cmake/status_interfaces__rosidl_typesupport_cExport-noconfig.cmake
[1.881s] -- Up-to-date: /home/parallels/dev/ros2/fishros/chapt3/topic_practice_ws/install/status_interfaces/share/status_interfaces/cmake/status_interfaces__rosidl_typesupport_introspection_cppExport.cmake
[1.881s] -- Up-to-date: /home/parallels/dev/ros2/fishros/chapt3/topic_practice_ws/install/status_interfaces/share/status_interfaces/cmake/status_interfaces__rosidl_typesupport_introspection_cppExport-noconfig.cmake
[1.881s] -- Up-to-date: /home/parallels/dev/ros2/fishros/chapt3/topic_practice_ws/install/status_interfaces/share/status_interfaces/cmake/status_interfaces__rosidl_typesupport_cppExport.cmake
[1.881s] -- Up-to-date: /home/parallels/dev/ros2/fishros/chapt3/topic_practice_ws/install/status_interfaces/share/status_interfaces/cmake/status_interfaces__rosidl_typesupport_cppExport-noconfig.cmake
[1.881s] -- Up-to-date: /home/parallels/dev/ros2/fishros/chapt3/topic_practice_ws/install/status_interfaces/share/status_interfaces/cmake/export_status_interfaces__rosidl_generator_pyExport.cmake
[1.881s] -- Up-to-date: /home/parallels/dev/ros2/fishros/chapt3/topic_practice_ws/install/status_interfaces/share/status_interfaces/cmake/export_status_interfaces__rosidl_generator_pyExport-noconfig.cmake
[1.881s] -- Up-to-date: /home/parallels/dev/ros2/fishros/chapt3/topic_practice_ws/install/status_interfaces/share/status_interfaces/cmake/rosidl_cmake-extras.cmake
[1.881s] -- Up-to-date: /home/parallels/dev/ros2/fishros/chapt3/topic_practice_ws/install/status_interfaces/share/status_interfaces/cmake/ament_cmake_export_dependencies-extras.cmake
[1.882s] -- Up-to-date: /home/parallels/dev/ros2/fishros/chapt3/topic_practice_ws/install/status_interfaces/share/status_interfaces/cmake/ament_cmake_export_include_directories-extras.cmake
[1.882s] -- Up-to-date: /home/parallels/dev/ros2/fishros/chapt3/topic_practice_ws/install/status_interfaces/share/status_interfaces/cmake/ament_cmake_export_libraries-extras.cmake
[1.884s] -- Up-to-date: /home/parallels/dev/ros2/fishros/chapt3/topic_practice_ws/install/status_interfaces/share/status_interfaces/cmake/ament_cmake_export_targets-extras.cmake
[1.885s] -- Up-to-date: /home/parallels/dev/ros2/fishros/chapt3/topic_practice_ws/install/status_interfaces/share/status_interfaces/cmake/rosidl_cmake_export_typesupport_targets-extras.cmake
[1.885s] -- Up-to-date: /home/parallels/dev/ros2/fishros/chapt3/topic_practice_ws/install/status_interfaces/share/status_interfaces/cmake/rosidl_cmake_export_typesupport_libraries-extras.cmake
[1.885s] -- Up-to-date: /home/parallels/dev/ros2/fishros/chapt3/topic_practice_ws/install/status_interfaces/share/status_interfaces/cmake/status_interfacesConfig.cmake
[1.885s] -- Up-to-date: /home/parallels/dev/ros2/fishros/chapt3/topic_practice_ws/install/status_interfaces/share/status_interfaces/cmake/status_interfacesConfig-version.cmake
[1.885s] -- Up-to-date: /home/parallels/dev/ros2/fishros/chapt3/topic_practice_ws/install/status_interfaces/share/status_interfaces/package.xml
[1.891s] Invoked command in '/home/parallels/dev/ros2/fishros/chapt3/topic_practice_ws/build/status_interfaces' returned '0': CMAKE_PREFIX_PATH=${CMAKE_PREFIX_PATH}:/home/parallels/dev/ros2/fishros/chapt3/topic_practice_ws/install/status_publisher:/opt/ros/jazzy DEBUGINFOD_URLS=https://debuginfod.ubuntu.com /usr/bin/cmake --install /home/parallels/dev/ros2/fishros/chapt3/topic_practice_ws/build/status_interfaces
