[0.008s] Invoking command in '/home/parallels/dev/ros2/fishros/chapt3/topic_ws/build/demo_cpp_topic': CMAKE_PREFIX_PATH=${CMAKE_PREFIX_PATH}:/home/parallels/dev/ros2/fishros/chapt3/topic_ws/install/demo_python_topic:/opt/ros/jazzy DEBUGINFOD_URLS=https://debuginfod.ubuntu.com /usr/bin/cmake --build /home/parallels/dev/ros2/fishros/chapt3/topic_ws/build/demo_cpp_topic -- -j2 -l2
[0.049s] -- Found ament_cmake: 2.5.3 (/opt/ros/jazzy/share/ament_cmake/cmake)
[0.177s] -- Found rclcpp: 28.1.6 (/opt/ros/jazzy/share/rclcpp/cmake)
[0.195s] -- Found rosidl_generator_c: 4.6.5 (/opt/ros/jazzy/share/rosidl_generator_c/cmake)
[0.201s] -- Found rosidl_generator_cpp: 4.6.5 (/opt/ros/jazzy/share/rosidl_generator_cpp/cmake)
[0.214s] -- Using all available rosidl_typesupport_c: rosidl_typesupport_fastrtps_c;rosidl_typesupport_introspection_c
[0.222s] -- Using all available rosidl_typesupport_cpp: rosidl_typesupport_fastrtps_cpp;rosidl_typesupport_introspection_cpp
[0.259s] -- Found rmw_implementation_cmake: 7.3.1 (/opt/ros/jazzy/share/rmw_implementation_cmake/cmake)
[0.260s] -- Found rmw_fastrtps_cpp: 8.4.1 (/opt/ros/jazzy/share/rmw_fastrtps_cpp/cmake)
[0.296s] -- Using RMW implementation 'rmw_fastrtps_cpp' as default
[0.333s] -- Found geometry_msgs: 5.3.5 (/opt/ros/jazzy/share/geometry_msgs/cmake)
[0.349s] -- Found turtlesim: 1.8.3 (/opt/ros/jazzy/share/turtlesim/cmake)
[0.377s] -- Found ament_lint_auto: 0.17.1 (/opt/ros/jazzy/share/ament_lint_auto/cmake)
[0.430s] -- Added test 'cppcheck' to perform static code analysis on C / C++ code
[0.430s] -- Configured cppcheck include dirs: 
[0.430s] -- Configured cppcheck exclude dirs and/or files: 
[0.431s] -- Added test 'lint_cmake' to check CMake code style
[0.431s] -- Added test 'uncrustify' to check C / C++ code style
[0.431s] -- Configured uncrustify additional arguments: 
[0.431s] -- Added test 'xmllint' to check XML markup files
[0.434s] -- Configuring done (0.4s)
[0.447s] -- Generating done (0.0s)
[0.450s] -- Build files have been written to: /home/parallels/dev/ros2/fishros/chapt3/topic_ws/build/demo_cpp_topic
[0.477s] [ 25%] [32mBuilding CXX object CMakeFiles/turtle_control.dir/src/turtle_control.cpp.o[0m
[0.485s] [ 50%] [32mBuilding CXX object CMakeFiles/turtle_circle.dir/src/turtle_circle.cpp.o[0m
