[0.008s] Invoking command in '/home/parallels/dev/ros2/fishros/chapt3/topic_practice_ws/build/status_display': AMENT_PREFIX_PATH=/home/parallels/dev/ros2/fishros/chapt3/topic_practice_ws/install/status_interfaces:${AMENT_PREFIX_PATH} CMAKE_PREFIX_PATH=/home/parallels/dev/ros2/fishros/chapt3/topic_practice_ws/install/status_interfaces:/opt/ros/jazzy/opt/gz_math_vendor:/opt/ros/jazzy/opt/gz_utils_vendor:/opt/ros/jazzy/opt/gz_cmake_vendor:/opt/ros/jazzy DEBUGINFOD_URLS=https://debuginfod.ubuntu.com LD_LIBRARY_PATH=/home/parallels/dev/ros2/fishros/chapt3/topic_practice_ws/install/status_interfaces/lib:${LD_LIBRARY_PATH} PYTHONPATH=/home/parallels/dev/ros2/fishros/chapt3/topic_practice_ws/install/status_interfaces/lib/python3.12/site-packages:${PYTHONPATH} /usr/bin/cmake --build /home/parallels/dev/ros2/fishros/chapt3/topic_practice_ws/build/status_display -- -j2 -l2
[0.046s] -- Found ament_cmake: 2.5.3 (/opt/ros/jazzy/share/ament_cmake/cmake)
[0.172s] -- Found rclcpp: 28.1.6 (/opt/ros/jazzy/share/rclcpp/cmake)
[0.193s] -- Found rosidl_generator_c: 4.6.5 (/opt/ros/jazzy/share/rosidl_generator_c/cmake)
[0.198s] -- Found rosidl_generator_cpp: 4.6.5 (/opt/ros/jazzy/share/rosidl_generator_cpp/cmake)
[0.206s] -- Using all available rosidl_typesupport_c: rosidl_typesupport_fastrtps_c;rosidl_typesupport_introspection_c
[0.214s] -- Using all available rosidl_typesupport_cpp: rosidl_typesupport_fastrtps_cpp;rosidl_typesupport_introspection_cpp
[0.251s] -- Found rmw_implementation_cmake: 7.3.1 (/opt/ros/jazzy/share/rmw_implementation_cmake/cmake)
[0.252s] -- Found rmw_fastrtps_cpp: 8.4.1 (/opt/ros/jazzy/share/rmw_fastrtps_cpp/cmake)
[0.287s] -- Using RMW implementation 'rmw_fastrtps_cpp' as default
[0.321s] -- Found status_interfaces: 0.0.0 (/home/parallels/dev/ros2/fishros/chapt3/topic_practice_ws/install/status_interfaces/share/status_interfaces/cmake)
[0.338s] -- Found ament_lint_auto: 0.17.1 (/opt/ros/jazzy/share/ament_lint_auto/cmake)
[0.389s] -- Added test 'cppcheck' to perform static code analysis on C / C++ code
[0.389s] -- Configured cppcheck include dirs: /home/parallels/dev/ros2/fishros/chapt3/topic_practice_ws/src/status_display/src
[0.390s] -- Configured cppcheck exclude dirs and/or files: 
[0.390s] -- Added test 'lint_cmake' to check CMake code style
[0.391s] -- Added test 'uncrustify' to check C / C++ code style
[0.391s] -- Configured uncrustify additional arguments: 
[0.391s] -- Added test 'xmllint' to check XML markup files
[0.392s] -- Configuring done (0.3s)
[0.417s] -- Generating done (0.0s)
[0.420s] -- Build files have been written to: /home/parallels/dev/ros2/fishros/chapt3/topic_practice_ws/build/status_display
[0.439s] [  0%] Built target hello_qt_autogen_timestamp_deps
[0.439s] [  0%] Built target sys_status_display_autogen_timestamp_deps
[0.450s] [ 10%] [34m[1mAutomatic MOC and UIC for target sys_status_display[0m
[0.453s] [ 20%] [34m[1mAutomatic MOC and UIC for target hello_qt[0m
[0.468s] [ 20%] Built target hello_qt_autogen
[0.484s] [ 30%] [32mBuilding CXX object CMakeFiles/hello_qt.dir/hello_qt_autogen/mocs_compilation.cpp.o[0m
[0.503s] [ 40%] [32mBuilding CXX object CMakeFiles/hello_qt.dir/src/hello_qt.cpp.o[0m
[0.856s] [ 40%] Built target sys_status_display_autogen
[0.887s] [ 50%] [32mBuilding CXX object CMakeFiles/sys_status_display.dir/sys_status_display_autogen/mocs_compilation.cpp.o[0m
[1.252s] [ 60%] [32m[1mLinking CXX executable hello_qt[0m
[1.445s] [ 70%] Built target hello_qt
[1.453s] [ 80%] [32mBuilding CXX object CMakeFiles/sys_status_display.dir/src/sys_status_display.cpp.o[0m
[5.371s] [ 90%] [32m[1mLinking CXX executable sys_status_display[0m
[5.782s] [100%] Built target sys_status_display
[5.788s] Invoked command in '/home/parallels/dev/ros2/fishros/chapt3/topic_practice_ws/build/status_display' returned '0': AMENT_PREFIX_PATH=/home/parallels/dev/ros2/fishros/chapt3/topic_practice_ws/install/status_interfaces:${AMENT_PREFIX_PATH} CMAKE_PREFIX_PATH=/home/parallels/dev/ros2/fishros/chapt3/topic_practice_ws/install/status_interfaces:/opt/ros/jazzy/opt/gz_math_vendor:/opt/ros/jazzy/opt/gz_utils_vendor:/opt/ros/jazzy/opt/gz_cmake_vendor:/opt/ros/jazzy DEBUGINFOD_URLS=https://debuginfod.ubuntu.com LD_LIBRARY_PATH=/home/parallels/dev/ros2/fishros/chapt3/topic_practice_ws/install/status_interfaces/lib:${LD_LIBRARY_PATH} PYTHONPATH=/home/parallels/dev/ros2/fishros/chapt3/topic_practice_ws/install/status_interfaces/lib/python3.12/site-packages:${PYTHONPATH} /usr/bin/cmake --build /home/parallels/dev/ros2/fishros/chapt3/topic_practice_ws/build/status_display -- -j2 -l2
[5.793s] Invoking command in '/home/parallels/dev/ros2/fishros/chapt3/topic_practice_ws/build/status_display': AMENT_PREFIX_PATH=/home/parallels/dev/ros2/fishros/chapt3/topic_practice_ws/install/status_interfaces:${AMENT_PREFIX_PATH} CMAKE_PREFIX_PATH=/home/parallels/dev/ros2/fishros/chapt3/topic_practice_ws/install/status_interfaces:/opt/ros/jazzy/opt/gz_math_vendor:/opt/ros/jazzy/opt/gz_utils_vendor:/opt/ros/jazzy/opt/gz_cmake_vendor:/opt/ros/jazzy DEBUGINFOD_URLS=https://debuginfod.ubuntu.com LD_LIBRARY_PATH=/home/parallels/dev/ros2/fishros/chapt3/topic_practice_ws/install/status_interfaces/lib:${LD_LIBRARY_PATH} PYTHONPATH=/home/parallels/dev/ros2/fishros/chapt3/topic_practice_ws/install/status_interfaces/lib/python3.12/site-packages:${PYTHONPATH} /usr/bin/cmake --install /home/parallels/dev/ros2/fishros/chapt3/topic_practice_ws/build/status_display
[5.798s] -- Install configuration: ""
[5.798s] -- Installing: /home/parallels/dev/ros2/fishros/chapt3/topic_practice_ws/install/status_display/lib/status_display/hello_qt
[5.799s] -- Installing: /home/parallels/dev/ros2/fishros/chapt3/topic_practice_ws/install/status_display/lib/status_display/sys_status_display
[5.801s] -- Set non-toolchain portion of runtime path of "/home/parallels/dev/ros2/fishros/chapt3/topic_practice_ws/install/status_display/lib/status_display/sys_status_display" to ""
[5.801s] -- Up-to-date: /home/parallels/dev/ros2/fishros/chapt3/topic_practice_ws/install/status_display/share/ament_index/resource_index/package_run_dependencies/status_display
[5.801s] -- Installing: /home/parallels/dev/ros2/fishros/chapt3/topic_practice_ws/install/status_display/share/ament_index/resource_index/parent_prefix_path/status_display
[5.802s] -- Up-to-date: /home/parallels/dev/ros2/fishros/chapt3/topic_practice_ws/install/status_display/share/status_display/environment/ament_prefix_path.sh
[5.802s] -- Up-to-date: /home/parallels/dev/ros2/fishros/chapt3/topic_practice_ws/install/status_display/share/status_display/environment/ament_prefix_path.dsv
[5.802s] -- Up-to-date: /home/parallels/dev/ros2/fishros/chapt3/topic_practice_ws/install/status_display/share/status_display/environment/path.sh
[5.802s] -- Up-to-date: /home/parallels/dev/ros2/fishros/chapt3/topic_practice_ws/install/status_display/share/status_display/environment/path.dsv
[5.802s] -- Up-to-date: /home/parallels/dev/ros2/fishros/chapt3/topic_practice_ws/install/status_display/share/status_display/local_setup.bash
[5.802s] -- Up-to-date: /home/parallels/dev/ros2/fishros/chapt3/topic_practice_ws/install/status_display/share/status_display/local_setup.sh
[5.802s] -- Up-to-date: /home/parallels/dev/ros2/fishros/chapt3/topic_practice_ws/install/status_display/share/status_display/local_setup.zsh
[5.802s] -- Up-to-date: /home/parallels/dev/ros2/fishros/chapt3/topic_practice_ws/install/status_display/share/status_display/local_setup.dsv
[5.802s] -- Installing: /home/parallels/dev/ros2/fishros/chapt3/topic_practice_ws/install/status_display/share/status_display/package.dsv
[5.802s] -- Up-to-date: /home/parallels/dev/ros2/fishros/chapt3/topic_practice_ws/install/status_display/share/ament_index/resource_index/packages/status_display
[5.802s] -- Up-to-date: /home/parallels/dev/ros2/fishros/chapt3/topic_practice_ws/install/status_display/share/status_display/cmake/status_displayConfig.cmake
[5.802s] -- Up-to-date: /home/parallels/dev/ros2/fishros/chapt3/topic_practice_ws/install/status_display/share/status_display/cmake/status_displayConfig-version.cmake
[5.802s] -- Up-to-date: /home/parallels/dev/ros2/fishros/chapt3/topic_practice_ws/install/status_display/share/status_display/package.xml
[5.803s] Invoked command in '/home/parallels/dev/ros2/fishros/chapt3/topic_practice_ws/build/status_display' returned '0': AMENT_PREFIX_PATH=/home/parallels/dev/ros2/fishros/chapt3/topic_practice_ws/install/status_interfaces:${AMENT_PREFIX_PATH} CMAKE_PREFIX_PATH=/home/parallels/dev/ros2/fishros/chapt3/topic_practice_ws/install/status_interfaces:/opt/ros/jazzy/opt/gz_math_vendor:/opt/ros/jazzy/opt/gz_utils_vendor:/opt/ros/jazzy/opt/gz_cmake_vendor:/opt/ros/jazzy DEBUGINFOD_URLS=https://debuginfod.ubuntu.com LD_LIBRARY_PATH=/home/parallels/dev/ros2/fishros/chapt3/topic_practice_ws/install/status_interfaces/lib:${LD_LIBRARY_PATH} PYTHONPATH=/home/parallels/dev/ros2/fishros/chapt3/topic_practice_ws/install/status_interfaces/lib/python3.12/site-packages:${PYTHONPATH} /usr/bin/cmake --install /home/parallels/dev/ros2/fishros/chapt3/topic_practice_ws/build/status_display
