[0.004s] Invoking command in '/home/parallels/dev/ros2/fishros/chapt6/chapt6_ws/build/fishhot_description': CMAKE_PREFIX_PATH=${CMAKE_PREFIX_PATH}:/opt/ros/jazzy DEBUGINFOD_URLS=https://debuginfod.ubuntu.com /usr/bin/cmake /home/parallels/dev/ros2/fishros/chapt6/chapt6_ws/src/fishhot_description -DCMAKE_INSTALL_PREFIX=/home/parallels/dev/ros2/fishros/chapt6/chapt6_ws/install/fishhot_description
[0.032s] -- The C compiler identification is GNU 13.3.0
[0.060s] -- The CXX compiler identification is GNU 13.3.0
[0.068s] -- Detecting C compiler ABI info
[0.105s] -- Detecting C compiler ABI info - done
[0.109s] -- Check for working C compiler: /usr/bin/cc - skipped
[0.110s] -- Detecting C compile features
[0.110s] -- Detecting C compile features - done
[0.114s] -- Detecting CXX compiler ABI info
[0.158s] -- Detecting CXX compiler ABI info - done
[0.162s] -- Check for working CXX compiler: /usr/bin/c++ - skipped
[0.163s] -- Detecting CXX compile features
[0.163s] -- Detecting CXX compile features - done
[0.164s] -- Found ament_cmake: 2.5.3 (/opt/ros/jazzy/share/ament_cmake/cmake)
[0.227s] -- Found Python3: /usr/bin/python3 (found version "3.12.3") found components: Interpreter 
[0.271s] -- Found ament_lint_auto: 0.17.1 (/opt/ros/jazzy/share/ament_lint_auto/cmake)
[0.325s] -- Added test 'flake8' to check Python code syntax and style conventions
[0.325s] -- Configured 'flake8' exclude dirs and/or files: 
[0.326s] -- Added test 'lint_cmake' to check CMake code style
[0.326s] -- Added test 'pep257' to check Python code against some of the docstring style conventions in PEP 257
[0.327s] -- Added test 'xmllint' to check XML markup files
[0.328s] -- Configuring done (0.3s)
[0.329s] -- Generating done (0.0s)
[0.330s] -- Build files have been written to: /home/parallels/dev/ros2/fishros/chapt6/chapt6_ws/build/fishhot_description
[0.333s] Invoked command in '/home/parallels/dev/ros2/fishros/chapt6/chapt6_ws/build/fishhot_description' returned '0': CMAKE_PREFIX_PATH=${CMAKE_PREFIX_PATH}:/opt/ros/jazzy DEBUGINFOD_URLS=https://debuginfod.ubuntu.com /usr/bin/cmake /home/parallels/dev/ros2/fishros/chapt6/chapt6_ws/src/fishhot_description -DCMAKE_INSTALL_PREFIX=/home/parallels/dev/ros2/fishros/chapt6/chapt6_ws/install/fishhot_description
[0.334s] Invoking command in '/home/parallels/dev/ros2/fishros/chapt6/chapt6_ws/build/fishhot_description': CMAKE_PREFIX_PATH=${CMAKE_PREFIX_PATH}:/opt/ros/jazzy DEBUGINFOD_URLS=https://debuginfod.ubuntu.com /usr/bin/cmake --build /home/parallels/dev/ros2/fishros/chapt6/chapt6_ws/build/fishhot_description -- -j4 -l4
[0.349s] Invoked command in '/home/parallels/dev/ros2/fishros/chapt6/chapt6_ws/build/fishhot_description' returned '0': CMAKE_PREFIX_PATH=${CMAKE_PREFIX_PATH}:/opt/ros/jazzy DEBUGINFOD_URLS=https://debuginfod.ubuntu.com /usr/bin/cmake --build /home/parallels/dev/ros2/fishros/chapt6/chapt6_ws/build/fishhot_description -- -j4 -l4
[0.352s] Invoking command in '/home/parallels/dev/ros2/fishros/chapt6/chapt6_ws/build/fishhot_description': CMAKE_PREFIX_PATH=${CMAKE_PREFIX_PATH}:/opt/ros/jazzy DEBUGINFOD_URLS=https://debuginfod.ubuntu.com /usr/bin/cmake --install /home/parallels/dev/ros2/fishros/chapt6/chapt6_ws/build/fishhot_description
[0.356s] -- Install configuration: ""
[0.356s] -- Installing: /home/parallels/dev/ros2/fishros/chapt6/chapt6_ws/install/fishhot_description/share/fishhot_description/launch
[0.356s] -- Installing: /home/parallels/dev/ros2/fishros/chapt6/chapt6_ws/install/fishhot_description/share/fishhot_description/launch/display_robot_launch.py
[0.356s] -- Installing: /home/parallels/dev/ros2/fishros/chapt6/chapt6_ws/install/fishhot_description/share/fishhot_description/urdf
[0.356s] -- Installing: /home/parallels/dev/ros2/fishros/chapt6/chapt6_ws/install/fishhot_description/share/fishhot_description/urdf/first-rebot.pdf
[0.356s] -- Installing: /home/parallels/dev/ros2/fishros/chapt6/chapt6_ws/install/fishhot_description/share/fishhot_description/urdf/first_rebot.urdf
[0.356s] -- Installing: /home/parallels/dev/ros2/fishros/chapt6/chapt6_ws/install/fishhot_description/share/fishhot_description/urdf/first-rebot.gv
[0.356s] -- Installing: /home/parallels/dev/ros2/fishros/chapt6/chapt6_ws/install/fishhot_description/share/ament_index/resource_index/package_run_dependencies/fishhot_description
[0.356s] -- Installing: /home/parallels/dev/ros2/fishros/chapt6/chapt6_ws/install/fishhot_description/share/ament_index/resource_index/parent_prefix_path/fishhot_description
[0.356s] -- Installing: /home/parallels/dev/ros2/fishros/chapt6/chapt6_ws/install/fishhot_description/share/fishhot_description/environment/ament_prefix_path.sh
[0.356s] -- Installing: /home/parallels/dev/ros2/fishros/chapt6/chapt6_ws/install/fishhot_description/share/fishhot_description/environment/ament_prefix_path.dsv
[0.356s] -- Installing: /home/parallels/dev/ros2/fishros/chapt6/chapt6_ws/install/fishhot_description/share/fishhot_description/environment/path.sh
[0.356s] -- Installing: /home/parallels/dev/ros2/fishros/chapt6/chapt6_ws/install/fishhot_description/share/fishhot_description/environment/path.dsv
[0.356s] -- Installing: /home/parallels/dev/ros2/fishros/chapt6/chapt6_ws/install/fishhot_description/share/fishhot_description/local_setup.bash
[0.356s] -- Installing: /home/parallels/dev/ros2/fishros/chapt6/chapt6_ws/install/fishhot_description/share/fishhot_description/local_setup.sh
[0.357s] -- Installing: /home/parallels/dev/ros2/fishros/chapt6/chapt6_ws/install/fishhot_description/share/fishhot_description/local_setup.zsh
[0.357s] -- Installing: /home/parallels/dev/ros2/fishros/chapt6/chapt6_ws/install/fishhot_description/share/fishhot_description/local_setup.dsv
[0.357s] -- Installing: /home/parallels/dev/ros2/fishros/chapt6/chapt6_ws/install/fishhot_description/share/fishhot_description/package.dsv
[0.357s] -- Installing: /home/parallels/dev/ros2/fishros/chapt6/chapt6_ws/install/fishhot_description/share/ament_index/resource_index/packages/fishhot_description
[0.357s] -- Installing: /home/parallels/dev/ros2/fishros/chapt6/chapt6_ws/install/fishhot_description/share/fishhot_description/cmake/fishhot_descriptionConfig.cmake
[0.357s] -- Installing: /home/parallels/dev/ros2/fishros/chapt6/chapt6_ws/install/fishhot_description/share/fishhot_description/cmake/fishhot_descriptionConfig-version.cmake
[0.357s] -- Installing: /home/parallels/dev/ros2/fishros/chapt6/chapt6_ws/install/fishhot_description/share/fishhot_description/package.xml
[0.358s] Invoked command in '/home/parallels/dev/ros2/fishros/chapt6/chapt6_ws/build/fishhot_description' returned '0': CMAKE_PREFIX_PATH=${CMAKE_PREFIX_PATH}:/opt/ros/jazzy DEBUGINFOD_URLS=https://debuginfod.ubuntu.com /usr/bin/cmake --install /home/parallels/dev/ros2/fishros/chapt6/chapt6_ws/build/fishhot_description
