[0.362s] Invoking command in '/home/parallels/dev/ros2/fishros/chapt4/chapt4_ws/src/demo_python_service': DEBUGINFOD_URLS=https://debuginfod.ubuntu.com PYTHONPATH=/home/parallels/dev/ros2/fishros/chapt4/chapt4_ws/build/demo_python_service/prefix_override:/usr/lib/python3/dist-packages/colcon_core/task/python/colcon_distutils_commands:/home/parallels/dev/ros2/fishros/chapt4/chapt4_ws/install/demo_python_service/lib/python3.12/site-packages:${PYTHONPATH} /usr/bin/python3 -W ignore:setup.py install is deprecated -W ignore:easy_install command is deprecated setup.py egg_info --egg-base ../../build/demo_python_service build --build-base /home/parallels/dev/ros2/fishros/chapt4/chapt4_ws/build/demo_python_service/build install --record /home/parallels/dev/ros2/fishros/chapt4/chapt4_ws/build/demo_python_service/install.log --single-version-externally-managed install_data
[0.460s] running egg_info
[0.460s] creating ../../build/demo_python_service/demo_python_service.egg-info
[0.467s] writing ../../build/demo_python_service/demo_python_service.egg-info/PKG-INFO
[0.467s] writing dependency_links to ../../build/demo_python_service/demo_python_service.egg-info/dependency_links.txt
[0.467s] writing requirements to ../../build/demo_python_service/demo_python_service.egg-info/requires.txt
[0.467s] writing top-level names to ../../build/demo_python_service/demo_python_service.egg-info/top_level.txt
[0.467s] writing manifest file '../../build/demo_python_service/demo_python_service.egg-info/SOURCES.txt'
[0.480s] reading manifest file '../../build/demo_python_service/demo_python_service.egg-info/SOURCES.txt'
[0.480s] adding license file 'LICENSE'
[0.480s] writing manifest file '../../build/demo_python_service/demo_python_service.egg-info/SOURCES.txt'
[0.480s] running build
[0.480s] running build_py
[0.480s] creating /home/parallels/dev/ros2/fishros/chapt4/chapt4_ws/build/demo_python_service/build
[0.481s] creating /home/parallels/dev/ros2/fishros/chapt4/chapt4_ws/build/demo_python_service/build/lib
[0.481s] creating /home/parallels/dev/ros2/fishros/chapt4/chapt4_ws/build/demo_python_service/build/lib/demo_python_service
[0.481s] copying demo_python_service/__init__.py -> /home/parallels/dev/ros2/fishros/chapt4/chapt4_ws/build/demo_python_service/build/lib/demo_python_service
[0.481s] running install
[0.483s] running install_lib
[0.490s] creating /home/parallels/dev/ros2/fishros/chapt4/chapt4_ws/install/demo_python_service/lib/python3.12/site-packages/demo_python_service
[0.490s] copying /home/parallels/dev/ros2/fishros/chapt4/chapt4_ws/build/demo_python_service/build/lib/demo_python_service/__init__.py -> /home/parallels/dev/ros2/fishros/chapt4/chapt4_ws/install/demo_python_service/lib/python3.12/site-packages/demo_python_service
[0.490s] byte-compiling /home/parallels/dev/ros2/fishros/chapt4/chapt4_ws/install/demo_python_service/lib/python3.12/site-packages/demo_python_service/__init__.py to __init__.cpython-312.pyc
[0.490s] running install_data
[0.490s] creating /home/parallels/dev/ros2/fishros/chapt4/chapt4_ws/install/demo_python_service/share/ament_index
[0.490s] creating /home/parallels/dev/ros2/fishros/chapt4/chapt4_ws/install/demo_python_service/share/ament_index/resource_index
[0.490s] creating /home/parallels/dev/ros2/fishros/chapt4/chapt4_ws/install/demo_python_service/share/ament_index/resource_index/packages
[0.490s] copying resource/demo_python_service -> /home/parallels/dev/ros2/fishros/chapt4/chapt4_ws/install/demo_python_service/share/ament_index/resource_index/packages
[0.490s] copying package.xml -> /home/parallels/dev/ros2/fishros/chapt4/chapt4_ws/install/demo_python_service/share/demo_python_service
[0.490s] running install_egg_info
[0.497s] Copying ../../build/demo_python_service/demo_python_service.egg-info to /home/parallels/dev/ros2/fishros/chapt4/chapt4_ws/install/demo_python_service/lib/python3.12/site-packages/demo_python_service-0.0.0-py3.12.egg-info
[0.498s] running install_scripts
[0.549s] writing list of installed files to '/home/parallels/dev/ros2/fishros/chapt4/chapt4_ws/build/demo_python_service/install.log'
[0.565s] Invoked command in '/home/parallels/dev/ros2/fishros/chapt4/chapt4_ws/src/demo_python_service' returned '0': DEBUGINFOD_URLS=https://debuginfod.ubuntu.com PYTHONPATH=/home/parallels/dev/ros2/fishros/chapt4/chapt4_ws/build/demo_python_service/prefix_override:/usr/lib/python3/dist-packages/colcon_core/task/python/colcon_distutils_commands:/home/parallels/dev/ros2/fishros/chapt4/chapt4_ws/install/demo_python_service/lib/python3.12/site-packages:${PYTHONPATH} /usr/bin/python3 -W ignore:setup.py install is deprecated -W ignore:easy_install command is deprecated setup.py egg_info --egg-base ../../build/demo_python_service build --build-base /home/parallels/dev/ros2/fishros/chapt4/chapt4_ws/build/demo_python_service/build install --record /home/parallels/dev/ros2/fishros/chapt4/chapt4_ws/build/demo_python_service/install.log --single-version-externally-managed install_data
