[0.631s] Invoking command in '/home/parallels/dev/ros2/fishros/chapt3/topic_ws/src/demo_python_topic': DEBUGINFOD_URLS=https://debuginfod.ubuntu.com PYTHONPATH=/home/parallels/dev/ros2/fishros/chapt3/topic_ws/build/demo_python_topic/prefix_override:/usr/lib/python3/dist-packages/colcon_core/task/python/colcon_distutils_commands:/home/parallels/dev/ros2/fishros/chapt3/topic_ws/install/demo_python_topic/lib/python3.12/site-packages:${PYTHONPATH} /usr/bin/python3 -W ignore:setup.py install is deprecated -W ignore:easy_install command is deprecated setup.py egg_info --egg-base ../../build/demo_python_topic build --build-base /home/parallels/dev/ros2/fishros/chapt3/topic_ws/build/demo_python_topic/build install --record /home/parallels/dev/ros2/fishros/chapt3/topic_ws/build/demo_python_topic/install.log --single-version-externally-managed install_data
[0.737s] running egg_info
[0.743s] writing ../../build/demo_python_topic/demo_python_topic.egg-info/PKG-INFO
[0.744s] writing dependency_links to ../../build/demo_python_topic/demo_python_topic.egg-info/dependency_links.txt
[0.744s] writing entry points to ../../build/demo_python_topic/demo_python_topic.egg-info/entry_points.txt
[0.745s] writing requirements to ../../build/demo_python_topic/demo_python_topic.egg-info/requires.txt
[0.745s] writing top-level names to ../../build/demo_python_topic/demo_python_topic.egg-info/top_level.txt
[0.758s] reading manifest file '../../build/demo_python_topic/demo_python_topic.egg-info/SOURCES.txt'
[0.758s] adding license file 'LICENSE'
[0.759s] writing manifest file '../../build/demo_python_topic/demo_python_topic.egg-info/SOURCES.txt'
[0.759s] running build
[0.760s] running build_py
[0.760s] running install
[0.764s] running install_lib
[0.770s] running install_data
[0.771s] running install_egg_info
[0.778s] removing '/home/parallels/dev/ros2/fishros/chapt3/topic_ws/install/demo_python_topic/lib/python3.12/site-packages/demo_python_topic-0.0.0-py3.12.egg-info' (and everything under it)
[0.781s] Copying ../../build/demo_python_topic/demo_python_topic.egg-info to /home/parallels/dev/ros2/fishros/chapt3/topic_ws/install/demo_python_topic/lib/python3.12/site-packages/demo_python_topic-0.0.0-py3.12.egg-info
[0.783s] running install_scripts
[0.833s] Installing novel_pub script to /home/parallels/dev/ros2/fishros/chapt3/topic_ws/install/demo_python_topic/lib/demo_python_topic
[0.834s] Installing novel_sub script to /home/parallels/dev/ros2/fishros/chapt3/topic_ws/install/demo_python_topic/lib/demo_python_topic
[0.834s] writing list of installed files to '/home/parallels/dev/ros2/fishros/chapt3/topic_ws/build/demo_python_topic/install.log'
[0.849s] Invoked command in '/home/parallels/dev/ros2/fishros/chapt3/topic_ws/src/demo_python_topic' returned '0': DEBUGINFOD_URLS=https://debuginfod.ubuntu.com PYTHONPATH=/home/parallels/dev/ros2/fishros/chapt3/topic_ws/build/demo_python_topic/prefix_override:/usr/lib/python3/dist-packages/colcon_core/task/python/colcon_distutils_commands:/home/parallels/dev/ros2/fishros/chapt3/topic_ws/install/demo_python_topic/lib/python3.12/site-packages:${PYTHONPATH} /usr/bin/python3 -W ignore:setup.py install is deprecated -W ignore:easy_install command is deprecated setup.py egg_info --egg-base ../../build/demo_python_topic build --build-base /home/parallels/dev/ros2/fishros/chapt3/topic_ws/build/demo_python_topic/build install --record /home/parallels/dev/ros2/fishros/chapt3/topic_ws/build/demo_python_topic/install.log --single-version-externally-managed install_data
