[0.934s] Invoking command in '/home/parallels/dev/ros2/fishros/chapt3/topic_practice_ws/src/status_publisher': AMENT_PREFIX_PATH=/home/parallels/dev/ros2/fishros/chapt3/topic_practice_ws/install/status_interfaces:${AMENT_PREFIX_PATH} CMAKE_PREFIX_PATH=/home/parallels/dev/ros2/fishros/chapt3/topic_practice_ws/install/status_interfaces:${CMAKE_PREFIX_PATH} DEBUGINFOD_URLS=https://debuginfod.ubuntu.com LD_LIBRARY_PATH=/home/parallels/dev/ros2/fishros/chapt3/topic_practice_ws/install/status_interfaces/lib:${LD_LIBRARY_PATH} PYTHONPATH=/home/parallels/dev/ros2/fishros/chapt3/topic_practice_ws/build/status_publisher/prefix_override:/usr/lib/python3/dist-packages/colcon_core/task/python/colcon_distutils_commands:/home/parallels/dev/ros2/fishros/chapt3/topic_practice_ws/install/status_publisher/lib/python3.12/site-packages:/home/parallels/dev/ros2/fishros/chapt3/topic_practice_ws/install/status_interfaces/lib/python3.12/site-packages:${PYTHONPATH} /usr/bin/python3 -W ignore:setup.py install is deprecated -W ignore:easy_install command is deprecated setup.py egg_info --egg-base ../../build/status_publisher build --build-base /home/parallels/dev/ros2/fishros/chapt3/topic_practice_ws/build/status_publisher/build install --record /home/parallels/dev/ros2/fishros/chapt3/topic_practice_ws/build/status_publisher/install.log --single-version-externally-managed install_data
[1.133s] running egg_info
[1.149s] writing ../../build/status_publisher/status_publisher.egg-info/PKG-INFO
[1.150s] writing dependency_links to ../../build/status_publisher/status_publisher.egg-info/dependency_links.txt
[1.150s] writing entry points to ../../build/status_publisher/status_publisher.egg-info/entry_points.txt
[1.150s] writing requirements to ../../build/status_publisher/status_publisher.egg-info/requires.txt
[1.150s] writing top-level names to ../../build/status_publisher/status_publisher.egg-info/top_level.txt
[1.169s] reading manifest file '../../build/status_publisher/status_publisher.egg-info/SOURCES.txt'
[1.170s] adding license file 'LICENSE'
[1.170s] writing manifest file '../../build/status_publisher/status_publisher.egg-info/SOURCES.txt'
[1.171s] running build
[1.171s] running build_py
[1.172s] running install
[1.180s] running install_lib
[1.191s] running install_data
[1.193s] running install_egg_info
[1.208s] removing '/home/parallels/dev/ros2/fishros/chapt3/topic_practice_ws/install/status_publisher/lib/python3.12/site-packages/status_publisher-0.0.0-py3.12.egg-info' (and everything under it)
[1.210s] Copying ../../build/status_publisher/status_publisher.egg-info to /home/parallels/dev/ros2/fishros/chapt3/topic_practice_ws/install/status_publisher/lib/python3.12/site-packages/status_publisher-0.0.0-py3.12.egg-info
[1.211s] running install_scripts
[1.487s] Installing sys_status_pub script to /home/parallels/dev/ros2/fishros/chapt3/topic_practice_ws/install/status_publisher/lib/status_publisher
[1.487s] writing list of installed files to '/home/parallels/dev/ros2/fishros/chapt3/topic_practice_ws/build/status_publisher/install.log'
[1.536s] Invoked command in '/home/parallels/dev/ros2/fishros/chapt3/topic_practice_ws/src/status_publisher' returned '0': AMENT_PREFIX_PATH=/home/parallels/dev/ros2/fishros/chapt3/topic_practice_ws/install/status_interfaces:${AMENT_PREFIX_PATH} CMAKE_PREFIX_PATH=/home/parallels/dev/ros2/fishros/chapt3/topic_practice_ws/install/status_interfaces:${CMAKE_PREFIX_PATH} DEBUGINFOD_URLS=https://debuginfod.ubuntu.com LD_LIBRARY_PATH=/home/parallels/dev/ros2/fishros/chapt3/topic_practice_ws/install/status_interfaces/lib:${LD_LIBRARY_PATH} PYTHONPATH=/home/parallels/dev/ros2/fishros/chapt3/topic_practice_ws/build/status_publisher/prefix_override:/usr/lib/python3/dist-packages/colcon_core/task/python/colcon_distutils_commands:/home/parallels/dev/ros2/fishros/chapt3/topic_practice_ws/install/status_publisher/lib/python3.12/site-packages:/home/parallels/dev/ros2/fishros/chapt3/topic_practice_ws/install/status_interfaces/lib/python3.12/site-packages:${PYTHONPATH} /usr/bin/python3 -W ignore:setup.py install is deprecated -W ignore:easy_install command is deprecated setup.py egg_info --egg-base ../../build/status_publisher build --build-base /home/parallels/dev/ros2/fishros/chapt3/topic_practice_ws/build/status_publisher/build install --record /home/parallels/dev/ros2/fishros/chapt3/topic_practice_ws/build/status_publisher/install.log --single-version-externally-managed install_data
