[0.307s] Invoking command in '/home/parallels/dev/ros2/fishros/chapt3/topic_ws/src/demo_python_topic': DEBUGINFOD_URLS=https://debuginfod.ubuntu.com PYTHONPATH=/home/parallels/dev/ros2/fishros/chapt3/topic_ws/build/demo_python_topic/prefix_override:/usr/lib/python3/dist-packages/colcon_core/task/python/colcon_distutils_commands:/home/parallels/dev/ros2/fishros/chapt3/topic_ws/install/demo_python_topic/lib/python3.12/site-packages:${PYTHONPATH} /usr/bin/python3 -W ignore:setup.py install is deprecated -W ignore:easy_install command is deprecated setup.py egg_info --egg-base ../../build/demo_python_topic build --build-base /home/parallels/dev/ros2/fishros/chapt3/topic_ws/build/demo_python_topic/build install --record /home/parallels/dev/ros2/fishros/chapt3/topic_ws/build/demo_python_topic/install.log --single-version-externally-managed install_data
[0.405s] running egg_info
[0.411s] writing ../../build/demo_python_topic/demo_python_topic.egg-info/PKG-INFO
[0.411s] writing dependency_links to ../../build/demo_python_topic/demo_python_topic.egg-info/dependency_links.txt
[0.411s] writing entry points to ../../build/demo_python_topic/demo_python_topic.egg-info/entry_points.txt
[0.411s] writing requirements to ../../build/demo_python_topic/demo_python_topic.egg-info/requires.txt
[0.411s] writing top-level names to ../../build/demo_python_topic/demo_python_topic.egg-info/top_level.txt
[0.425s] reading manifest file '../../build/demo_python_topic/demo_python_topic.egg-info/SOURCES.txt'
[0.425s] adding license file 'LICENSE'
[0.425s] writing manifest file '../../build/demo_python_topic/demo_python_topic.egg-info/SOURCES.txt'
[0.425s] running build
[0.425s] running build_py
[0.425s] copying demo_python_topic/novel_pub_node.py -> /home/parallels/dev/ros2/fishros/chapt3/topic_ws/build/demo_python_topic/build/lib/demo_python_topic
[0.425s] running install
[0.428s] running install_lib
[0.434s] copying /home/parallels/dev/ros2/fishros/chapt3/topic_ws/build/demo_python_topic/build/lib/demo_python_topic/novel_pub_node.py -> /home/parallels/dev/ros2/fishros/chapt3/topic_ws/install/demo_python_topic/lib/python3.12/site-packages/demo_python_topic
[0.435s] byte-compiling /home/parallels/dev/ros2/fishros/chapt3/topic_ws/install/demo_python_topic/lib/python3.12/site-packages/demo_python_topic/novel_pub_node.py to novel_pub_node.cpython-312.pyc
[0.435s] running install_data
[0.435s] running install_egg_info
[0.442s] removing '/home/parallels/dev/ros2/fishros/chapt3/topic_ws/install/demo_python_topic/lib/python3.12/site-packages/demo_python_topic-0.0.0-py3.12.egg-info' (and everything under it)
[0.442s] Copying ../../build/demo_python_topic/demo_python_topic.egg-info to /home/parallels/dev/ros2/fishros/chapt3/topic_ws/install/demo_python_topic/lib/python3.12/site-packages/demo_python_topic-0.0.0-py3.12.egg-info
[0.442s] running install_scripts
[0.489s] Installing novel_pub script to /home/parallels/dev/ros2/fishros/chapt3/topic_ws/install/demo_python_topic/lib/demo_python_topic
[0.490s] writing list of installed files to '/home/parallels/dev/ros2/fishros/chapt3/topic_ws/build/demo_python_topic/install.log'
[0.502s] Invoked command in '/home/parallels/dev/ros2/fishros/chapt3/topic_ws/src/demo_python_topic' returned '0': DEBUGINFOD_URLS=https://debuginfod.ubuntu.com PYTHONPATH=/home/parallels/dev/ros2/fishros/chapt3/topic_ws/build/demo_python_topic/prefix_override:/usr/lib/python3/dist-packages/colcon_core/task/python/colcon_distutils_commands:/home/parallels/dev/ros2/fishros/chapt3/topic_ws/install/demo_python_topic/lib/python3.12/site-packages:${PYTHONPATH} /usr/bin/python3 -W ignore:setup.py install is deprecated -W ignore:easy_install command is deprecated setup.py egg_info --egg-base ../../build/demo_python_topic build --build-base /home/parallels/dev/ros2/fishros/chapt3/topic_ws/build/demo_python_topic/build install --record /home/parallels/dev/ros2/fishros/chapt3/topic_ws/build/demo_python_topic/install.log --single-version-externally-managed install_data
