[0.347s] Invoking command in '/home/parallels/dev/ros2/fishros/chapt4/chapt4_ws/src/demo_python_service': DEBUGINFOD_URLS=https://debuginfod.ubuntu.com PYTHONPATH=/home/parallels/dev/ros2/fishros/chapt4/chapt4_ws/build/demo_python_service/prefix_override:/usr/lib/python3/dist-packages/colcon_core/task/python/colcon_distutils_commands:/home/parallels/dev/ros2/fishros/chapt4/chapt4_ws/install/demo_python_service/lib/python3.12/site-packages:${PYTHONPATH} /usr/bin/python3 -W ignore:setup.py install is deprecated -W ignore:easy_install command is deprecated setup.py egg_info --egg-base ../../build/demo_python_service build --build-base /home/parallels/dev/ros2/fishros/chapt4/chapt4_ws/build/demo_python_service/build install --record /home/parallels/dev/ros2/fishros/chapt4/chapt4_ws/build/demo_python_service/install.log --single-version-externally-managed install_data
[0.456s] running egg_info
[0.463s] writing ../../build/demo_python_service/demo_python_service.egg-info/PKG-INFO
[0.463s] writing dependency_links to ../../build/demo_python_service/demo_python_service.egg-info/dependency_links.txt
[0.463s] writing entry points to ../../build/demo_python_service/demo_python_service.egg-info/entry_points.txt
[0.464s] writing requirements to ../../build/demo_python_service/demo_python_service.egg-info/requires.txt
[0.464s] writing top-level names to ../../build/demo_python_service/demo_python_service.egg-info/top_level.txt
[0.477s] reading manifest file '../../build/demo_python_service/demo_python_service.egg-info/SOURCES.txt'
[0.478s] adding license file 'LICENSE'
[0.478s] writing manifest file '../../build/demo_python_service/demo_python_service.egg-info/SOURCES.txt'
[0.478s] running build
[0.478s] running build_py
[0.478s] copying demo_python_service/face_detect_node.py -> /home/parallels/dev/ros2/fishros/chapt4/chapt4_ws/build/demo_python_service/build/lib/demo_python_service
[0.478s] running install
[0.482s] running install_lib
[0.489s] copying /home/parallels/dev/ros2/fishros/chapt4/chapt4_ws/build/demo_python_service/build/lib/demo_python_service/face_detect_node.py -> /home/parallels/dev/ros2/fishros/chapt4/chapt4_ws/install/demo_python_service/lib/python3.12/site-packages/demo_python_service
[0.489s] byte-compiling /home/parallels/dev/ros2/fishros/chapt4/chapt4_ws/install/demo_python_service/lib/python3.12/site-packages/demo_python_service/face_detect_node.py to face_detect_node.cpython-312.pyc
[0.490s] running install_data
[0.490s] running install_egg_info
[0.497s] removing '/home/parallels/dev/ros2/fishros/chapt4/chapt4_ws/install/demo_python_service/lib/python3.12/site-packages/demo_python_service-0.0.0-py3.12.egg-info' (and everything under it)
[0.497s] Copying ../../build/demo_python_service/demo_python_service.egg-info to /home/parallels/dev/ros2/fishros/chapt4/chapt4_ws/install/demo_python_service/lib/python3.12/site-packages/demo_python_service-0.0.0-py3.12.egg-info
[0.498s] running install_scripts
[0.552s] Installing face_detect_client_node script to /home/parallels/dev/ros2/fishros/chapt4/chapt4_ws/install/demo_python_service/lib/demo_python_service
[0.552s] Installing face_detect_node script to /home/parallels/dev/ros2/fishros/chapt4/chapt4_ws/install/demo_python_service/lib/demo_python_service
[0.552s] Installing learn_face_detect script to /home/parallels/dev/ros2/fishros/chapt4/chapt4_ws/install/demo_python_service/lib/demo_python_service
[0.552s] writing list of installed files to '/home/parallels/dev/ros2/fishros/chapt4/chapt4_ws/build/demo_python_service/install.log'
[0.569s] Invoked command in '/home/parallels/dev/ros2/fishros/chapt4/chapt4_ws/src/demo_python_service' returned '0': DEBUGINFOD_URLS=https://debuginfod.ubuntu.com PYTHONPATH=/home/parallels/dev/ros2/fishros/chapt4/chapt4_ws/build/demo_python_service/prefix_override:/usr/lib/python3/dist-packages/colcon_core/task/python/colcon_distutils_commands:/home/parallels/dev/ros2/fishros/chapt4/chapt4_ws/install/demo_python_service/lib/python3.12/site-packages:${PYTHONPATH} /usr/bin/python3 -W ignore:setup.py install is deprecated -W ignore:easy_install command is deprecated setup.py egg_info --egg-base ../../build/demo_python_service build --build-base /home/parallels/dev/ros2/fishros/chapt4/chapt4_ws/build/demo_python_service/build install --record /home/parallels/dev/ros2/fishros/chapt4/chapt4_ws/build/demo_python_service/install.log --single-version-externally-managed install_data
