[0.368s] Invoking command in '/home/parallels/dev/ros2/fishros/chapt5/chapt5_ws/src/demo_python_tf': DEBUGINFOD_URLS=https://debuginfod.ubuntu.com PYTHONPATH=/home/parallels/dev/ros2/fishros/chapt5/chapt5_ws/build/demo_python_tf/prefix_override:/usr/lib/python3/dist-packages/colcon_core/task/python/colcon_distutils_commands:/home/parallels/dev/ros2/fishros/chapt5/chapt5_ws/install/demo_python_tf/lib/python3.12/site-packages:${PYTHONPATH} /usr/bin/python3 -W ignore:setup.py install is deprecated -W ignore:easy_install command is deprecated setup.py egg_info --egg-base ../../build/demo_python_tf build --build-base /home/parallels/dev/ros2/fishros/chapt5/chapt5_ws/build/demo_python_tf/build install --record /home/parallels/dev/ros2/fishros/chapt5/chapt5_ws/build/demo_python_tf/install.log --single-version-externally-managed install_data
[0.477s] running egg_info
[0.484s] writing ../../build/demo_python_tf/demo_python_tf.egg-info/PKG-INFO
[0.484s] writing dependency_links to ../../build/demo_python_tf/demo_python_tf.egg-info/dependency_links.txt
[0.484s] writing entry points to ../../build/demo_python_tf/demo_python_tf.egg-info/entry_points.txt
[0.485s] writing requirements to ../../build/demo_python_tf/demo_python_tf.egg-info/requires.txt
[0.485s] writing top-level names to ../../build/demo_python_tf/demo_python_tf.egg-info/top_level.txt
[0.499s] reading manifest file '../../build/demo_python_tf/demo_python_tf.egg-info/SOURCES.txt'
[0.499s] adding license file 'LICENSE'
[0.499s] writing manifest file '../../build/demo_python_tf/demo_python_tf.egg-info/SOURCES.txt'
[0.500s] running build
[0.500s] running build_py
[0.500s] copying demo_python_tf/tf_listener.py -> /home/parallels/dev/ros2/fishros/chapt5/chapt5_ws/build/demo_python_tf/build/lib/demo_python_tf
[0.500s] running install
[0.503s] running install_lib
[0.512s] copying /home/parallels/dev/ros2/fishros/chapt5/chapt5_ws/build/demo_python_tf/build/lib/demo_python_tf/tf_listener.py -> /home/parallels/dev/ros2/fishros/chapt5/chapt5_ws/install/demo_python_tf/lib/python3.12/site-packages/demo_python_tf
[0.512s] byte-compiling /home/parallels/dev/ros2/fishros/chapt5/chapt5_ws/install/demo_python_tf/lib/python3.12/site-packages/demo_python_tf/tf_listener.py to tf_listener.cpython-312.pyc
[0.513s] running install_data
[0.513s] running install_egg_info
[0.522s] removing '/home/parallels/dev/ros2/fishros/chapt5/chapt5_ws/install/demo_python_tf/lib/python3.12/site-packages/demo_python_tf-0.0.0-py3.12.egg-info' (and everything under it)
[0.522s] Copying ../../build/demo_python_tf/demo_python_tf.egg-info to /home/parallels/dev/ros2/fishros/chapt5/chapt5_ws/install/demo_python_tf/lib/python3.12/site-packages/demo_python_tf-0.0.0-py3.12.egg-info
[0.522s] running install_scripts
[0.579s] Installing dynamic_tf_broadcaster script to /home/parallels/dev/ros2/fishros/chapt5/chapt5_ws/install/demo_python_tf/lib/demo_python_tf
[0.579s] Installing static_tf_broadcaster script to /home/parallels/dev/ros2/fishros/chapt5/chapt5_ws/install/demo_python_tf/lib/demo_python_tf
[0.579s] Installing tf_listener script to /home/parallels/dev/ros2/fishros/chapt5/chapt5_ws/install/demo_python_tf/lib/demo_python_tf
[0.580s] writing list of installed files to '/home/parallels/dev/ros2/fishros/chapt5/chapt5_ws/build/demo_python_tf/install.log'
[0.595s] Invoked command in '/home/parallels/dev/ros2/fishros/chapt5/chapt5_ws/src/demo_python_tf' returned '0': DEBUGINFOD_URLS=https://debuginfod.ubuntu.com PYTHONPATH=/home/parallels/dev/ros2/fishros/chapt5/chapt5_ws/build/demo_python_tf/prefix_override:/usr/lib/python3/dist-packages/colcon_core/task/python/colcon_distutils_commands:/home/parallels/dev/ros2/fishros/chapt5/chapt5_ws/install/demo_python_tf/lib/python3.12/site-packages:${PYTHONPATH} /usr/bin/python3 -W ignore:setup.py install is deprecated -W ignore:easy_install command is deprecated setup.py egg_info --egg-base ../../build/demo_python_tf build --build-base /home/parallels/dev/ros2/fishros/chapt5/chapt5_ws/build/demo_python_tf/build install --record /home/parallels/dev/ros2/fishros/chapt5/chapt5_ws/build/demo_python_tf/install.log --single-version-externally-managed install_data
