[0.336s] Invoking command in '/home/parallels/dev/ros2/fishros/chapt4/chapt4_ws/src/demo_python_service': DEBUGINFOD_URLS=https://debuginfod.ubuntu.com PYTHONPATH=/home/parallels/dev/ros2/fishros/chapt4/chapt4_ws/build/demo_python_service/prefix_override:/usr/lib/python3/dist-packages/colcon_core/task/python/colcon_distutils_commands:/home/parallels/dev/ros2/fishros/chapt4/chapt4_ws/install/demo_python_service/lib/python3.12/site-packages:${PYTHONPATH} /usr/bin/python3 -W ignore:setup.py install is deprecated -W ignore:easy_install command is deprecated setup.py egg_info --egg-base ../../build/demo_python_service build --build-base /home/parallels/dev/ros2/fishros/chapt4/chapt4_ws/build/demo_python_service/build install --record /home/parallels/dev/ros2/fishros/chapt4/chapt4_ws/build/demo_python_service/install.log --single-version-externally-managed install_data
[0.434s] running egg_info
[0.440s] writing ../../build/demo_python_service/demo_python_service.egg-info/PKG-INFO
[0.441s] writing dependency_links to ../../build/demo_python_service/demo_python_service.egg-info/dependency_links.txt
[0.441s] writing entry points to ../../build/demo_python_service/demo_python_service.egg-info/entry_points.txt
[0.441s] writing requirements to ../../build/demo_python_service/demo_python_service.egg-info/requires.txt
[0.441s] writing top-level names to ../../build/demo_python_service/demo_python_service.egg-info/top_level.txt
[0.453s] reading manifest file '../../build/demo_python_service/demo_python_service.egg-info/SOURCES.txt'
[0.453s] adding license file 'LICENSE'
[0.454s] writing manifest file '../../build/demo_python_service/demo_python_service.egg-info/SOURCES.txt'
[0.454s] running build
[0.454s] running build_py
[0.454s] copying demo_python_service/face_detect_client_node.py -> /home/parallels/dev/ros2/fishros/chapt4/chapt4_ws/build/demo_python_service/build/lib/demo_python_service
[0.454s] running install
[0.457s] running install_lib
[0.463s] copying /home/parallels/dev/ros2/fishros/chapt4/chapt4_ws/build/demo_python_service/build/lib/demo_python_service/face_detect_client_node.py -> /home/parallels/dev/ros2/fishros/chapt4/chapt4_ws/install/demo_python_service/lib/python3.12/site-packages/demo_python_service
[0.463s] byte-compiling /home/parallels/dev/ros2/fishros/chapt4/chapt4_ws/install/demo_python_service/lib/python3.12/site-packages/demo_python_service/face_detect_client_node.py to face_detect_client_node.cpython-312.pyc
[0.464s] running install_data
[0.464s] running install_egg_info
[0.471s] removing '/home/parallels/dev/ros2/fishros/chapt4/chapt4_ws/install/demo_python_service/lib/python3.12/site-packages/demo_python_service-0.0.0-py3.12.egg-info' (and everything under it)
[0.471s] Copying ../../build/demo_python_service/demo_python_service.egg-info to /home/parallels/dev/ros2/fishros/chapt4/chapt4_ws/install/demo_python_service/lib/python3.12/site-packages/demo_python_service-0.0.0-py3.12.egg-info
[0.471s] running install_scripts
[0.522s] Installing face_detect_client_node script to /home/parallels/dev/ros2/fishros/chapt4/chapt4_ws/install/demo_python_service/lib/demo_python_service
[0.522s] Installing face_detect_node script to /home/parallels/dev/ros2/fishros/chapt4/chapt4_ws/install/demo_python_service/lib/demo_python_service
[0.523s] Installing learn_face_detect script to /home/parallels/dev/ros2/fishros/chapt4/chapt4_ws/install/demo_python_service/lib/demo_python_service
[0.523s] writing list of installed files to '/home/parallels/dev/ros2/fishros/chapt4/chapt4_ws/build/demo_python_service/install.log'
[0.540s] Invoked command in '/home/parallels/dev/ros2/fishros/chapt4/chapt4_ws/src/demo_python_service' returned '0': DEBUGINFOD_URLS=https://debuginfod.ubuntu.com PYTHONPATH=/home/parallels/dev/ros2/fishros/chapt4/chapt4_ws/build/demo_python_service/prefix_override:/usr/lib/python3/dist-packages/colcon_core/task/python/colcon_distutils_commands:/home/parallels/dev/ros2/fishros/chapt4/chapt4_ws/install/demo_python_service/lib/python3.12/site-packages:${PYTHONPATH} /usr/bin/python3 -W ignore:setup.py install is deprecated -W ignore:easy_install command is deprecated setup.py egg_info --egg-base ../../build/demo_python_service build --build-base /home/parallels/dev/ros2/fishros/chapt4/chapt4_ws/build/demo_python_service/build install --record /home/parallels/dev/ros2/fishros/chapt4/chapt4_ws/build/demo_python_service/install.log --single-version-externally-managed install_data
