-- Install configuration: ""
-- Up-to-date: /home/parallels/dev/ros2/fishros/chapt6/chapt6_ws/install/fishhot_description/share/fishhot_description/launch
-- Up-to-date: /home/parallels/dev/ros2/fishros/chapt6/chapt6_ws/install/fishhot_description/share/fishhot_description/launch/display_robot_launch.py
-- Up-to-date: /home/parallels/dev/ros2/fishros/chapt6/chapt6_ws/install/fishhot_description/share/fishhot_description/urdf
-- Up-to-date: /home/parallels/dev/ros2/fishros/chapt6/chapt6_ws/install/fishhot_description/share/fishhot_description/urdf/fishbot
-- Up-to-date: /home/parallels/dev/ros2/fishros/chapt6/chapt6_ws/install/fishhot_description/share/fishhot_description/urdf/fishbot/base.urdf.xacro
-- Installing: /home/parallels/dev/ros2/fishros/chapt6/chapt6_ws/install/fishhot_description/share/fishhot_description/urdf/fishbot/fishbot.urdf.xacro
-- Up-to-date: /home/parallels/dev/ros2/fishros/chapt6/chapt6_ws/install/fishhot_description/share/fishhot_description/urdf/fishbot/actuator
-- Up-to-date: /home/parallels/dev/ros2/fishros/chapt6/chapt6_ws/install/fishhot_description/share/fishhot_description/urdf/fishbot/actuator/wheel.urdf.xacro
-- Up-to-date: /home/parallels/dev/ros2/fishros/chapt6/chapt6_ws/install/fishhot_description/share/fishhot_description/urdf/fishbot/actuator/caster.urdf.xacro
-- Up-to-date: /home/parallels/dev/ros2/fishros/chapt6/chapt6_ws/install/fishhot_description/share/fishhot_description/urdf/fishbot/sensor
-- Up-to-date: /home/parallels/dev/ros2/fishros/chapt6/chapt6_ws/install/fishhot_description/share/fishhot_description/urdf/fishbot/sensor/imu.urdf.xacro
-- Up-to-date: /home/parallels/dev/ros2/fishros/chapt6/chapt6_ws/install/fishhot_description/share/fishhot_description/urdf/fishbot/sensor/laser.urdf.xacro
-- Up-to-date: /home/parallels/dev/ros2/fishros/chapt6/chapt6_ws/install/fishhot_description/share/fishhot_description/urdf/fishbot/sensor/camera.urdf.xacro
-- Up-to-date: /home/parallels/dev/ros2/fishros/chapt6/chapt6_ws/install/fishhot_description/share/fishhot_description/urdf/first-rebot.pdf
-- Up-to-date: /home/parallels/dev/ros2/fishros/chapt6/chapt6_ws/install/fishhot_description/share/fishhot_description/urdf/first_rebot.urdf
-- Up-to-date: /home/parallels/dev/ros2/fishros/chapt6/chapt6_ws/install/fishhot_description/share/fishhot_description/urdf/first_robot.xacro
-- Up-to-date: /home/parallels/dev/ros2/fishros/chapt6/chapt6_ws/install/fishhot_description/share/fishhot_description/urdf/first-rebot.gv
-- Up-to-date: /home/parallels/dev/ros2/fishros/chapt6/chapt6_ws/install/fishhot_description/share/fishhot_description/config
-- Up-to-date: /home/parallels/dev/ros2/fishros/chapt6/chapt6_ws/install/fishhot_description/share/fishhot_description/config/urdf_config.rviz
-- Up-to-date: /home/parallels/dev/ros2/fishros/chapt6/chapt6_ws/install/fishhot_description/share/ament_index/resource_index/package_run_dependencies/fishhot_description
-- Up-to-date: /home/parallels/dev/ros2/fishros/chapt6/chapt6_ws/install/fishhot_description/share/ament_index/resource_index/parent_prefix_path/fishhot_description
-- Up-to-date: /home/parallels/dev/ros2/fishros/chapt6/chapt6_ws/install/fishhot_description/share/fishhot_description/environment/ament_prefix_path.sh
-- Up-to-date: /home/parallels/dev/ros2/fishros/chapt6/chapt6_ws/install/fishhot_description/share/fishhot_description/environment/ament_prefix_path.dsv
-- Up-to-date: /home/parallels/dev/ros2/fishros/chapt6/chapt6_ws/install/fishhot_description/share/fishhot_description/environment/path.sh
-- Up-to-date: /home/parallels/dev/ros2/fishros/chapt6/chapt6_ws/install/fishhot_description/share/fishhot_description/environment/path.dsv
-- Up-to-date: /home/parallels/dev/ros2/fishros/chapt6/chapt6_ws/install/fishhot_description/share/fishhot_description/local_setup.bash
-- Up-to-date: /home/parallels/dev/ros2/fishros/chapt6/chapt6_ws/install/fishhot_description/share/fishhot_description/local_setup.sh
-- Up-to-date: /home/parallels/dev/ros2/fishros/chapt6/chapt6_ws/install/fishhot_description/share/fishhot_description/local_setup.zsh
-- Up-to-date: /home/parallels/dev/ros2/fishros/chapt6/chapt6_ws/install/fishhot_description/share/fishhot_description/local_setup.dsv
-- Installing: /home/parallels/dev/ros2/fishros/chapt6/chapt6_ws/install/fishhot_description/share/fishhot_description/package.dsv
-- Up-to-date: /home/parallels/dev/ros2/fishros/chapt6/chapt6_ws/install/fishhot_description/share/ament_index/resource_index/packages/fishhot_description
-- Up-to-date: /home/parallels/dev/ros2/fishros/chapt6/chapt6_ws/install/fishhot_description/share/fishhot_description/cmake/fishhot_descriptionConfig.cmake
-- Up-to-date: /home/parallels/dev/ros2/fishros/chapt6/chapt6_ws/install/fishhot_description/share/fishhot_description/cmake/fishhot_descriptionConfig-version.cmake
-- Up-to-date: /home/parallels/dev/ros2/fishros/chapt6/chapt6_ws/install/fishhot_description/share/fishhot_description/package.xml
