[0.003s] Invoking command in '/home/parallels/dev/ros2/fishros/chapt4/chapt4_ws/build/demo_cpp_service': AMENT_PREFIX_PATH=/home/parallels/dev/ros2/fishros/chapt4/chapt4_ws/install/chapt4_interfaces:${AMENT_PREFIX_PATH} CMAKE_PREFIX_PATH=/home/parallels/dev/ros2/fishros/chapt4/chapt4_ws/install/chapt4_interfaces:/opt/ros/jazzy/opt/gz_math_vendor:/opt/ros/jazzy/opt/gz_utils_vendor:/opt/ros/jazzy/opt/gz_cmake_vendor:/opt/ros/jazzy DEBUGINFOD_URLS=https://debuginfod.ubuntu.com LD_LIBRARY_PATH=/home/parallels/dev/ros2/fishros/chapt4/chapt4_ws/install/chapt4_interfaces/lib:${LD_LIBRARY_PATH} PYTHONPATH=/home/parallels/dev/ros2/fishros/chapt4/chapt4_ws/install/chapt4_interfaces/lib/python3.12/site-packages:${PYTHONPATH} /usr/bin/cmake --build /home/parallels/dev/ros2/fishros/chapt4/chapt4_ws/build/demo_cpp_service -- -j4 -l4
[0.016s] -- Found ament_cmake: 2.5.3 (/opt/ros/jazzy/share/ament_cmake/cmake)
[0.117s] -- Found chapt4_interfaces: 0.0.0 (/home/parallels/dev/ros2/fishros/chapt4/chapt4_ws/install/chapt4_interfaces/share/chapt4_interfaces/cmake)
[0.130s] -- Found rosidl_generator_c: 4.6.5 (/opt/ros/jazzy/share/rosidl_generator_c/cmake)
[0.134s] -- Found rosidl_generator_cpp: 4.6.5 (/opt/ros/jazzy/share/rosidl_generator_cpp/cmake)
[0.139s] -- Using all available rosidl_typesupport_c: rosidl_typesupport_fastrtps_c;rosidl_typesupport_introspection_c
[0.145s] -- Using all available rosidl_typesupport_cpp: rosidl_typesupport_fastrtps_cpp;rosidl_typesupport_introspection_cpp
[0.189s] -- Found rclcpp: 28.1.6 (/opt/ros/jazzy/share/rclcpp/cmake)
[0.205s] -- Found rmw_implementation_cmake: 7.3.1 (/opt/ros/jazzy/share/rmw_implementation_cmake/cmake)
[0.205s] -- Found rmw_fastrtps_cpp: 8.4.1 (/opt/ros/jazzy/share/rmw_fastrtps_cpp/cmake)
[0.235s] -- Using RMW implementation 'rmw_fastrtps_cpp' as default
[0.262s] -- Found turtlesim: 1.8.3 (/opt/ros/jazzy/share/turtlesim/cmake)
[0.287s] -- Found ament_lint_auto: 0.17.1 (/opt/ros/jazzy/share/ament_lint_auto/cmake)
[0.341s] -- Added test 'cppcheck' to perform static code analysis on C / C++ code
[0.342s] -- Configured cppcheck include dirs: 
[0.342s] -- Configured cppcheck exclude dirs and/or files: 
[0.342s] -- Added test 'flake8' to check Python code syntax and style conventions
[0.342s] -- Configured 'flake8' exclude dirs and/or files: 
[0.342s] -- Added test 'lint_cmake' to check CMake code style
[0.342s] -- Added test 'pep257' to check Python code against some of the docstring style conventions in PEP 257
[0.342s] -- Added test 'uncrustify' to check C / C++ code style
[0.342s] -- Configured uncrustify additional arguments: 
[0.343s] -- Added test 'xmllint' to check XML markup files
[0.343s] -- Configuring done (0.3s)
[0.352s] -- Generating done (0.0s)
[0.355s] -- Build files have been written to: /home/parallels/dev/ros2/fishros/chapt4/chapt4_ws/build/demo_cpp_service
[0.378s] [ 50%] Built target patrol_client
[0.379s] [100%] Built target turtle_control
[0.386s] Invoked command in '/home/parallels/dev/ros2/fishros/chapt4/chapt4_ws/build/demo_cpp_service' returned '0': AMENT_PREFIX_PATH=/home/parallels/dev/ros2/fishros/chapt4/chapt4_ws/install/chapt4_interfaces:${AMENT_PREFIX_PATH} CMAKE_PREFIX_PATH=/home/parallels/dev/ros2/fishros/chapt4/chapt4_ws/install/chapt4_interfaces:/opt/ros/jazzy/opt/gz_math_vendor:/opt/ros/jazzy/opt/gz_utils_vendor:/opt/ros/jazzy/opt/gz_cmake_vendor:/opt/ros/jazzy DEBUGINFOD_URLS=https://debuginfod.ubuntu.com LD_LIBRARY_PATH=/home/parallels/dev/ros2/fishros/chapt4/chapt4_ws/install/chapt4_interfaces/lib:${LD_LIBRARY_PATH} PYTHONPATH=/home/parallels/dev/ros2/fishros/chapt4/chapt4_ws/install/chapt4_interfaces/lib/python3.12/site-packages:${PYTHONPATH} /usr/bin/cmake --build /home/parallels/dev/ros2/fishros/chapt4/chapt4_ws/build/demo_cpp_service -- -j4 -l4
[0.387s] Invoking command in '/home/parallels/dev/ros2/fishros/chapt4/chapt4_ws/build/demo_cpp_service': AMENT_PREFIX_PATH=/home/parallels/dev/ros2/fishros/chapt4/chapt4_ws/install/chapt4_interfaces:${AMENT_PREFIX_PATH} CMAKE_PREFIX_PATH=/home/parallels/dev/ros2/fishros/chapt4/chapt4_ws/install/chapt4_interfaces:/opt/ros/jazzy/opt/gz_math_vendor:/opt/ros/jazzy/opt/gz_utils_vendor:/opt/ros/jazzy/opt/gz_cmake_vendor:/opt/ros/jazzy DEBUGINFOD_URLS=https://debuginfod.ubuntu.com LD_LIBRARY_PATH=/home/parallels/dev/ros2/fishros/chapt4/chapt4_ws/install/chapt4_interfaces/lib:${LD_LIBRARY_PATH} PYTHONPATH=/home/parallels/dev/ros2/fishros/chapt4/chapt4_ws/install/chapt4_interfaces/lib/python3.12/site-packages:${PYTHONPATH} /usr/bin/cmake --install /home/parallels/dev/ros2/fishros/chapt4/chapt4_ws/build/demo_cpp_service
[0.390s] -- Install configuration: ""
[0.390s] -- Up-to-date: /home/parallels/dev/ros2/fishros/chapt4/chapt4_ws/install/demo_cpp_service/lib/demo_cpp_service/turtle_control
[0.391s] -- Up-to-date: /home/parallels/dev/ros2/fishros/chapt4/chapt4_ws/install/demo_cpp_service/lib/demo_cpp_service/patrol_client
[0.391s] -- Installing: /home/parallels/dev/ros2/fishros/chapt4/chapt4_ws/install/demo_cpp_service/share/demo_cpp_service/launch
[0.391s] -- Installing: /home/parallels/dev/ros2/fishros/chapt4/chapt4_ws/install/demo_cpp_service/share/demo_cpp_service/launch/demo.launch.py
[0.391s] -- Up-to-date: /home/parallels/dev/ros2/fishros/chapt4/chapt4_ws/install/demo_cpp_service/share/ament_index/resource_index/package_run_dependencies/demo_cpp_service
[0.391s] -- Up-to-date: /home/parallels/dev/ros2/fishros/chapt4/chapt4_ws/install/demo_cpp_service/share/ament_index/resource_index/parent_prefix_path/demo_cpp_service
[0.391s] -- Up-to-date: /home/parallels/dev/ros2/fishros/chapt4/chapt4_ws/install/demo_cpp_service/share/demo_cpp_service/environment/ament_prefix_path.sh
[0.391s] -- Up-to-date: /home/parallels/dev/ros2/fishros/chapt4/chapt4_ws/install/demo_cpp_service/share/demo_cpp_service/environment/ament_prefix_path.dsv
[0.391s] -- Up-to-date: /home/parallels/dev/ros2/fishros/chapt4/chapt4_ws/install/demo_cpp_service/share/demo_cpp_service/environment/path.sh
[0.391s] -- Up-to-date: /home/parallels/dev/ros2/fishros/chapt4/chapt4_ws/install/demo_cpp_service/share/demo_cpp_service/environment/path.dsv
[0.391s] -- Up-to-date: /home/parallels/dev/ros2/fishros/chapt4/chapt4_ws/install/demo_cpp_service/share/demo_cpp_service/local_setup.bash
[0.391s] -- Up-to-date: /home/parallels/dev/ros2/fishros/chapt4/chapt4_ws/install/demo_cpp_service/share/demo_cpp_service/local_setup.sh
[0.391s] -- Up-to-date: /home/parallels/dev/ros2/fishros/chapt4/chapt4_ws/install/demo_cpp_service/share/demo_cpp_service/local_setup.zsh
[0.391s] -- Up-to-date: /home/parallels/dev/ros2/fishros/chapt4/chapt4_ws/install/demo_cpp_service/share/demo_cpp_service/local_setup.dsv
[0.391s] -- Installing: /home/parallels/dev/ros2/fishros/chapt4/chapt4_ws/install/demo_cpp_service/share/demo_cpp_service/package.dsv
[0.391s] -- Up-to-date: /home/parallels/dev/ros2/fishros/chapt4/chapt4_ws/install/demo_cpp_service/share/ament_index/resource_index/packages/demo_cpp_service
[0.391s] -- Up-to-date: /home/parallels/dev/ros2/fishros/chapt4/chapt4_ws/install/demo_cpp_service/share/demo_cpp_service/cmake/demo_cpp_serviceConfig.cmake
[0.391s] -- Up-to-date: /home/parallels/dev/ros2/fishros/chapt4/chapt4_ws/install/demo_cpp_service/share/demo_cpp_service/cmake/demo_cpp_serviceConfig-version.cmake
[0.391s] -- Up-to-date: /home/parallels/dev/ros2/fishros/chapt4/chapt4_ws/install/demo_cpp_service/share/demo_cpp_service/package.xml
[0.393s] Invoked command in '/home/parallels/dev/ros2/fishros/chapt4/chapt4_ws/build/demo_cpp_service' returned '0': AMENT_PREFIX_PATH=/home/parallels/dev/ros2/fishros/chapt4/chapt4_ws/install/chapt4_interfaces:${AMENT_PREFIX_PATH} CMAKE_PREFIX_PATH=/home/parallels/dev/ros2/fishros/chapt4/chapt4_ws/install/chapt4_interfaces:/opt/ros/jazzy/opt/gz_math_vendor:/opt/ros/jazzy/opt/gz_utils_vendor:/opt/ros/jazzy/opt/gz_cmake_vendor:/opt/ros/jazzy DEBUGINFOD_URLS=https://debuginfod.ubuntu.com LD_LIBRARY_PATH=/home/parallels/dev/ros2/fishros/chapt4/chapt4_ws/install/chapt4_interfaces/lib:${LD_LIBRARY_PATH} PYTHONPATH=/home/parallels/dev/ros2/fishros/chapt4/chapt4_ws/install/chapt4_interfaces/lib/python3.12/site-packages:${PYTHONPATH} /usr/bin/cmake --install /home/parallels/dev/ros2/fishros/chapt4/chapt4_ws/build/demo_cpp_service
