[0.004s] Invoking command in '/home/parallels/dev/ros2/fishros/chapt3/topic_practice_ws/build/status_interfaces': CMAKE_PREFIX_PATH=${CMAKE_PREFIX_PATH}:/opt/ros/jazzy DEBUGINFOD_URLS=https://debuginfod.ubuntu.com /usr/bin/cmake --build /home/parallels/dev/ros2/fishros/chapt3/topic_practice_ws/build/status_interfaces -- -j2 -l2
[0.019s] -- Found ament_cmake: 2.5.3 (/opt/ros/jazzy/share/ament_cmake/cmake)
[0.035s] -- Found Python3: /usr/bin/python3 (found version "3.12.3") found components: Interpreter 
[0.074s] -- Found builtin_interfaces: 2.0.2 (/opt/ros/jazzy/share/builtin_interfaces/cmake)
[0.085s] -- Found rosidl_generator_c: 4.6.5 (/opt/ros/jazzy/share/rosidl_generator_c/cmake)
[0.089s] -- Found rosidl_generator_cpp: 4.6.5 (/opt/ros/jazzy/share/rosidl_generator_cpp/cmake)
[0.093s] -- Using all available rosidl_typesupport_c: rosidl_typesupport_fastrtps_c;rosidl_typesupport_introspection_c
[0.099s] -- Using all available rosidl_typesupport_cpp: rosidl_typesupport_fastrtps_cpp;rosidl_typesupport_introspection_cpp
[0.104s] -- Found rosidl_default_generators: 1.6.0 (/opt/ros/jazzy/share/rosidl_default_generators/cmake)
[0.107s] -- Found rosidl_adapter: 4.6.5 (/opt/ros/jazzy/share/rosidl_adapter/cmake)
[0.216s] -- Found ament_cmake_ros: 0.12.0 (/opt/ros/jazzy/share/ament_cmake_ros/cmake)
[0.283s] -- Using all available rosidl_typesupport_c: rosidl_typesupport_fastrtps_c;rosidl_typesupport_introspection_c
[0.309s] -- Using all available rosidl_typesupport_cpp: rosidl_typesupport_fastrtps_cpp;rosidl_typesupport_introspection_cpp
[0.309s] -- Found python_cmake_module: 0.11.1 (/opt/ros/jazzy/share/python_cmake_module/cmake)
[0.427s] -- Found Python3: /usr/bin/python3 (found version "3.12.3") found components: Interpreter Development NumPy Development.Module Development.Embed 
[0.432s] -- Found ament_lint_auto: 0.17.1 (/opt/ros/jazzy/share/ament_lint_auto/cmake)
[0.437s] -- Added test 'lint_cmake' to check CMake code style
[0.437s] -- Added test 'xmllint' to check XML markup files
[0.437s] -- Configuring done (0.4s)
[0.452s] -- Generating done (0.0s)
[0.457s] -- Build files have been written to: /home/parallels/dev/ros2/fishros/chapt3/topic_practice_ws/build/status_interfaces
[0.479s] [  2%] [34m[1mGenerating type hashes for ROS interfaces[0m
[0.481s] [  2%] Built target ament_cmake_python_copy_status_interfaces
[0.585s] running egg_info
[0.592s] writing status_interfaces.egg-info/PKG-INFO
[0.592s] writing dependency_links to status_interfaces.egg-info/dependency_links.txt
[0.592s] writing top-level names to status_interfaces.egg-info/top_level.txt
[0.613s] reading manifest file 'status_interfaces.egg-info/SOURCES.txt'
[0.614s] writing manifest file 'status_interfaces.egg-info/SOURCES.txt'
[0.619s] [  2%] Built target status_interfaces__rosidl_generator_type_description
[0.632s] [  5%] [34m[1mGenerating C++ code for ROS interfaces[0m
[0.648s] [  5%] Built target ament_cmake_python_build_status_interfaces_egg
[0.668s] [  8%] [34m[1mGenerating C code for ROS interfaces[0m
[0.852s] [  8%] Built target status_interfaces__cpp
[0.877s] [ 11%] [32mBuilding C object CMakeFiles/status_interfaces__rosidl_generator_c.dir/rosidl_generator_c/status_interfaces/msg/detail/system_status__description.c.o[0m
[0.878s] [ 14%] [32mBuilding C object CMakeFiles/status_interfaces__rosidl_generator_c.dir/rosidl_generator_c/status_interfaces/msg/detail/system_status__functions.c.o[0m
[0.907s] [ 17%] [32mBuilding C object CMakeFiles/status_interfaces__rosidl_generator_c.dir/rosidl_generator_c/status_interfaces/msg/detail/system_status__type_support.c.o[0m
[0.927s] [ 20%] [32m[1mLinking C shared library libstatus_interfaces__rosidl_generator_c.so[0m
[0.945s] [ 20%] Built target status_interfaces__rosidl_generator_c
[0.951s] [ 26%] [34m[1mGenerating C type support for eProsima Fast-RTPS[0m
[0.951s] [ 26%] [34m[1mGenerating C++ type support dispatch for ROS interfaces[0m
[1.077s] [ 29%] [32mBuilding CXX object CMakeFiles/status_interfaces__rosidl_typesupport_cpp.dir/rosidl_typesupport_cpp/status_interfaces/msg/system_status__type_support.cpp.o[0m
[1.105s] [ 32%] [32mBuilding CXX object CMakeFiles/status_interfaces__rosidl_typesupport_fastrtps_c.dir/rosidl_typesupport_fastrtps_c/status_interfaces/msg/detail/system_status__type_support_c.cpp.o[0m
[1.264s] [ 35%] [32m[1mLinking CXX shared library libstatus_interfaces__rosidl_typesupport_cpp.so[0m
[1.287s] [ 35%] Built target status_interfaces__rosidl_typesupport_cpp
[1.291s] [ 38%] [34m[1mGenerating C++ type support for eProsima Fast-RTPS[0m
[1.345s] [ 41%] [32m[1mLinking CXX shared library libstatus_interfaces__rosidl_typesupport_fastrtps_c.so[0m
[1.377s] [ 41%] Built target status_interfaces__rosidl_typesupport_fastrtps_c
[1.382s] [ 44%] [34m[1mGenerating C introspection for ROS interfaces[0m
[1.436s] [ 47%] [32mBuilding CXX object CMakeFiles/status_interfaces__rosidl_typesupport_fastrtps_cpp.dir/rosidl_typesupport_fastrtps_cpp/status_interfaces/msg/detail/dds_fastrtps/system_status__type_support.cpp.o[0m
[1.522s] [ 50%] [32mBuilding C object CMakeFiles/status_interfaces__rosidl_typesupport_introspection_c.dir/rosidl_typesupport_introspection_c/status_interfaces/msg/detail/system_status__type_support.c.o[0m
[1.544s] [ 52%] [32m[1mLinking C shared library libstatus_interfaces__rosidl_typesupport_introspection_c.so[0m
[1.559s] [ 52%] Built target status_interfaces__rosidl_typesupport_introspection_c
[1.562s] [ 55%] [34m[1mGenerating C type support dispatch for ROS interfaces[0m
[1.652s] [ 58%] [32m[1mLinking CXX shared library libstatus_interfaces__rosidl_typesupport_fastrtps_cpp.so[0m
[1.682s] [ 58%] Built target status_interfaces__rosidl_typesupport_fastrtps_cpp
[1.686s] [ 61%] [32mBuilding CXX object CMakeFiles/status_interfaces__rosidl_typesupport_c.dir/rosidl_typesupport_c/status_interfaces/msg/system_status__type_support.cpp.o[0m
[1.686s] [ 64%] [34m[1mGenerating C++ introspection for ROS interfaces[0m
[1.704s] [ 67%] [32m[1mLinking CXX shared library libstatus_interfaces__rosidl_typesupport_c.so[0m
[1.727s] [ 67%] Built target status_interfaces__rosidl_typesupport_c
[1.815s] [ 70%] [32mBuilding CXX object CMakeFiles/status_interfaces__rosidl_typesupport_introspection_cpp.dir/rosidl_typesupport_introspection_cpp/status_interfaces/msg/detail/system_status__type_support.cpp.o[0m
[1.942s] [ 73%] [32m[1mLinking CXX shared library libstatus_interfaces__rosidl_typesupport_introspection_cpp.so[0m
[1.969s] [ 73%] Built target status_interfaces__rosidl_typesupport_introspection_cpp
[1.978s] [ 73%] Built target status_interfaces
[1.986s] [ 76%] [34m[1mGenerating Python code for ROS interfaces[0m
[2.170s] [ 76%] Built target status_interfaces__py
[2.177s] [ 79%] [32mBuilding C object CMakeFiles/status_interfaces__rosidl_generator_py.dir/rosidl_generator_py/status_interfaces/msg/_system_status_s.c.o[0m
[2.247s] [ 82%] [32m[1mLinking C shared library libstatus_interfaces__rosidl_generator_py.so[0m
[2.264s] [ 82%] Built target status_interfaces__rosidl_generator_py
[2.272s] [ 85%] [32mBuilding C object CMakeFiles/status_interfaces_s__rosidl_typesupport_fastrtps_c.dir/rosidl_generator_py/status_interfaces/_status_interfaces_s.ep.rosidl_typesupport_fastrtps_c.c.o[0m
[2.272s] [ 88%] [32mBuilding C object CMakeFiles/status_interfaces_s__rosidl_typesupport_introspection_c.dir/rosidl_generator_py/status_interfaces/_status_interfaces_s.ep.rosidl_typesupport_introspection_c.c.o[0m
[2.314s] [ 91%] [32m[1mLinking C shared module rosidl_generator_py/status_interfaces/status_interfaces_s__rosidl_typesupport_introspection_c.so[0m
[2.317s] [ 94%] [32m[1mLinking C shared module rosidl_generator_py/status_interfaces/status_interfaces_s__rosidl_typesupport_fastrtps_c.so[0m
[2.328s] [ 94%] Built target status_interfaces_s__rosidl_typesupport_introspection_c
[2.333s] [ 94%] Built target status_interfaces_s__rosidl_typesupport_fastrtps_c
[2.336s] [ 97%] [32mBuilding C object CMakeFiles/status_interfaces_s__rosidl_typesupport_c.dir/rosidl_generator_py/status_interfaces/_status_interfaces_s.ep.rosidl_typesupport_c.c.o[0m
[2.377s] [100%] [32m[1mLinking C shared module rosidl_generator_py/status_interfaces/status_interfaces_s__rosidl_typesupport_c.so[0m
[2.388s] [100%] Built target status_interfaces_s__rosidl_typesupport_c
[2.392s] Invoked command in '/home/parallels/dev/ros2/fishros/chapt3/topic_practice_ws/build/status_interfaces' returned '0': CMAKE_PREFIX_PATH=${CMAKE_PREFIX_PATH}:/opt/ros/jazzy DEBUGINFOD_URLS=https://debuginfod.ubuntu.com /usr/bin/cmake --build /home/parallels/dev/ros2/fishros/chapt3/topic_practice_ws/build/status_interfaces -- -j2 -l2
[2.396s] Invoking command in '/home/parallels/dev/ros2/fishros/chapt3/topic_practice_ws/build/status_interfaces': CMAKE_PREFIX_PATH=${CMAKE_PREFIX_PATH}:/opt/ros/jazzy DEBUGINFOD_URLS=https://debuginfod.ubuntu.com /usr/bin/cmake --install /home/parallels/dev/ros2/fishros/chapt3/topic_practice_ws/build/status_interfaces
[2.399s] -- Install configuration: ""
[2.399s] -- Installing: /home/parallels/dev/ros2/fishros/chapt3/topic_practice_ws/install/status_interfaces/share/ament_index/resource_index/rosidl_interfaces/status_interfaces
[2.400s] -- Installing: /home/parallels/dev/ros2/fishros/chapt3/topic_practice_ws/install/status_interfaces/share/status_interfaces/msg/SystemStatus.json
[2.400s] -- Installing: /home/parallels/dev/ros2/fishros/chapt3/topic_practice_ws/install/status_interfaces/include/status_interfaces/status_interfaces
[2.400s] -- Installing: /home/parallels/dev/ros2/fishros/chapt3/topic_practice_ws/install/status_interfaces/include/status_interfaces/status_interfaces/msg
[2.400s] -- Installing: /home/parallels/dev/ros2/fishros/chapt3/topic_practice_ws/install/status_interfaces/include/status_interfaces/status_interfaces/msg/system_status.h
[2.400s] -- Installing: /home/parallels/dev/ros2/fishros/chapt3/topic_practice_ws/install/status_interfaces/include/status_interfaces/status_interfaces/msg/detail
[2.400s] -- Installing: /home/parallels/dev/ros2/fishros/chapt3/topic_practice_ws/install/status_interfaces/include/status_interfaces/status_interfaces/msg/detail/system_status__type_support.c
[2.400s] -- Installing: /home/parallels/dev/ros2/fishros/chapt3/topic_practice_ws/install/status_interfaces/include/status_interfaces/status_interfaces/msg/detail/system_status__functions.c
[2.400s] -- Installing: /home/parallels/dev/ros2/fishros/chapt3/topic_practice_ws/install/status_interfaces/include/status_interfaces/status_interfaces/msg/detail/system_status__type_support.h
[2.400s] -- Installing: /home/parallels/dev/ros2/fishros/chapt3/topic_practice_ws/install/status_interfaces/include/status_interfaces/status_interfaces/msg/detail/system_status__struct.h
[2.400s] -- Installing: /home/parallels/dev/ros2/fishros/chapt3/topic_practice_ws/install/status_interfaces/include/status_interfaces/status_interfaces/msg/detail/system_status__description.c
[2.400s] -- Installing: /home/parallels/dev/ros2/fishros/chapt3/topic_practice_ws/install/status_interfaces/include/status_interfaces/status_interfaces/msg/detail/system_status__functions.h
[2.400s] -- Installing: /home/parallels/dev/ros2/fishros/chapt3/topic_practice_ws/install/status_interfaces/include/status_interfaces/status_interfaces/msg/rosidl_generator_c__visibility_control.h
[2.400s] -- Installing: /home/parallels/dev/ros2/fishros/chapt3/topic_practice_ws/install/status_interfaces/share/status_interfaces/environment/library_path.sh
[2.400s] -- Installing: /home/parallels/dev/ros2/fishros/chapt3/topic_practice_ws/install/status_interfaces/share/status_interfaces/environment/library_path.dsv
[2.401s] -- Installing: /home/parallels/dev/ros2/fishros/chapt3/topic_practice_ws/install/status_interfaces/lib/libstatus_interfaces__rosidl_generator_c.so
[2.401s] -- Set non-toolchain portion of runtime path of "/home/parallels/dev/ros2/fishros/chapt3/topic_practice_ws/install/status_interfaces/lib/libstatus_interfaces__rosidl_generator_c.so" to ""
[2.401s] -- Up-to-date: /home/parallels/dev/ros2/fishros/chapt3/topic_practice_ws/install/status_interfaces/include/status_interfaces/status_interfaces
[2.401s] -- Up-to-date: /home/parallels/dev/ros2/fishros/chapt3/topic_practice_ws/install/status_interfaces/include/status_interfaces/status_interfaces/msg
[2.401s] -- Up-to-date: /home/parallels/dev/ros2/fishros/chapt3/topic_practice_ws/install/status_interfaces/include/status_interfaces/status_interfaces/msg/detail
[2.401s] -- Installing: /home/parallels/dev/ros2/fishros/chapt3/topic_practice_ws/install/status_interfaces/include/status_interfaces/status_interfaces/msg/detail/system_status__rosidl_typesupport_fastrtps_c.h
[2.401s] -- Installing: /home/parallels/dev/ros2/fishros/chapt3/topic_practice_ws/install/status_interfaces/include/status_interfaces/status_interfaces/msg/rosidl_typesupport_fastrtps_c__visibility_control.h
[2.401s] -- Installing: /home/parallels/dev/ros2/fishros/chapt3/topic_practice_ws/install/status_interfaces/lib/libstatus_interfaces__rosidl_typesupport_fastrtps_c.so
[2.401s] -- Set non-toolchain portion of runtime path of "/home/parallels/dev/ros2/fishros/chapt3/topic_practice_ws/install/status_interfaces/lib/libstatus_interfaces__rosidl_typesupport_fastrtps_c.so" to ""
[2.401s] -- Up-to-date: /home/parallels/dev/ros2/fishros/chapt3/topic_practice_ws/install/status_interfaces/include/status_interfaces/status_interfaces
[2.401s] -- Up-to-date: /home/parallels/dev/ros2/fishros/chapt3/topic_practice_ws/install/status_interfaces/include/status_interfaces/status_interfaces/msg
[2.401s] -- Installing: /home/parallels/dev/ros2/fishros/chapt3/topic_practice_ws/install/status_interfaces/include/status_interfaces/status_interfaces/msg/system_status.hpp
[2.401s] -- Up-to-date: /home/parallels/dev/ros2/fishros/chapt3/topic_practice_ws/install/status_interfaces/include/status_interfaces/status_interfaces/msg/detail
[2.401s] -- Installing: /home/parallels/dev/ros2/fishros/chapt3/topic_practice_ws/install/status_interfaces/include/status_interfaces/status_interfaces/msg/detail/system_status__traits.hpp
[2.401s] -- Installing: /home/parallels/dev/ros2/fishros/chapt3/topic_practice_ws/install/status_interfaces/include/status_interfaces/status_interfaces/msg/detail/system_status__builder.hpp
[2.401s] -- Installing: /home/parallels/dev/ros2/fishros/chapt3/topic_practice_ws/install/status_interfaces/include/status_interfaces/status_interfaces/msg/detail/system_status__type_support.hpp
[2.401s] -- Installing: /home/parallels/dev/ros2/fishros/chapt3/topic_practice_ws/install/status_interfaces/include/status_interfaces/status_interfaces/msg/detail/system_status__struct.hpp
[2.401s] -- Installing: /home/parallels/dev/ros2/fishros/chapt3/topic_practice_ws/install/status_interfaces/include/status_interfaces/status_interfaces/msg/rosidl_generator_cpp__visibility_control.hpp
[2.402s] -- Up-to-date: /home/parallels/dev/ros2/fishros/chapt3/topic_practice_ws/install/status_interfaces/include/status_interfaces/status_interfaces
[2.402s] -- Up-to-date: /home/parallels/dev/ros2/fishros/chapt3/topic_practice_ws/install/status_interfaces/include/status_interfaces/status_interfaces/msg
[2.402s] -- Installing: /home/parallels/dev/ros2/fishros/chapt3/topic_practice_ws/install/status_interfaces/include/status_interfaces/status_interfaces/msg/rosidl_typesupport_fastrtps_cpp__visibility_control.h
[2.403s] -- Up-to-date: /home/parallels/dev/ros2/fishros/chapt3/topic_practice_ws/install/status_interfaces/include/status_interfaces/status_interfaces/msg/detail
[2.403s] -- Installing: /home/parallels/dev/ros2/fishros/chapt3/topic_practice_ws/install/status_interfaces/include/status_interfaces/status_interfaces/msg/detail/dds_fastrtps
[2.403s] -- Installing: /home/parallels/dev/ros2/fishros/chapt3/topic_practice_ws/install/status_interfaces/include/status_interfaces/status_interfaces/msg/detail/system_status__rosidl_typesupport_fastrtps_cpp.hpp
[2.403s] -- Installing: /home/parallels/dev/ros2/fishros/chapt3/topic_practice_ws/install/status_interfaces/lib/libstatus_interfaces__rosidl_typesupport_fastrtps_cpp.so
[2.403s] -- Set non-toolchain portion of runtime path of "/home/parallels/dev/ros2/fishros/chapt3/topic_practice_ws/install/status_interfaces/lib/libstatus_interfaces__rosidl_typesupport_fastrtps_cpp.so" to ""
[2.403s] -- Up-to-date: /home/parallels/dev/ros2/fishros/chapt3/topic_practice_ws/install/status_interfaces/include/status_interfaces/status_interfaces
[2.403s] -- Up-to-date: /home/parallels/dev/ros2/fishros/chapt3/topic_practice_ws/install/status_interfaces/include/status_interfaces/status_interfaces/msg
[2.403s] -- Installing: /home/parallels/dev/ros2/fishros/chapt3/topic_practice_ws/install/status_interfaces/include/status_interfaces/status_interfaces/msg/rosidl_typesupport_introspection_c__visibility_control.h
[2.403s] -- Up-to-date: /home/parallels/dev/ros2/fishros/chapt3/topic_practice_ws/install/status_interfaces/include/status_interfaces/status_interfaces/msg/detail
[2.403s] -- Installing: /home/parallels/dev/ros2/fishros/chapt3/topic_practice_ws/install/status_interfaces/include/status_interfaces/status_interfaces/msg/detail/system_status__type_support.c
[2.403s] -- Installing: /home/parallels/dev/ros2/fishros/chapt3/topic_practice_ws/install/status_interfaces/include/status_interfaces/status_interfaces/msg/detail/system_status__rosidl_typesupport_introspection_c.h
[2.403s] -- Installing: /home/parallels/dev/ros2/fishros/chapt3/topic_practice_ws/install/status_interfaces/lib/libstatus_interfaces__rosidl_typesupport_introspection_c.so
[2.403s] -- Set non-toolchain portion of runtime path of "/home/parallels/dev/ros2/fishros/chapt3/topic_practice_ws/install/status_interfaces/lib/libstatus_interfaces__rosidl_typesupport_introspection_c.so" to ""
[2.403s] -- Installing: /home/parallels/dev/ros2/fishros/chapt3/topic_practice_ws/install/status_interfaces/lib/libstatus_interfaces__rosidl_typesupport_c.so
[2.403s] -- Set non-toolchain portion of runtime path of "/home/parallels/dev/ros2/fishros/chapt3/topic_practice_ws/install/status_interfaces/lib/libstatus_interfaces__rosidl_typesupport_c.so" to ""
[2.403s] -- Up-to-date: /home/parallels/dev/ros2/fishros/chapt3/topic_practice_ws/install/status_interfaces/include/status_interfaces/status_interfaces
[2.403s] -- Up-to-date: /home/parallels/dev/ros2/fishros/chapt3/topic_practice_ws/install/status_interfaces/include/status_interfaces/status_interfaces/msg
[2.403s] -- Up-to-date: /home/parallels/dev/ros2/fishros/chapt3/topic_practice_ws/install/status_interfaces/include/status_interfaces/status_interfaces/msg/detail
[2.403s] -- Installing: /home/parallels/dev/ros2/fishros/chapt3/topic_practice_ws/install/status_interfaces/include/status_interfaces/status_interfaces/msg/detail/system_status__rosidl_typesupport_introspection_cpp.hpp
[2.403s] -- Installing: /home/parallels/dev/ros2/fishros/chapt3/topic_practice_ws/install/status_interfaces/include/status_interfaces/status_interfaces/msg/detail/system_status__type_support.cpp
[2.403s] -- Installing: /home/parallels/dev/ros2/fishros/chapt3/topic_practice_ws/install/status_interfaces/lib/libstatus_interfaces__rosidl_typesupport_introspection_cpp.so
[2.403s] -- Set non-toolchain portion of runtime path of "/home/parallels/dev/ros2/fishros/chapt3/topic_practice_ws/install/status_interfaces/lib/libstatus_interfaces__rosidl_typesupport_introspection_cpp.so" to ""
[2.403s] -- Installing: /home/parallels/dev/ros2/fishros/chapt3/topic_practice_ws/install/status_interfaces/lib/libstatus_interfaces__rosidl_typesupport_cpp.so
[2.403s] -- Set non-toolchain portion of runtime path of "/home/parallels/dev/ros2/fishros/chapt3/topic_practice_ws/install/status_interfaces/lib/libstatus_interfaces__rosidl_typesupport_cpp.so" to ""
[2.404s] -- Installing: /home/parallels/dev/ros2/fishros/chapt3/topic_practice_ws/install/status_interfaces/share/status_interfaces/environment/pythonpath.sh
[2.404s] -- Installing: /home/parallels/dev/ros2/fishros/chapt3/topic_practice_ws/install/status_interfaces/share/status_interfaces/environment/pythonpath.dsv
[2.404s] -- Installing: /home/parallels/dev/ros2/fishros/chapt3/topic_practice_ws/install/status_interfaces/lib/python3.12/site-packages/status_interfaces-0.0.0-py3.12.egg-info
[2.404s] -- Installing: /home/parallels/dev/ros2/fishros/chapt3/topic_practice_ws/install/status_interfaces/lib/python3.12/site-packages/status_interfaces-0.0.0-py3.12.egg-info/dependency_links.txt
[2.404s] -- Installing: /home/parallels/dev/ros2/fishros/chapt3/topic_practice_ws/install/status_interfaces/lib/python3.12/site-packages/status_interfaces-0.0.0-py3.12.egg-info/PKG-INFO
[2.404s] -- Installing: /home/parallels/dev/ros2/fishros/chapt3/topic_practice_ws/install/status_interfaces/lib/python3.12/site-packages/status_interfaces-0.0.0-py3.12.egg-info/SOURCES.txt
[2.404s] -- Installing: /home/parallels/dev/ros2/fishros/chapt3/topic_practice_ws/install/status_interfaces/lib/python3.12/site-packages/status_interfaces-0.0.0-py3.12.egg-info/top_level.txt
[2.404s] -- Installing: /home/parallels/dev/ros2/fishros/chapt3/topic_practice_ws/install/status_interfaces/lib/python3.12/site-packages/status_interfaces
[2.404s] -- Installing: /home/parallels/dev/ros2/fishros/chapt3/topic_practice_ws/install/status_interfaces/lib/python3.12/site-packages/status_interfaces/status_interfaces_s__rosidl_typesupport_introspection_c.so
[2.404s] -- Installing: /home/parallels/dev/ros2/fishros/chapt3/topic_practice_ws/install/status_interfaces/lib/python3.12/site-packages/status_interfaces/_status_interfaces_s.ep.rosidl_typesupport_c.c
[2.404s] -- Installing: /home/parallels/dev/ros2/fishros/chapt3/topic_practice_ws/install/status_interfaces/lib/python3.12/site-packages/status_interfaces/status_interfaces_s__rosidl_typesupport_c.so
[2.404s] -- Installing: /home/parallels/dev/ros2/fishros/chapt3/topic_practice_ws/install/status_interfaces/lib/python3.12/site-packages/status_interfaces/status_interfaces_s__rosidl_typesupport_fastrtps_c.so
[2.404s] -- Installing: /home/parallels/dev/ros2/fishros/chapt3/topic_practice_ws/install/status_interfaces/lib/python3.12/site-packages/status_interfaces/_status_interfaces_s.ep.rosidl_typesupport_fastrtps_c.c
[2.404s] -- Installing: /home/parallels/dev/ros2/fishros/chapt3/topic_practice_ws/install/status_interfaces/lib/python3.12/site-packages/status_interfaces/__init__.py
[2.404s] -- Installing: /home/parallels/dev/ros2/fishros/chapt3/topic_practice_ws/install/status_interfaces/lib/python3.12/site-packages/status_interfaces/msg
[2.405s] -- Installing: /home/parallels/dev/ros2/fishros/chapt3/topic_practice_ws/install/status_interfaces/lib/python3.12/site-packages/status_interfaces/msg/_system_status.py
[2.405s] -- Installing: /home/parallels/dev/ros2/fishros/chapt3/topic_practice_ws/install/status_interfaces/lib/python3.12/site-packages/status_interfaces/msg/_system_status_s.c
[2.405s] -- Installing: /home/parallels/dev/ros2/fishros/chapt3/topic_practice_ws/install/status_interfaces/lib/python3.12/site-packages/status_interfaces/msg/__init__.py
[2.405s] -- Installing: /home/parallels/dev/ros2/fishros/chapt3/topic_practice_ws/install/status_interfaces/lib/python3.12/site-packages/status_interfaces/_status_interfaces_s.ep.rosidl_typesupport_introspection_c.c
[2.423s] Listing '/home/parallels/dev/ros2/fishros/chapt3/topic_practice_ws/install/status_interfaces/lib/python3.12/site-packages/status_interfaces'...
[2.424s] Compiling '/home/parallels/dev/ros2/fishros/chapt3/topic_practice_ws/install/status_interfaces/lib/python3.12/site-packages/status_interfaces/__init__.py'...
[2.424s] Listing '/home/parallels/dev/ros2/fishros/chapt3/topic_practice_ws/install/status_interfaces/lib/python3.12/site-packages/status_interfaces/msg'...
[2.424s] Compiling '/home/parallels/dev/ros2/fishros/chapt3/topic_practice_ws/install/status_interfaces/lib/python3.12/site-packages/status_interfaces/msg/__init__.py'...
[2.424s] Compiling '/home/parallels/dev/ros2/fishros/chapt3/topic_practice_ws/install/status_interfaces/lib/python3.12/site-packages/status_interfaces/msg/_system_status.py'...
[2.427s] -- Installing: /home/parallels/dev/ros2/fishros/chapt3/topic_practice_ws/install/status_interfaces/lib/python3.12/site-packages/status_interfaces/status_interfaces_s__rosidl_typesupport_fastrtps_c.so
[2.427s] -- Set non-toolchain portion of runtime path of "/home/parallels/dev/ros2/fishros/chapt3/topic_practice_ws/install/status_interfaces/lib/python3.12/site-packages/status_interfaces/status_interfaces_s__rosidl_typesupport_fastrtps_c.so" to ""
[2.427s] -- Installing: /home/parallels/dev/ros2/fishros/chapt3/topic_practice_ws/install/status_interfaces/lib/python3.12/site-packages/status_interfaces/status_interfaces_s__rosidl_typesupport_introspection_c.so
[2.427s] -- Set non-toolchain portion of runtime path of "/home/parallels/dev/ros2/fishros/chapt3/topic_practice_ws/install/status_interfaces/lib/python3.12/site-packages/status_interfaces/status_interfaces_s__rosidl_typesupport_introspection_c.so" to ""
[2.427s] -- Installing: /home/parallels/dev/ros2/fishros/chapt3/topic_practice_ws/install/status_interfaces/lib/python3.12/site-packages/status_interfaces/status_interfaces_s__rosidl_typesupport_c.so
[2.427s] -- Set non-toolchain portion of runtime path of "/home/parallels/dev/ros2/fishros/chapt3/topic_practice_ws/install/status_interfaces/lib/python3.12/site-packages/status_interfaces/status_interfaces_s__rosidl_typesupport_c.so" to ""
[2.427s] -- Installing: /home/parallels/dev/ros2/fishros/chapt3/topic_practice_ws/install/status_interfaces/lib/libstatus_interfaces__rosidl_generator_py.so
[2.427s] -- Set non-toolchain portion of runtime path of "/home/parallels/dev/ros2/fishros/chapt3/topic_practice_ws/install/status_interfaces/lib/libstatus_interfaces__rosidl_generator_py.so" to ""
[2.427s] -- Installing: /home/parallels/dev/ros2/fishros/chapt3/topic_practice_ws/install/status_interfaces/share/status_interfaces/msg/SystemStatus.idl
[2.427s] -- Installing: /home/parallels/dev/ros2/fishros/chapt3/topic_practice_ws/install/status_interfaces/share/status_interfaces/msg/SystemStatus.msg
[2.428s] -- Installing: /home/parallels/dev/ros2/fishros/chapt3/topic_practice_ws/install/status_interfaces/share/ament_index/resource_index/package_run_dependencies/status_interfaces
[2.428s] -- Installing: /home/parallels/dev/ros2/fishros/chapt3/topic_practice_ws/install/status_interfaces/share/ament_index/resource_index/parent_prefix_path/status_interfaces
[2.429s] -- Installing: /home/parallels/dev/ros2/fishros/chapt3/topic_practice_ws/install/status_interfaces/share/status_interfaces/environment/ament_prefix_path.sh
[2.429s] -- Installing: /home/parallels/dev/ros2/fishros/chapt3/topic_practice_ws/install/status_interfaces/share/status_interfaces/environment/ament_prefix_path.dsv
[2.430s] -- Installing: /home/parallels/dev/ros2/fishros/chapt3/topic_practice_ws/install/status_interfaces/share/status_interfaces/environment/path.sh
[2.430s] -- Installing: /home/parallels/dev/ros2/fishros/chapt3/topic_practice_ws/install/status_interfaces/share/status_interfaces/environment/path.dsv
[2.430s] -- Installing: /home/parallels/dev/ros2/fishros/chapt3/topic_practice_ws/install/status_interfaces/share/status_interfaces/local_setup.bash
[2.430s] -- Installing: /home/parallels/dev/ros2/fishros/chapt3/topic_practice_ws/install/status_interfaces/share/status_interfaces/local_setup.sh
[2.431s] -- Installing: /home/parallels/dev/ros2/fishros/chapt3/topic_practice_ws/install/status_interfaces/share/status_interfaces/local_setup.zsh
[2.431s] -- Installing: /home/parallels/dev/ros2/fishros/chapt3/topic_practice_ws/install/status_interfaces/share/status_interfaces/local_setup.dsv
[2.431s] -- Installing: /home/parallels/dev/ros2/fishros/chapt3/topic_practice_ws/install/status_interfaces/share/status_interfaces/package.dsv
[2.431s] -- Installing: /home/parallels/dev/ros2/fishros/chapt3/topic_practice_ws/install/status_interfaces/share/ament_index/resource_index/packages/status_interfaces
[2.431s] -- Installing: /home/parallels/dev/ros2/fishros/chapt3/topic_practice_ws/install/status_interfaces/share/status_interfaces/cmake/export_status_interfaces__rosidl_generator_cExport.cmake
[2.431s] -- Installing: /home/parallels/dev/ros2/fishros/chapt3/topic_practice_ws/install/status_interfaces/share/status_interfaces/cmake/export_status_interfaces__rosidl_generator_cExport-noconfig.cmake
[2.431s] -- Installing: /home/parallels/dev/ros2/fishros/chapt3/topic_practice_ws/install/status_interfaces/share/status_interfaces/cmake/export_status_interfaces__rosidl_typesupport_fastrtps_cExport.cmake
[2.431s] -- Installing: /home/parallels/dev/ros2/fishros/chapt3/topic_practice_ws/install/status_interfaces/share/status_interfaces/cmake/export_status_interfaces__rosidl_typesupport_fastrtps_cExport-noconfig.cmake
[2.431s] -- Installing: /home/parallels/dev/ros2/fishros/chapt3/topic_practice_ws/install/status_interfaces/share/status_interfaces/cmake/export_status_interfaces__rosidl_generator_cppExport.cmake
[2.431s] -- Installing: /home/parallels/dev/ros2/fishros/chapt3/topic_practice_ws/install/status_interfaces/share/status_interfaces/cmake/export_status_interfaces__rosidl_typesupport_fastrtps_cppExport.cmake
[2.431s] -- Installing: /home/parallels/dev/ros2/fishros/chapt3/topic_practice_ws/install/status_interfaces/share/status_interfaces/cmake/export_status_interfaces__rosidl_typesupport_fastrtps_cppExport-noconfig.cmake
[2.431s] -- Installing: /home/parallels/dev/ros2/fishros/chapt3/topic_practice_ws/install/status_interfaces/share/status_interfaces/cmake/status_interfaces__rosidl_typesupport_introspection_cExport.cmake
[2.431s] -- Installing: /home/parallels/dev/ros2/fishros/chapt3/topic_practice_ws/install/status_interfaces/share/status_interfaces/cmake/status_interfaces__rosidl_typesupport_introspection_cExport-noconfig.cmake
[2.431s] -- Installing: /home/parallels/dev/ros2/fishros/chapt3/topic_practice_ws/install/status_interfaces/share/status_interfaces/cmake/status_interfaces__rosidl_typesupport_cExport.cmake
[2.432s] -- Installing: /home/parallels/dev/ros2/fishros/chapt3/topic_practice_ws/install/status_interfaces/share/status_interfaces/cmake/status_interfaces__rosidl_typesupport_cExport-noconfig.cmake
[2.432s] -- Installing: /home/parallels/dev/ros2/fishros/chapt3/topic_practice_ws/install/status_interfaces/share/status_interfaces/cmake/status_interfaces__rosidl_typesupport_introspection_cppExport.cmake
[2.432s] -- Installing: /home/parallels/dev/ros2/fishros/chapt3/topic_practice_ws/install/status_interfaces/share/status_interfaces/cmake/status_interfaces__rosidl_typesupport_introspection_cppExport-noconfig.cmake
[2.432s] -- Installing: /home/parallels/dev/ros2/fishros/chapt3/topic_practice_ws/install/status_interfaces/share/status_interfaces/cmake/status_interfaces__rosidl_typesupport_cppExport.cmake
[2.432s] -- Installing: /home/parallels/dev/ros2/fishros/chapt3/topic_practice_ws/install/status_interfaces/share/status_interfaces/cmake/status_interfaces__rosidl_typesupport_cppExport-noconfig.cmake
[2.432s] -- Installing: /home/parallels/dev/ros2/fishros/chapt3/topic_practice_ws/install/status_interfaces/share/status_interfaces/cmake/export_status_interfaces__rosidl_generator_pyExport.cmake
[2.432s] -- Installing: /home/parallels/dev/ros2/fishros/chapt3/topic_practice_ws/install/status_interfaces/share/status_interfaces/cmake/export_status_interfaces__rosidl_generator_pyExport-noconfig.cmake
[2.432s] -- Installing: /home/parallels/dev/ros2/fishros/chapt3/topic_practice_ws/install/status_interfaces/share/status_interfaces/cmake/rosidl_cmake-extras.cmake
[2.432s] -- Installing: /home/parallels/dev/ros2/fishros/chapt3/topic_practice_ws/install/status_interfaces/share/status_interfaces/cmake/ament_cmake_export_dependencies-extras.cmake
[2.432s] -- Installing: /home/parallels/dev/ros2/fishros/chapt3/topic_practice_ws/install/status_interfaces/share/status_interfaces/cmake/ament_cmake_export_include_directories-extras.cmake
[2.432s] -- Installing: /home/parallels/dev/ros2/fishros/chapt3/topic_practice_ws/install/status_interfaces/share/status_interfaces/cmake/ament_cmake_export_libraries-extras.cmake
[2.433s] -- Installing: /home/parallels/dev/ros2/fishros/chapt3/topic_practice_ws/install/status_interfaces/share/status_interfaces/cmake/ament_cmake_export_targets-extras.cmake
[2.433s] -- Installing: /home/parallels/dev/ros2/fishros/chapt3/topic_practice_ws/install/status_interfaces/share/status_interfaces/cmake/rosidl_cmake_export_typesupport_targets-extras.cmake
[2.433s] -- Installing: /home/parallels/dev/ros2/fishros/chapt3/topic_practice_ws/install/status_interfaces/share/status_interfaces/cmake/rosidl_cmake_export_typesupport_libraries-extras.cmake
[2.433s] -- Installing: /home/parallels/dev/ros2/fishros/chapt3/topic_practice_ws/install/status_interfaces/share/status_interfaces/cmake/status_interfacesConfig.cmake
[2.433s] -- Installing: /home/parallels/dev/ros2/fishros/chapt3/topic_practice_ws/install/status_interfaces/share/status_interfaces/cmake/status_interfacesConfig-version.cmake
[2.434s] -- Installing: /home/parallels/dev/ros2/fishros/chapt3/topic_practice_ws/install/status_interfaces/share/status_interfaces/package.xml
[2.434s] Invoked command in '/home/parallels/dev/ros2/fishros/chapt3/topic_practice_ws/build/status_interfaces' returned '0': CMAKE_PREFIX_PATH=${CMAKE_PREFIX_PATH}:/opt/ros/jazzy DEBUGINFOD_URLS=https://debuginfod.ubuntu.com /usr/bin/cmake --install /home/parallels/dev/ros2/fishros/chapt3/topic_practice_ws/build/status_interfaces
