[0.009s] Invoking command in '/home/parallels/dev/ros2/fishros/chapt2/chapt2_ws/build/demo_cpp_pkg': CMAKE_PREFIX_PATH=${CMAKE_PREFIX_PATH}:/opt/ros/jazzy DEBUGINFOD_URLS=https://debuginfod.ubuntu.com /usr/bin/cmake /home/parallels/dev/ros2/fishros/chapt2/chapt2_ws/src/demo_cpp_pkg -DCMAKE_INSTALL_PREFIX=/home/parallels/dev/ros2/fishros/chapt2/chapt2_ws/install/demo_cpp_pkg
[0.099s] -- The C compiler identification is GNU 13.3.0
[0.099s] -- The CXX compiler identification is GNU 13.3.0
[0.099s] -- Detecting C compiler ABI info
[0.121s] -- Detecting C compiler ABI info - done
[0.126s] -- Check for working C compiler: /usr/bin/cc - skipped
[0.127s] -- Detecting C compile features
[0.127s] -- Detecting C compile features - done
[0.132s] -- Detecting CXX compiler ABI info
[0.193s] -- Detecting CXX compiler ABI info - done
[0.200s] -- Check for working CXX compiler: /usr/bin/c++ - skipped
[0.201s] -- Detecting CXX compile features
[0.201s] -- Detecting CXX compile features - done
[0.204s] -- Found ament_cmake: 2.5.3 (/opt/ros/jazzy/share/ament_cmake/cmake)
[0.279s] -- Found Python3: /usr/bin/python3 (found version "3.12.3") found components: Interpreter 
[0.348s] -- Found rclcpp: 28.1.6 (/opt/ros/jazzy/share/rclcpp/cmake)
[0.370s] -- Found rosidl_generator_c: 4.6.5 (/opt/ros/jazzy/share/rosidl_generator_c/cmake)
[0.377s] -- Found rosidl_generator_cpp: 4.6.5 (/opt/ros/jazzy/share/rosidl_generator_cpp/cmake)
[0.386s] -- Using all available rosidl_typesupport_c: rosidl_typesupport_fastrtps_c;rosidl_typesupport_introspection_c
[0.394s] -- Using all available rosidl_typesupport_cpp: rosidl_typesupport_fastrtps_cpp;rosidl_typesupport_introspection_cpp
[0.440s] -- Found rmw_implementation_cmake: 7.3.1 (/opt/ros/jazzy/share/rmw_implementation_cmake/cmake)
[0.443s] -- Found rmw_fastrtps_cpp: 8.4.1 (/opt/ros/jazzy/share/rmw_fastrtps_cpp/cmake)
[0.491s] -- Found OpenSSL: /usr/lib/aarch64-linux-gnu/libcrypto.so (found version "3.0.13")  
[0.501s] -- Found FastRTPS: /opt/ros/jazzy/include (Required is at least version "2.13") 
[0.511s] -- Using RMW implementation 'rmw_fastrtps_cpp' as default
[0.555s] -- Found ament_lint_auto: 0.17.1 (/opt/ros/jazzy/share/ament_lint_auto/cmake)
[0.610s] -- Added test 'cppcheck' to perform static code analysis on C / C++ code
[0.610s] -- Configured cppcheck include dirs: 
[0.610s] -- Configured cppcheck exclude dirs and/or files: 
[0.613s] -- Added test 'lint_cmake' to check CMake code style
[0.617s] -- Added test 'uncrustify' to check C / C++ code style
[0.617s] -- Configured uncrustify additional arguments: 
[0.618s] -- Added test 'xmllint' to check XML markup files
[0.621s] -- Configuring done (0.6s)
[0.625s] -- Generating done (0.0s)
[0.630s] -- Build files have been written to: /home/parallels/dev/ros2/fishros/chapt2/chapt2_ws/build/demo_cpp_pkg
[0.639s] Invoked command in '/home/parallels/dev/ros2/fishros/chapt2/chapt2_ws/build/demo_cpp_pkg' returned '0': CMAKE_PREFIX_PATH=${CMAKE_PREFIX_PATH}:/opt/ros/jazzy DEBUGINFOD_URLS=https://debuginfod.ubuntu.com /usr/bin/cmake /home/parallels/dev/ros2/fishros/chapt2/chapt2_ws/src/demo_cpp_pkg -DCMAKE_INSTALL_PREFIX=/home/parallels/dev/ros2/fishros/chapt2/chapt2_ws/install/demo_cpp_pkg
[0.639s] Invoking command in '/home/parallels/dev/ros2/fishros/chapt2/chapt2_ws/build/demo_cpp_pkg': CMAKE_PREFIX_PATH=${CMAKE_PREFIX_PATH}:/opt/ros/jazzy DEBUGINFOD_URLS=https://debuginfod.ubuntu.com /usr/bin/cmake --build /home/parallels/dev/ros2/fishros/chapt2/chapt2_ws/build/demo_cpp_pkg -- -j2 -l2
[0.661s] [ 50%] [32mBuilding CXX object CMakeFiles/demo_cpp_pkg.dir/src/cpp_node.cpp.o[0m
[1.940s] [100%] [32m[1mLinking CXX executable demo_cpp_pkg[0m
[1.999s] [100%] Built target demo_cpp_pkg
[2.004s] Invoked command in '/home/parallels/dev/ros2/fishros/chapt2/chapt2_ws/build/demo_cpp_pkg' returned '0': CMAKE_PREFIX_PATH=${CMAKE_PREFIX_PATH}:/opt/ros/jazzy DEBUGINFOD_URLS=https://debuginfod.ubuntu.com /usr/bin/cmake --build /home/parallels/dev/ros2/fishros/chapt2/chapt2_ws/build/demo_cpp_pkg -- -j2 -l2
[2.004s] Invoking command in '/home/parallels/dev/ros2/fishros/chapt2/chapt2_ws/build/demo_cpp_pkg': CMAKE_PREFIX_PATH=${CMAKE_PREFIX_PATH}:/opt/ros/jazzy DEBUGINFOD_URLS=https://debuginfod.ubuntu.com /usr/bin/cmake --install /home/parallels/dev/ros2/fishros/chapt2/chapt2_ws/build/demo_cpp_pkg
[2.007s] -- Install configuration: ""
[2.008s] -- Installing: /home/parallels/dev/ros2/fishros/chapt2/chapt2_ws/install/demo_cpp_pkg/lib/demo_cpp_pkg/demo_cpp_pkg
[2.008s] -- Set non-toolchain portion of runtime path of "/home/parallels/dev/ros2/fishros/chapt2/chapt2_ws/install/demo_cpp_pkg/lib/demo_cpp_pkg/demo_cpp_pkg" to ""
[2.008s] -- Installing: /home/parallels/dev/ros2/fishros/chapt2/chapt2_ws/install/demo_cpp_pkg/share/ament_index/resource_index/package_run_dependencies/demo_cpp_pkg
[2.008s] -- Installing: /home/parallels/dev/ros2/fishros/chapt2/chapt2_ws/install/demo_cpp_pkg/share/ament_index/resource_index/parent_prefix_path/demo_cpp_pkg
[2.008s] -- Installing: /home/parallels/dev/ros2/fishros/chapt2/chapt2_ws/install/demo_cpp_pkg/share/demo_cpp_pkg/environment/ament_prefix_path.sh
[2.008s] -- Installing: /home/parallels/dev/ros2/fishros/chapt2/chapt2_ws/install/demo_cpp_pkg/share/demo_cpp_pkg/environment/ament_prefix_path.dsv
[2.009s] -- Installing: /home/parallels/dev/ros2/fishros/chapt2/chapt2_ws/install/demo_cpp_pkg/share/demo_cpp_pkg/environment/path.sh
[2.009s] -- Installing: /home/parallels/dev/ros2/fishros/chapt2/chapt2_ws/install/demo_cpp_pkg/share/demo_cpp_pkg/environment/path.dsv
[2.009s] -- Installing: /home/parallels/dev/ros2/fishros/chapt2/chapt2_ws/install/demo_cpp_pkg/share/demo_cpp_pkg/local_setup.bash
[2.009s] -- Installing: /home/parallels/dev/ros2/fishros/chapt2/chapt2_ws/install/demo_cpp_pkg/share/demo_cpp_pkg/local_setup.sh
[2.009s] -- Installing: /home/parallels/dev/ros2/fishros/chapt2/chapt2_ws/install/demo_cpp_pkg/share/demo_cpp_pkg/local_setup.zsh
[2.009s] -- Installing: /home/parallels/dev/ros2/fishros/chapt2/chapt2_ws/install/demo_cpp_pkg/share/demo_cpp_pkg/local_setup.dsv
[2.009s] -- Installing: /home/parallels/dev/ros2/fishros/chapt2/chapt2_ws/install/demo_cpp_pkg/share/demo_cpp_pkg/package.dsv
[2.009s] -- Installing: /home/parallels/dev/ros2/fishros/chapt2/chapt2_ws/install/demo_cpp_pkg/share/ament_index/resource_index/packages/demo_cpp_pkg
[2.009s] -- Installing: /home/parallels/dev/ros2/fishros/chapt2/chapt2_ws/install/demo_cpp_pkg/share/demo_cpp_pkg/cmake/demo_cpp_pkgConfig.cmake
[2.009s] -- Installing: /home/parallels/dev/ros2/fishros/chapt2/chapt2_ws/install/demo_cpp_pkg/share/demo_cpp_pkg/cmake/demo_cpp_pkgConfig-version.cmake
[2.009s] -- Installing: /home/parallels/dev/ros2/fishros/chapt2/chapt2_ws/install/demo_cpp_pkg/share/demo_cpp_pkg/package.xml
[2.011s] Invoked command in '/home/parallels/dev/ros2/fishros/chapt2/chapt2_ws/build/demo_cpp_pkg' returned '0': CMAKE_PREFIX_PATH=${CMAKE_PREFIX_PATH}:/opt/ros/jazzy DEBUGINFOD_URLS=https://debuginfod.ubuntu.com /usr/bin/cmake --install /home/parallels/dev/ros2/fishros/chapt2/chapt2_ws/build/demo_cpp_pkg
