[0.005s] Invoking command in '/home/parallels/dev/ros2/fishros/chapt3/topic_practice_ws/build/status_interfaces': CMAKE_PREFIX_PATH=${CMAKE_PREFIX_PATH}:/opt/ros/jazzy DEBUGINFOD_URLS=https://debuginfod.ubuntu.com /usr/bin/cmake /home/parallels/dev/ros2/fishros/chapt3/topic_practice_ws/src/status_interfaces -DCMAKE_INSTALL_PREFIX=/home/parallels/dev/ros2/fishros/chapt3/topic_practice_ws/install/status_interfaces
[0.075s] -- The C compiler identification is GNU 13.3.0
[0.122s] -- The CXX compiler identification is GNU 13.3.0
[0.130s] -- Detecting C compiler ABI info
[0.169s] -- Detecting C compiler ABI info - done
[0.172s] -- Check for working C compiler: /usr/bin/cc - skipped
[0.173s] -- Detecting C compile features
[0.173s] -- Detecting C compile features - done
[0.177s] -- Detecting CXX compiler ABI info
[0.217s] -- Detecting CXX compiler ABI info - done
[0.223s] -- Check for working CXX compiler: /usr/bin/c++ - skipped
[0.223s] -- Detecting CXX compile features
[0.223s] -- Detecting CXX compile features - done
[0.228s] -- Found ament_cmake: 2.5.3 (/opt/ros/jazzy/share/ament_cmake/cmake)
[0.287s] -- Found Python3: /usr/bin/python3 (found version "3.12.3") found components: Interpreter 
[0.339s] -- Found builtin_interfaces: 2.0.2 (/opt/ros/jazzy/share/builtin_interfaces/cmake)
[0.362s] -- Found rosidl_generator_c: 4.6.5 (/opt/ros/jazzy/share/rosidl_generator_c/cmake)
[0.369s] -- Found rosidl_generator_cpp: 4.6.5 (/opt/ros/jazzy/share/rosidl_generator_cpp/cmake)
[0.379s] -- Using all available rosidl_typesupport_c: rosidl_typesupport_fastrtps_c;rosidl_typesupport_introspection_c
[0.388s] -- Using all available rosidl_typesupport_cpp: rosidl_typesupport_fastrtps_cpp;rosidl_typesupport_introspection_cpp
[0.396s] -- Found rosidl_default_generators: 1.6.0 (/opt/ros/jazzy/share/rosidl_default_generators/cmake)
[0.402s] -- Found rosidl_adapter: 4.6.5 (/opt/ros/jazzy/share/rosidl_adapter/cmake)
[0.675s] -- Found ament_cmake_ros: 0.12.0 (/opt/ros/jazzy/share/ament_cmake_ros/cmake)
[0.989s] -- Using all available rosidl_typesupport_c: rosidl_typesupport_fastrtps_c;rosidl_typesupport_introspection_c
[1.104s] -- Using all available rosidl_typesupport_cpp: rosidl_typesupport_fastrtps_cpp;rosidl_typesupport_introspection_cpp
[1.105s] -- Found python_cmake_module: 0.11.1 (/opt/ros/jazzy/share/python_cmake_module/cmake)
[1.163s] -- Found PythonExtra: /usr/bin/python3  
[1.371s] -- Found Python3: /usr/bin/python3 (found version "3.12.3") found components: Interpreter Development NumPy Development.Module Development.Embed 
[1.386s] -- Found ament_lint_auto: 0.17.1 (/opt/ros/jazzy/share/ament_lint_auto/cmake)
[1.398s] -- Added test 'lint_cmake' to check CMake code style
[1.398s] -- Added test 'xmllint' to check XML markup files
[1.400s] -- Configuring done (1.4s)
[1.415s] -- Generating done (0.0s)
[1.421s] -- Build files have been written to: /home/parallels/dev/ros2/fishros/chapt3/topic_practice_ws/build/status_interfaces
[1.425s] Invoked command in '/home/parallels/dev/ros2/fishros/chapt3/topic_practice_ws/build/status_interfaces' returned '0': CMAKE_PREFIX_PATH=${CMAKE_PREFIX_PATH}:/opt/ros/jazzy DEBUGINFOD_URLS=https://debuginfod.ubuntu.com /usr/bin/cmake /home/parallels/dev/ros2/fishros/chapt3/topic_practice_ws/src/status_interfaces -DCMAKE_INSTALL_PREFIX=/home/parallels/dev/ros2/fishros/chapt3/topic_practice_ws/install/status_interfaces
[1.425s] Invoking command in '/home/parallels/dev/ros2/fishros/chapt3/topic_practice_ws/build/status_interfaces': CMAKE_PREFIX_PATH=${CMAKE_PREFIX_PATH}:/opt/ros/jazzy DEBUGINFOD_URLS=https://debuginfod.ubuntu.com /usr/bin/cmake --build /home/parallels/dev/ros2/fishros/chapt3/topic_practice_ws/build/status_interfaces -- -j2 -l2
[1.450s] [  2%] [34m[1mGenerating type hashes for ROS interfaces[0m
[1.452s] [  2%] Built target ament_cmake_python_copy_status_interfaces
[1.571s] running egg_info
[1.571s] creating status_interfaces.egg-info
[1.579s] writing status_interfaces.egg-info/PKG-INFO
[1.579s] writing dependency_links to status_interfaces.egg-info/dependency_links.txt
[1.579s] writing top-level names to status_interfaces.egg-info/top_level.txt
[1.579s] writing manifest file 'status_interfaces.egg-info/SOURCES.txt'
[1.619s] reading manifest file 'status_interfaces.egg-info/SOURCES.txt'
[1.619s] writing manifest file 'status_interfaces.egg-info/SOURCES.txt'
[1.652s] [  2%] Built target ament_cmake_python_build_status_interfaces_egg
[2.431s] Traceback (most recent call last):
[2.431s]   File "/opt/ros/jazzy/lib/rosidl_generator_type_description/rosidl_generator_type_description", line 50, in <module>
[2.431s]     sys.exit(main())
[2.431s]              ^^^^^^
[2.431s]   File "/opt/ros/jazzy/lib/rosidl_generator_type_description/rosidl_generator_type_description", line 46, in main
[2.431s]     generate_type_hash(args.generator_arguments_file)
[2.432s]   File "/opt/ros/jazzy/lib/python3.12/site-packages/rosidl_generator_type_description/__init__.py", line 160, in generate_type_hash
[2.432s]     pkg_dir = include_map[pkg]
[2.432s]               ~~~~~~~~~~~^^^^^
[2.432s] KeyError: 'buildtin_interfaces'
[2.460s] gmake[2]: *** [CMakeFiles/status_interfaces__rosidl_generator_type_description.dir/build.make:75: rosidl_generator_type_description/status_interfaces/msg/SystemStatus.json] Error 1
[2.460s] gmake[1]: *** [CMakeFiles/Makefile2:215: CMakeFiles/status_interfaces__rosidl_generator_type_description.dir/all] Error 2
[2.460s] gmake: *** [Makefile:146: all] Error 2
[2.461s] Invoked command in '/home/parallels/dev/ros2/fishros/chapt3/topic_practice_ws/build/status_interfaces' returned '2': CMAKE_PREFIX_PATH=${CMAKE_PREFIX_PATH}:/opt/ros/jazzy DEBUGINFOD_URLS=https://debuginfod.ubuntu.com /usr/bin/cmake --build /home/parallels/dev/ros2/fishros/chapt3/topic_practice_ws/build/status_interfaces -- -j2 -l2
