[0.004s] Invoking command in '/home/parallels/dev/ros2/fishros/chapt4/chapt4_ws/build/demo_cpp_service': AMENT_PREFIX_PATH=/home/parallels/dev/ros2/fishros/chapt4/chapt4_ws/install/chapt4_interfaces:${AMENT_PREFIX_PATH} CMAKE_PREFIX_PATH=/home/parallels/dev/ros2/fishros/chapt4/chapt4_ws/install/chapt4_interfaces:/opt/ros/jazzy/opt/gz_math_vendor:/opt/ros/jazzy/opt/gz_utils_vendor:/opt/ros/jazzy/opt/gz_cmake_vendor:/opt/ros/jazzy DEBUGINFOD_URLS=https://debuginfod.ubuntu.com LD_LIBRARY_PATH=/home/parallels/dev/ros2/fishros/chapt4/chapt4_ws/install/chapt4_interfaces/lib:${LD_LIBRARY_PATH} PYTHONPATH=/home/parallels/dev/ros2/fishros/chapt4/chapt4_ws/install/chapt4_interfaces/lib/python3.12/site-packages:${PYTHONPATH} /usr/bin/cmake --build /home/parallels/dev/ros2/fishros/chapt4/chapt4_ws/build/demo_cpp_service -- -j4 -l4
[0.037s] [ 75%] Built target turtle_control
[0.037s] [ 75%] [32mBuilding CXX object CMakeFiles/patrol_client.dir/src/patrol_client.cpp.o[0m
[1.599s] [100%] [32m[1mLinking CXX executable patrol_client[0m
[1.675s] [100%] Built target patrol_client
[1.680s] Invoked command in '/home/parallels/dev/ros2/fishros/chapt4/chapt4_ws/build/demo_cpp_service' returned '0': AMENT_PREFIX_PATH=/home/parallels/dev/ros2/fishros/chapt4/chapt4_ws/install/chapt4_interfaces:${AMENT_PREFIX_PATH} CMAKE_PREFIX_PATH=/home/parallels/dev/ros2/fishros/chapt4/chapt4_ws/install/chapt4_interfaces:/opt/ros/jazzy/opt/gz_math_vendor:/opt/ros/jazzy/opt/gz_utils_vendor:/opt/ros/jazzy/opt/gz_cmake_vendor:/opt/ros/jazzy DEBUGINFOD_URLS=https://debuginfod.ubuntu.com LD_LIBRARY_PATH=/home/parallels/dev/ros2/fishros/chapt4/chapt4_ws/install/chapt4_interfaces/lib:${LD_LIBRARY_PATH} PYTHONPATH=/home/parallels/dev/ros2/fishros/chapt4/chapt4_ws/install/chapt4_interfaces/lib/python3.12/site-packages:${PYTHONPATH} /usr/bin/cmake --build /home/parallels/dev/ros2/fishros/chapt4/chapt4_ws/build/demo_cpp_service -- -j4 -l4
[1.681s] Invoking command in '/home/parallels/dev/ros2/fishros/chapt4/chapt4_ws/build/demo_cpp_service': AMENT_PREFIX_PATH=/home/parallels/dev/ros2/fishros/chapt4/chapt4_ws/install/chapt4_interfaces:${AMENT_PREFIX_PATH} CMAKE_PREFIX_PATH=/home/parallels/dev/ros2/fishros/chapt4/chapt4_ws/install/chapt4_interfaces:/opt/ros/jazzy/opt/gz_math_vendor:/opt/ros/jazzy/opt/gz_utils_vendor:/opt/ros/jazzy/opt/gz_cmake_vendor:/opt/ros/jazzy DEBUGINFOD_URLS=https://debuginfod.ubuntu.com LD_LIBRARY_PATH=/home/parallels/dev/ros2/fishros/chapt4/chapt4_ws/install/chapt4_interfaces/lib:${LD_LIBRARY_PATH} PYTHONPATH=/home/parallels/dev/ros2/fishros/chapt4/chapt4_ws/install/chapt4_interfaces/lib/python3.12/site-packages:${PYTHONPATH} /usr/bin/cmake --install /home/parallels/dev/ros2/fishros/chapt4/chapt4_ws/build/demo_cpp_service
[1.684s] -- Install configuration: ""
[1.684s] -- Up-to-date: /home/parallels/dev/ros2/fishros/chapt4/chapt4_ws/install/demo_cpp_service/lib/demo_cpp_service/turtle_control
[1.684s] -- Installing: /home/parallels/dev/ros2/fishros/chapt4/chapt4_ws/install/demo_cpp_service/lib/demo_cpp_service/patrol_client
[1.685s] -- Set non-toolchain portion of runtime path of "/home/parallels/dev/ros2/fishros/chapt4/chapt4_ws/install/demo_cpp_service/lib/demo_cpp_service/patrol_client" to ""
[1.685s] -- Up-to-date: /home/parallels/dev/ros2/fishros/chapt4/chapt4_ws/install/demo_cpp_service/share/ament_index/resource_index/package_run_dependencies/demo_cpp_service
[1.685s] -- Up-to-date: /home/parallels/dev/ros2/fishros/chapt4/chapt4_ws/install/demo_cpp_service/share/ament_index/resource_index/parent_prefix_path/demo_cpp_service
[1.685s] -- Up-to-date: /home/parallels/dev/ros2/fishros/chapt4/chapt4_ws/install/demo_cpp_service/share/demo_cpp_service/environment/ament_prefix_path.sh
[1.686s] -- Up-to-date: /home/parallels/dev/ros2/fishros/chapt4/chapt4_ws/install/demo_cpp_service/share/demo_cpp_service/environment/ament_prefix_path.dsv
[1.686s] -- Up-to-date: /home/parallels/dev/ros2/fishros/chapt4/chapt4_ws/install/demo_cpp_service/share/demo_cpp_service/environment/path.sh
[1.686s] -- Up-to-date: /home/parallels/dev/ros2/fishros/chapt4/chapt4_ws/install/demo_cpp_service/share/demo_cpp_service/environment/path.dsv
[1.686s] -- Up-to-date: /home/parallels/dev/ros2/fishros/chapt4/chapt4_ws/install/demo_cpp_service/share/demo_cpp_service/local_setup.bash
[1.686s] -- Up-to-date: /home/parallels/dev/ros2/fishros/chapt4/chapt4_ws/install/demo_cpp_service/share/demo_cpp_service/local_setup.sh
[1.686s] -- Up-to-date: /home/parallels/dev/ros2/fishros/chapt4/chapt4_ws/install/demo_cpp_service/share/demo_cpp_service/local_setup.zsh
[1.686s] -- Up-to-date: /home/parallels/dev/ros2/fishros/chapt4/chapt4_ws/install/demo_cpp_service/share/demo_cpp_service/local_setup.dsv
[1.686s] -- Installing: /home/parallels/dev/ros2/fishros/chapt4/chapt4_ws/install/demo_cpp_service/share/demo_cpp_service/package.dsv
[1.686s] -- Up-to-date: /home/parallels/dev/ros2/fishros/chapt4/chapt4_ws/install/demo_cpp_service/share/ament_index/resource_index/packages/demo_cpp_service
[1.686s] -- Up-to-date: /home/parallels/dev/ros2/fishros/chapt4/chapt4_ws/install/demo_cpp_service/share/demo_cpp_service/cmake/demo_cpp_serviceConfig.cmake
[1.686s] -- Up-to-date: /home/parallels/dev/ros2/fishros/chapt4/chapt4_ws/install/demo_cpp_service/share/demo_cpp_service/cmake/demo_cpp_serviceConfig-version.cmake
[1.686s] -- Up-to-date: /home/parallels/dev/ros2/fishros/chapt4/chapt4_ws/install/demo_cpp_service/share/demo_cpp_service/package.xml
[1.687s] Invoked command in '/home/parallels/dev/ros2/fishros/chapt4/chapt4_ws/build/demo_cpp_service' returned '0': AMENT_PREFIX_PATH=/home/parallels/dev/ros2/fishros/chapt4/chapt4_ws/install/chapt4_interfaces:${AMENT_PREFIX_PATH} CMAKE_PREFIX_PATH=/home/parallels/dev/ros2/fishros/chapt4/chapt4_ws/install/chapt4_interfaces:/opt/ros/jazzy/opt/gz_math_vendor:/opt/ros/jazzy/opt/gz_utils_vendor:/opt/ros/jazzy/opt/gz_cmake_vendor:/opt/ros/jazzy DEBUGINFOD_URLS=https://debuginfod.ubuntu.com LD_LIBRARY_PATH=/home/parallels/dev/ros2/fishros/chapt4/chapt4_ws/install/chapt4_interfaces/lib:${LD_LIBRARY_PATH} PYTHONPATH=/home/parallels/dev/ros2/fishros/chapt4/chapt4_ws/install/chapt4_interfaces/lib/python3.12/site-packages:${PYTHONPATH} /usr/bin/cmake --install /home/parallels/dev/ros2/fishros/chapt4/chapt4_ws/build/demo_cpp_service
