[0.502s] Invoking command in '/home/parallels/dev/ros2/fishros/chapt2/chapt2_ws/src/demo_python_pkg': DEBUGINFOD_URLS=https://debuginfod.ubuntu.com PYTHONPATH=/home/parallels/dev/ros2/fishros/chapt2/chapt2_ws/build/demo_python_pkg/prefix_override:/usr/lib/python3/dist-packages/colcon_core/task/python/colcon_distutils_commands:/home/parallels/dev/ros2/fishros/chapt2/chapt2_ws/install/demo_python_pkg/lib/python3.12/site-packages:${PYTHONPATH} /usr/bin/python3 -W ignore:setup.py install is deprecated -W ignore:easy_install command is deprecated setup.py egg_info --egg-base ../../build/demo_python_pkg build --build-base /home/parallels/dev/ros2/fishros/chapt2/chapt2_ws/build/demo_python_pkg/build install --record /home/parallels/dev/ros2/fishros/chapt2/chapt2_ws/build/demo_python_pkg/install.log --single-version-externally-managed install_data
[0.646s] running egg_info
[0.656s] writing ../../build/demo_python_pkg/demo_python_pkg.egg-info/PKG-INFO
[0.657s] writing dependency_links to ../../build/demo_python_pkg/demo_python_pkg.egg-info/dependency_links.txt
[0.657s] writing entry points to ../../build/demo_python_pkg/demo_python_pkg.egg-info/entry_points.txt
[0.658s] writing requirements to ../../build/demo_python_pkg/demo_python_pkg.egg-info/requires.txt
[0.658s] writing top-level names to ../../build/demo_python_pkg/demo_python_pkg.egg-info/top_level.txt
[0.677s] reading manifest file '../../build/demo_python_pkg/demo_python_pkg.egg-info/SOURCES.txt'
[0.679s] adding license file 'LICENSE'
[0.679s] writing manifest file '../../build/demo_python_pkg/demo_python_pkg.egg-info/SOURCES.txt'
[0.680s] running build
[0.680s] running build_py
[0.681s] running install
[0.684s] running install_lib
[0.692s] running install_data
[0.692s] running install_egg_info
[0.699s] removing '/home/parallels/dev/ros2/fishros/chapt2/chapt2_ws/install/demo_python_pkg/lib/python3.12/site-packages/demo_python_pkg-0.0.0-py3.12.egg-info' (and everything under it)
[0.702s] Copying ../../build/demo_python_pkg/demo_python_pkg.egg-info to /home/parallels/dev/ros2/fishros/chapt2/chapt2_ws/install/demo_python_pkg/lib/python3.12/site-packages/demo_python_pkg-0.0.0-py3.12.egg-info
[0.703s] running install_scripts
[0.807s] Installing person_node script to /home/parallels/dev/ros2/fishros/chapt2/chapt2_ws/install/demo_python_pkg/lib/demo_python_pkg
[0.807s] Installing python_node script to /home/parallels/dev/ros2/fishros/chapt2/chapt2_ws/install/demo_python_pkg/lib/demo_python_pkg
[0.808s] writing list of installed files to '/home/parallels/dev/ros2/fishros/chapt2/chapt2_ws/build/demo_python_pkg/install.log'
[0.841s] Invoked command in '/home/parallels/dev/ros2/fishros/chapt2/chapt2_ws/src/demo_python_pkg' returned '0': DEBUGINFOD_URLS=https://debuginfod.ubuntu.com PYTHONPATH=/home/parallels/dev/ros2/fishros/chapt2/chapt2_ws/build/demo_python_pkg/prefix_override:/usr/lib/python3/dist-packages/colcon_core/task/python/colcon_distutils_commands:/home/parallels/dev/ros2/fishros/chapt2/chapt2_ws/install/demo_python_pkg/lib/python3.12/site-packages:${PYTHONPATH} /usr/bin/python3 -W ignore:setup.py install is deprecated -W ignore:easy_install command is deprecated setup.py egg_info --egg-base ../../build/demo_python_pkg build --build-base /home/parallels/dev/ros2/fishros/chapt2/chapt2_ws/build/demo_python_pkg/build install --record /home/parallels/dev/ros2/fishros/chapt2/chapt2_ws/build/demo_python_pkg/install.log --single-version-externally-managed install_data
