[0.004s] Invoking command in '/home/parallels/dev/ros2/fishros/chapt6/chapt6_ws/build/fishhot_description': CMAKE_PREFIX_PATH=${CMAKE_PREFIX_PATH}:/opt/ros/jazzy DEBUGINFOD_URLS=https://debuginfod.ubuntu.com /usr/bin/cmake --build /home/parallels/dev/ros2/fishros/chapt6/chapt6_ws/build/fishhot_description -- -j4 -l4
[0.016s] -- Found ament_cmake: 2.5.3 (/opt/ros/jazzy/share/ament_cmake/cmake)
[0.143s] -- Found ament_lint_auto: 0.17.1 (/opt/ros/jazzy/share/ament_lint_auto/cmake)
[0.185s] -- Added test 'flake8' to check Python code syntax and style conventions
[0.185s] -- Configured 'flake8' exclude dirs and/or files: 
[0.185s] -- Added test 'lint_cmake' to check CMake code style
[0.185s] -- Added test 'pep257' to check Python code against some of the docstring style conventions in PEP 257
[0.185s] -- Added test 'xmllint' to check XML markup files
[0.186s] -- Configuring done (0.2s)
[0.187s] -- Generating done (0.0s)
[0.188s] -- Build files have been written to: /home/parallels/dev/ros2/fishros/chapt6/chapt6_ws/build/fishhot_description
[0.197s] Invoked command in '/home/parallels/dev/ros2/fishros/chapt6/chapt6_ws/build/fishhot_description' returned '0': CMAKE_PREFIX_PATH=${CMAKE_PREFIX_PATH}:/opt/ros/jazzy DEBUGINFOD_URLS=https://debuginfod.ubuntu.com /usr/bin/cmake --build /home/parallels/dev/ros2/fishros/chapt6/chapt6_ws/build/fishhot_description -- -j4 -l4
[0.200s] Invoking command in '/home/parallels/dev/ros2/fishros/chapt6/chapt6_ws/build/fishhot_description': CMAKE_PREFIX_PATH=${CMAKE_PREFIX_PATH}:/opt/ros/jazzy DEBUGINFOD_URLS=https://debuginfod.ubuntu.com /usr/bin/cmake --install /home/parallels/dev/ros2/fishros/chapt6/chapt6_ws/build/fishhot_description
[0.203s] -- Install configuration: ""
[0.203s] -- Up-to-date: /home/parallels/dev/ros2/fishros/chapt6/chapt6_ws/install/fishhot_description/share/fishhot_description/launch
[0.203s] -- Installing: /home/parallels/dev/ros2/fishros/chapt6/chapt6_ws/install/fishhot_description/share/fishhot_description/launch/display_robot_launch.py
[0.203s] -- Up-to-date: /home/parallels/dev/ros2/fishros/chapt6/chapt6_ws/install/fishhot_description/share/fishhot_description/urdf
[0.204s] -- Up-to-date: /home/parallels/dev/ros2/fishros/chapt6/chapt6_ws/install/fishhot_description/share/fishhot_description/urdf/first-rebot.pdf
[0.204s] -- Up-to-date: /home/parallels/dev/ros2/fishros/chapt6/chapt6_ws/install/fishhot_description/share/fishhot_description/urdf/first_rebot.urdf
[0.204s] -- Up-to-date: /home/parallels/dev/ros2/fishros/chapt6/chapt6_ws/install/fishhot_description/share/fishhot_description/urdf/first-rebot.gv
[0.204s] -- Installing: /home/parallels/dev/ros2/fishros/chapt6/chapt6_ws/install/fishhot_description/share/fishhot_description/config
[0.204s] -- Installing: /home/parallels/dev/ros2/fishros/chapt6/chapt6_ws/install/fishhot_description/share/fishhot_description/config/urdf_config.rviz
[0.204s] -- Up-to-date: /home/parallels/dev/ros2/fishros/chapt6/chapt6_ws/install/fishhot_description/share/ament_index/resource_index/package_run_dependencies/fishhot_description
[0.204s] -- Installing: /home/parallels/dev/ros2/fishros/chapt6/chapt6_ws/install/fishhot_description/share/ament_index/resource_index/parent_prefix_path/fishhot_description
[0.204s] -- Up-to-date: /home/parallels/dev/ros2/fishros/chapt6/chapt6_ws/install/fishhot_description/share/fishhot_description/environment/ament_prefix_path.sh
[0.204s] -- Up-to-date: /home/parallels/dev/ros2/fishros/chapt6/chapt6_ws/install/fishhot_description/share/fishhot_description/environment/ament_prefix_path.dsv
[0.204s] -- Up-to-date: /home/parallels/dev/ros2/fishros/chapt6/chapt6_ws/install/fishhot_description/share/fishhot_description/environment/path.sh
[0.204s] -- Up-to-date: /home/parallels/dev/ros2/fishros/chapt6/chapt6_ws/install/fishhot_description/share/fishhot_description/environment/path.dsv
[0.204s] -- Up-to-date: /home/parallels/dev/ros2/fishros/chapt6/chapt6_ws/install/fishhot_description/share/fishhot_description/local_setup.bash
[0.204s] -- Up-to-date: /home/parallels/dev/ros2/fishros/chapt6/chapt6_ws/install/fishhot_description/share/fishhot_description/local_setup.sh
[0.204s] -- Up-to-date: /home/parallels/dev/ros2/fishros/chapt6/chapt6_ws/install/fishhot_description/share/fishhot_description/local_setup.zsh
[0.204s] -- Up-to-date: /home/parallels/dev/ros2/fishros/chapt6/chapt6_ws/install/fishhot_description/share/fishhot_description/local_setup.dsv
[0.204s] -- Installing: /home/parallels/dev/ros2/fishros/chapt6/chapt6_ws/install/fishhot_description/share/fishhot_description/package.dsv
[0.204s] -- Up-to-date: /home/parallels/dev/ros2/fishros/chapt6/chapt6_ws/install/fishhot_description/share/ament_index/resource_index/packages/fishhot_description
[0.204s] -- Up-to-date: /home/parallels/dev/ros2/fishros/chapt6/chapt6_ws/install/fishhot_description/share/fishhot_description/cmake/fishhot_descriptionConfig.cmake
[0.204s] -- Up-to-date: /home/parallels/dev/ros2/fishros/chapt6/chapt6_ws/install/fishhot_description/share/fishhot_description/cmake/fishhot_descriptionConfig-version.cmake
[0.204s] -- Up-to-date: /home/parallels/dev/ros2/fishros/chapt6/chapt6_ws/install/fishhot_description/share/fishhot_description/package.xml
[0.205s] Invoked command in '/home/parallels/dev/ros2/fishros/chapt6/chapt6_ws/build/fishhot_description' returned '0': CMAKE_PREFIX_PATH=${CMAKE_PREFIX_PATH}:/opt/ros/jazzy DEBUGINFOD_URLS=https://debuginfod.ubuntu.com /usr/bin/cmake --install /home/parallels/dev/ros2/fishros/chapt6/chapt6_ws/build/fishhot_description
