[0.005s] Invoking command in '/home/parallels/dev/ros2/fishros/chapt3/topic_practice_ws/build/status_interfaces': CMAKE_PREFIX_PATH=${CMAKE_PREFIX_PATH}:/home/parallels/dev/ros2/fishros/chapt3/topic_practice_ws/install/status_publisher:/opt/ros/jazzy DEBUGINFOD_URLS=https://debuginfod.ubuntu.com /usr/bin/cmake --build /home/parallels/dev/ros2/fishros/chapt3/topic_practice_ws/build/status_interfaces -- -j2 -l2
[0.040s] [  2%] Built target status_interfaces__rosidl_generator_type_description
[0.044s] [  2%] Built target ament_cmake_python_copy_status_interfaces
[0.051s] [  5%] Built target status_interfaces__cpp
[0.054s] [ 20%] Built target status_interfaces__rosidl_generator_c
[0.063s] [ 29%] Built target status_interfaces__rosidl_typesupport_cpp
[0.072s] [ 38%] Built target status_interfaces__rosidl_typesupport_fastrtps_c
[0.082s] [ 47%] Built target status_interfaces__rosidl_typesupport_fastrtps_cpp
[0.090s] [ 55%] Built target status_interfaces__rosidl_typesupport_introspection_c
[0.098s] [ 64%] Built target status_interfaces__rosidl_typesupport_c
[0.107s] [ 73%] Built target status_interfaces__rosidl_typesupport_introspection_cpp
[0.117s] [ 73%] Built target status_interfaces
[0.127s] [ 76%] Built target status_interfaces__py
[0.137s] [ 82%] Built target status_interfaces__rosidl_generator_py
[0.146s] [ 88%] Built target status_interfaces_s__rosidl_typesupport_fastrtps_c
[0.154s] [ 94%] Built target status_interfaces_s__rosidl_typesupport_introspection_c
[0.160s] running egg_info
[0.164s] [100%] Built target status_interfaces_s__rosidl_typesupport_c
[0.167s] writing status_interfaces.egg-info/PKG-INFO
[0.167s] writing dependency_links to status_interfaces.egg-info/dependency_links.txt
[0.167s] writing top-level names to status_interfaces.egg-info/top_level.txt
[0.186s] reading manifest file 'status_interfaces.egg-info/SOURCES.txt'
[0.187s] writing manifest file 'status_interfaces.egg-info/SOURCES.txt'
[0.201s] [100%] Built target ament_cmake_python_build_status_interfaces_egg
[0.205s] Invoked command in '/home/parallels/dev/ros2/fishros/chapt3/topic_practice_ws/build/status_interfaces' returned '0': CMAKE_PREFIX_PATH=${CMAKE_PREFIX_PATH}:/home/parallels/dev/ros2/fishros/chapt3/topic_practice_ws/install/status_publisher:/opt/ros/jazzy DEBUGINFOD_URLS=https://debuginfod.ubuntu.com /usr/bin/cmake --build /home/parallels/dev/ros2/fishros/chapt3/topic_practice_ws/build/status_interfaces -- -j2 -l2
[0.210s] Invoking command in '/home/parallels/dev/ros2/fishros/chapt3/topic_practice_ws/build/status_interfaces': CMAKE_PREFIX_PATH=${CMAKE_PREFIX_PATH}:/home/parallels/dev/ros2/fishros/chapt3/topic_practice_ws/install/status_publisher:/opt/ros/jazzy DEBUGINFOD_URLS=https://debuginfod.ubuntu.com /usr/bin/cmake --install /home/parallels/dev/ros2/fishros/chapt3/topic_practice_ws/build/status_interfaces
[0.215s] -- Install configuration: ""
[0.215s] -- Up-to-date: /home/parallels/dev/ros2/fishros/chapt3/topic_practice_ws/install/status_interfaces/share/ament_index/resource_index/rosidl_interfaces/status_interfaces
[0.215s] -- Up-to-date: /home/parallels/dev/ros2/fishros/chapt3/topic_practice_ws/install/status_interfaces/share/status_interfaces/msg/SystemStatus.json
[0.215s] -- Up-to-date: /home/parallels/dev/ros2/fishros/chapt3/topic_practice_ws/install/status_interfaces/include/status_interfaces/status_interfaces
[0.215s] -- Up-to-date: /home/parallels/dev/ros2/fishros/chapt3/topic_practice_ws/install/status_interfaces/include/status_interfaces/status_interfaces/msg
[0.215s] -- Up-to-date: /home/parallels/dev/ros2/fishros/chapt3/topic_practice_ws/install/status_interfaces/include/status_interfaces/status_interfaces/msg/system_status.h
[0.216s] -- Up-to-date: /home/parallels/dev/ros2/fishros/chapt3/topic_practice_ws/install/status_interfaces/include/status_interfaces/status_interfaces/msg/detail
[0.216s] -- Up-to-date: /home/parallels/dev/ros2/fishros/chapt3/topic_practice_ws/install/status_interfaces/include/status_interfaces/status_interfaces/msg/detail/system_status__type_support.c
[0.216s] -- Up-to-date: /home/parallels/dev/ros2/fishros/chapt3/topic_practice_ws/install/status_interfaces/include/status_interfaces/status_interfaces/msg/detail/system_status__functions.c
[0.216s] -- Up-to-date: /home/parallels/dev/ros2/fishros/chapt3/topic_practice_ws/install/status_interfaces/include/status_interfaces/status_interfaces/msg/detail/system_status__type_support.h
[0.216s] -- Up-to-date: /home/parallels/dev/ros2/fishros/chapt3/topic_practice_ws/install/status_interfaces/include/status_interfaces/status_interfaces/msg/detail/system_status__struct.h
[0.216s] -- Up-to-date: /home/parallels/dev/ros2/fishros/chapt3/topic_practice_ws/install/status_interfaces/include/status_interfaces/status_interfaces/msg/detail/system_status__description.c
[0.216s] -- Up-to-date: /home/parallels/dev/ros2/fishros/chapt3/topic_practice_ws/install/status_interfaces/include/status_interfaces/status_interfaces/msg/detail/system_status__functions.h
[0.216s] -- Up-to-date: /home/parallels/dev/ros2/fishros/chapt3/topic_practice_ws/install/status_interfaces/include/status_interfaces/status_interfaces/msg/rosidl_generator_c__visibility_control.h
[0.216s] -- Up-to-date: /home/parallels/dev/ros2/fishros/chapt3/topic_practice_ws/install/status_interfaces/share/status_interfaces/environment/library_path.sh
[0.216s] -- Up-to-date: /home/parallels/dev/ros2/fishros/chapt3/topic_practice_ws/install/status_interfaces/share/status_interfaces/environment/library_path.dsv
[0.216s] -- Up-to-date: /home/parallels/dev/ros2/fishros/chapt3/topic_practice_ws/install/status_interfaces/lib/libstatus_interfaces__rosidl_generator_c.so
[0.216s] -- Up-to-date: /home/parallels/dev/ros2/fishros/chapt3/topic_practice_ws/install/status_interfaces/include/status_interfaces/status_interfaces
[0.216s] -- Up-to-date: /home/parallels/dev/ros2/fishros/chapt3/topic_practice_ws/install/status_interfaces/include/status_interfaces/status_interfaces/msg
[0.216s] -- Up-to-date: /home/parallels/dev/ros2/fishros/chapt3/topic_practice_ws/install/status_interfaces/include/status_interfaces/status_interfaces/msg/detail
[0.216s] -- Up-to-date: /home/parallels/dev/ros2/fishros/chapt3/topic_practice_ws/install/status_interfaces/include/status_interfaces/status_interfaces/msg/detail/system_status__rosidl_typesupport_fastrtps_c.h
[0.217s] -- Up-to-date: /home/parallels/dev/ros2/fishros/chapt3/topic_practice_ws/install/status_interfaces/include/status_interfaces/status_interfaces/msg/rosidl_typesupport_fastrtps_c__visibility_control.h
[0.217s] -- Up-to-date: /home/parallels/dev/ros2/fishros/chapt3/topic_practice_ws/install/status_interfaces/lib/libstatus_interfaces__rosidl_typesupport_fastrtps_c.so
[0.217s] -- Up-to-date: /home/parallels/dev/ros2/fishros/chapt3/topic_practice_ws/install/status_interfaces/include/status_interfaces/status_interfaces
[0.217s] -- Up-to-date: /home/parallels/dev/ros2/fishros/chapt3/topic_practice_ws/install/status_interfaces/include/status_interfaces/status_interfaces/msg
[0.217s] -- Up-to-date: /home/parallels/dev/ros2/fishros/chapt3/topic_practice_ws/install/status_interfaces/include/status_interfaces/status_interfaces/msg/system_status.hpp
[0.217s] -- Up-to-date: /home/parallels/dev/ros2/fishros/chapt3/topic_practice_ws/install/status_interfaces/include/status_interfaces/status_interfaces/msg/detail
[0.217s] -- Up-to-date: /home/parallels/dev/ros2/fishros/chapt3/topic_practice_ws/install/status_interfaces/include/status_interfaces/status_interfaces/msg/detail/system_status__traits.hpp
[0.217s] -- Up-to-date: /home/parallels/dev/ros2/fishros/chapt3/topic_practice_ws/install/status_interfaces/include/status_interfaces/status_interfaces/msg/detail/system_status__builder.hpp
[0.217s] -- Up-to-date: /home/parallels/dev/ros2/fishros/chapt3/topic_practice_ws/install/status_interfaces/include/status_interfaces/status_interfaces/msg/detail/system_status__type_support.hpp
[0.217s] -- Up-to-date: /home/parallels/dev/ros2/fishros/chapt3/topic_practice_ws/install/status_interfaces/include/status_interfaces/status_interfaces/msg/detail/system_status__struct.hpp
[0.218s] -- Up-to-date: /home/parallels/dev/ros2/fishros/chapt3/topic_practice_ws/install/status_interfaces/include/status_interfaces/status_interfaces/msg/rosidl_generator_cpp__visibility_control.hpp
[0.218s] -- Up-to-date: /home/parallels/dev/ros2/fishros/chapt3/topic_practice_ws/install/status_interfaces/include/status_interfaces/status_interfaces
[0.218s] -- Up-to-date: /home/parallels/dev/ros2/fishros/chapt3/topic_practice_ws/install/status_interfaces/include/status_interfaces/status_interfaces/msg
[0.218s] -- Up-to-date: /home/parallels/dev/ros2/fishros/chapt3/topic_practice_ws/install/status_interfaces/include/status_interfaces/status_interfaces/msg/rosidl_typesupport_fastrtps_cpp__visibility_control.h
[0.218s] -- Up-to-date: /home/parallels/dev/ros2/fishros/chapt3/topic_practice_ws/install/status_interfaces/include/status_interfaces/status_interfaces/msg/detail
[0.218s] -- Up-to-date: /home/parallels/dev/ros2/fishros/chapt3/topic_practice_ws/install/status_interfaces/include/status_interfaces/status_interfaces/msg/detail/dds_fastrtps
[0.218s] -- Up-to-date: /home/parallels/dev/ros2/fishros/chapt3/topic_practice_ws/install/status_interfaces/include/status_interfaces/status_interfaces/msg/detail/system_status__rosidl_typesupport_fastrtps_cpp.hpp
[0.218s] -- Up-to-date: /home/parallels/dev/ros2/fishros/chapt3/topic_practice_ws/install/status_interfaces/lib/libstatus_interfaces__rosidl_typesupport_fastrtps_cpp.so
[0.218s] -- Up-to-date: /home/parallels/dev/ros2/fishros/chapt3/topic_practice_ws/install/status_interfaces/include/status_interfaces/status_interfaces
[0.218s] -- Up-to-date: /home/parallels/dev/ros2/fishros/chapt3/topic_practice_ws/install/status_interfaces/include/status_interfaces/status_interfaces/msg
[0.218s] -- Up-to-date: /home/parallels/dev/ros2/fishros/chapt3/topic_practice_ws/install/status_interfaces/include/status_interfaces/status_interfaces/msg/rosidl_typesupport_introspection_c__visibility_control.h
[0.218s] -- Up-to-date: /home/parallels/dev/ros2/fishros/chapt3/topic_practice_ws/install/status_interfaces/include/status_interfaces/status_interfaces/msg/detail
[0.218s] -- Up-to-date: /home/parallels/dev/ros2/fishros/chapt3/topic_practice_ws/install/status_interfaces/include/status_interfaces/status_interfaces/msg/detail/system_status__type_support.c
[0.218s] -- Up-to-date: /home/parallels/dev/ros2/fishros/chapt3/topic_practice_ws/install/status_interfaces/include/status_interfaces/status_interfaces/msg/detail/system_status__rosidl_typesupport_introspection_c.h
[0.218s] -- Up-to-date: /home/parallels/dev/ros2/fishros/chapt3/topic_practice_ws/install/status_interfaces/lib/libstatus_interfaces__rosidl_typesupport_introspection_c.so
[0.218s] -- Up-to-date: /home/parallels/dev/ros2/fishros/chapt3/topic_practice_ws/install/status_interfaces/lib/libstatus_interfaces__rosidl_typesupport_c.so
[0.218s] -- Up-to-date: /home/parallels/dev/ros2/fishros/chapt3/topic_practice_ws/install/status_interfaces/include/status_interfaces/status_interfaces
[0.218s] -- Up-to-date: /home/parallels/dev/ros2/fishros/chapt3/topic_practice_ws/install/status_interfaces/include/status_interfaces/status_interfaces/msg
[0.218s] -- Up-to-date: /home/parallels/dev/ros2/fishros/chapt3/topic_practice_ws/install/status_interfaces/include/status_interfaces/status_interfaces/msg/detail
[0.218s] -- Up-to-date: /home/parallels/dev/ros2/fishros/chapt3/topic_practice_ws/install/status_interfaces/include/status_interfaces/status_interfaces/msg/detail/system_status__rosidl_typesupport_introspection_cpp.hpp
[0.218s] -- Up-to-date: /home/parallels/dev/ros2/fishros/chapt3/topic_practice_ws/install/status_interfaces/include/status_interfaces/status_interfaces/msg/detail/system_status__type_support.cpp
[0.218s] -- Up-to-date: /home/parallels/dev/ros2/fishros/chapt3/topic_practice_ws/install/status_interfaces/lib/libstatus_interfaces__rosidl_typesupport_introspection_cpp.so
[0.218s] -- Up-to-date: /home/parallels/dev/ros2/fishros/chapt3/topic_practice_ws/install/status_interfaces/lib/libstatus_interfaces__rosidl_typesupport_cpp.so
[0.218s] -- Up-to-date: /home/parallels/dev/ros2/fishros/chapt3/topic_practice_ws/install/status_interfaces/share/status_interfaces/environment/pythonpath.sh
[0.218s] -- Up-to-date: /home/parallels/dev/ros2/fishros/chapt3/topic_practice_ws/install/status_interfaces/share/status_interfaces/environment/pythonpath.dsv
[0.218s] -- Up-to-date: /home/parallels/dev/ros2/fishros/chapt3/topic_practice_ws/install/status_interfaces/lib/python3.12/site-packages/status_interfaces-0.0.0-py3.12.egg-info
[0.218s] -- Installing: /home/parallels/dev/ros2/fishros/chapt3/topic_practice_ws/install/status_interfaces/lib/python3.12/site-packages/status_interfaces-0.0.0-py3.12.egg-info/dependency_links.txt
[0.218s] -- Installing: /home/parallels/dev/ros2/fishros/chapt3/topic_practice_ws/install/status_interfaces/lib/python3.12/site-packages/status_interfaces-0.0.0-py3.12.egg-info/PKG-INFO
[0.218s] -- Installing: /home/parallels/dev/ros2/fishros/chapt3/topic_practice_ws/install/status_interfaces/lib/python3.12/site-packages/status_interfaces-0.0.0-py3.12.egg-info/SOURCES.txt
[0.218s] -- Installing: /home/parallels/dev/ros2/fishros/chapt3/topic_practice_ws/install/status_interfaces/lib/python3.12/site-packages/status_interfaces-0.0.0-py3.12.egg-info/top_level.txt
[0.218s] -- Up-to-date: /home/parallels/dev/ros2/fishros/chapt3/topic_practice_ws/install/status_interfaces/lib/python3.12/site-packages/status_interfaces
[0.218s] -- Up-to-date: /home/parallels/dev/ros2/fishros/chapt3/topic_practice_ws/install/status_interfaces/lib/python3.12/site-packages/status_interfaces/status_interfaces_s__rosidl_typesupport_introspection_c.so
[0.218s] -- Up-to-date: /home/parallels/dev/ros2/fishros/chapt3/topic_practice_ws/install/status_interfaces/lib/python3.12/site-packages/status_interfaces/_status_interfaces_s.ep.rosidl_typesupport_c.c
[0.218s] -- Up-to-date: /home/parallels/dev/ros2/fishros/chapt3/topic_practice_ws/install/status_interfaces/lib/python3.12/site-packages/status_interfaces/status_interfaces_s__rosidl_typesupport_c.so
[0.218s] -- Up-to-date: /home/parallels/dev/ros2/fishros/chapt3/topic_practice_ws/install/status_interfaces/lib/python3.12/site-packages/status_interfaces/status_interfaces_s__rosidl_typesupport_fastrtps_c.so
[0.218s] -- Up-to-date: /home/parallels/dev/ros2/fishros/chapt3/topic_practice_ws/install/status_interfaces/lib/python3.12/site-packages/status_interfaces/_status_interfaces_s.ep.rosidl_typesupport_fastrtps_c.c
[0.218s] -- Up-to-date: /home/parallels/dev/ros2/fishros/chapt3/topic_practice_ws/install/status_interfaces/lib/python3.12/site-packages/status_interfaces/__init__.py
[0.218s] -- Up-to-date: /home/parallels/dev/ros2/fishros/chapt3/topic_practice_ws/install/status_interfaces/lib/python3.12/site-packages/status_interfaces/msg
[0.218s] -- Up-to-date: /home/parallels/dev/ros2/fishros/chapt3/topic_practice_ws/install/status_interfaces/lib/python3.12/site-packages/status_interfaces/msg/_system_status.py
[0.218s] -- Up-to-date: /home/parallels/dev/ros2/fishros/chapt3/topic_practice_ws/install/status_interfaces/lib/python3.12/site-packages/status_interfaces/msg/_system_status_s.c
[0.218s] -- Up-to-date: /home/parallels/dev/ros2/fishros/chapt3/topic_practice_ws/install/status_interfaces/lib/python3.12/site-packages/status_interfaces/msg/__init__.py
[0.218s] -- Up-to-date: /home/parallels/dev/ros2/fishros/chapt3/topic_practice_ws/install/status_interfaces/lib/python3.12/site-packages/status_interfaces/_status_interfaces_s.ep.rosidl_typesupport_introspection_c.c
[0.234s] Listing '/home/parallels/dev/ros2/fishros/chapt3/topic_practice_ws/install/status_interfaces/lib/python3.12/site-packages/status_interfaces'...
[0.234s] Listing '/home/parallels/dev/ros2/fishros/chapt3/topic_practice_ws/install/status_interfaces/lib/python3.12/site-packages/status_interfaces/msg'...
[0.237s] -- Up-to-date: /home/parallels/dev/ros2/fishros/chapt3/topic_practice_ws/install/status_interfaces/lib/python3.12/site-packages/status_interfaces/status_interfaces_s__rosidl_typesupport_fastrtps_c.so
[0.237s] -- Up-to-date: /home/parallels/dev/ros2/fishros/chapt3/topic_practice_ws/install/status_interfaces/lib/python3.12/site-packages/status_interfaces/status_interfaces_s__rosidl_typesupport_introspection_c.so
[0.237s] -- Up-to-date: /home/parallels/dev/ros2/fishros/chapt3/topic_practice_ws/install/status_interfaces/lib/python3.12/site-packages/status_interfaces/status_interfaces_s__rosidl_typesupport_c.so
[0.237s] -- Up-to-date: /home/parallels/dev/ros2/fishros/chapt3/topic_practice_ws/install/status_interfaces/lib/libstatus_interfaces__rosidl_generator_py.so
[0.237s] -- Up-to-date: /home/parallels/dev/ros2/fishros/chapt3/topic_practice_ws/install/status_interfaces/share/status_interfaces/msg/SystemStatus.idl
[0.237s] -- Up-to-date: /home/parallels/dev/ros2/fishros/chapt3/topic_practice_ws/install/status_interfaces/share/status_interfaces/msg/SystemStatus.msg
[0.237s] -- Up-to-date: /home/parallels/dev/ros2/fishros/chapt3/topic_practice_ws/install/status_interfaces/share/ament_index/resource_index/package_run_dependencies/status_interfaces
[0.237s] -- Up-to-date: /home/parallels/dev/ros2/fishros/chapt3/topic_practice_ws/install/status_interfaces/share/ament_index/resource_index/parent_prefix_path/status_interfaces
[0.237s] -- Up-to-date: /home/parallels/dev/ros2/fishros/chapt3/topic_practice_ws/install/status_interfaces/share/status_interfaces/environment/ament_prefix_path.sh
[0.238s] -- Up-to-date: /home/parallels/dev/ros2/fishros/chapt3/topic_practice_ws/install/status_interfaces/share/status_interfaces/environment/ament_prefix_path.dsv
[0.238s] -- Up-to-date: /home/parallels/dev/ros2/fishros/chapt3/topic_practice_ws/install/status_interfaces/share/status_interfaces/environment/path.sh
[0.238s] -- Up-to-date: /home/parallels/dev/ros2/fishros/chapt3/topic_practice_ws/install/status_interfaces/share/status_interfaces/environment/path.dsv
[0.238s] -- Up-to-date: /home/parallels/dev/ros2/fishros/chapt3/topic_practice_ws/install/status_interfaces/share/status_interfaces/local_setup.bash
[0.238s] -- Up-to-date: /home/parallels/dev/ros2/fishros/chapt3/topic_practice_ws/install/status_interfaces/share/status_interfaces/local_setup.sh
[0.238s] -- Up-to-date: /home/parallels/dev/ros2/fishros/chapt3/topic_practice_ws/install/status_interfaces/share/status_interfaces/local_setup.zsh
[0.238s] -- Up-to-date: /home/parallels/dev/ros2/fishros/chapt3/topic_practice_ws/install/status_interfaces/share/status_interfaces/local_setup.dsv
[0.238s] -- Installing: /home/parallels/dev/ros2/fishros/chapt3/topic_practice_ws/install/status_interfaces/share/status_interfaces/package.dsv
[0.238s] -- Up-to-date: /home/parallels/dev/ros2/fishros/chapt3/topic_practice_ws/install/status_interfaces/share/ament_index/resource_index/packages/status_interfaces
[0.238s] -- Up-to-date: /home/parallels/dev/ros2/fishros/chapt3/topic_practice_ws/install/status_interfaces/share/status_interfaces/cmake/export_status_interfaces__rosidl_generator_cExport.cmake
[0.238s] -- Up-to-date: /home/parallels/dev/ros2/fishros/chapt3/topic_practice_ws/install/status_interfaces/share/status_interfaces/cmake/export_status_interfaces__rosidl_generator_cExport-noconfig.cmake
[0.238s] -- Up-to-date: /home/parallels/dev/ros2/fishros/chapt3/topic_practice_ws/install/status_interfaces/share/status_interfaces/cmake/export_status_interfaces__rosidl_typesupport_fastrtps_cExport.cmake
[0.238s] -- Up-to-date: /home/parallels/dev/ros2/fishros/chapt3/topic_practice_ws/install/status_interfaces/share/status_interfaces/cmake/export_status_interfaces__rosidl_typesupport_fastrtps_cExport-noconfig.cmake
[0.238s] -- Up-to-date: /home/parallels/dev/ros2/fishros/chapt3/topic_practice_ws/install/status_interfaces/share/status_interfaces/cmake/export_status_interfaces__rosidl_generator_cppExport.cmake
[0.238s] -- Up-to-date: /home/parallels/dev/ros2/fishros/chapt3/topic_practice_ws/install/status_interfaces/share/status_interfaces/cmake/export_status_interfaces__rosidl_typesupport_fastrtps_cppExport.cmake
[0.238s] -- Up-to-date: /home/parallels/dev/ros2/fishros/chapt3/topic_practice_ws/install/status_interfaces/share/status_interfaces/cmake/export_status_interfaces__rosidl_typesupport_fastrtps_cppExport-noconfig.cmake
[0.238s] -- Up-to-date: /home/parallels/dev/ros2/fishros/chapt3/topic_practice_ws/install/status_interfaces/share/status_interfaces/cmake/status_interfaces__rosidl_typesupport_introspection_cExport.cmake
[0.238s] -- Up-to-date: /home/parallels/dev/ros2/fishros/chapt3/topic_practice_ws/install/status_interfaces/share/status_interfaces/cmake/status_interfaces__rosidl_typesupport_introspection_cExport-noconfig.cmake
[0.238s] -- Up-to-date: /home/parallels/dev/ros2/fishros/chapt3/topic_practice_ws/install/status_interfaces/share/status_interfaces/cmake/status_interfaces__rosidl_typesupport_cExport.cmake
[0.238s] -- Up-to-date: /home/parallels/dev/ros2/fishros/chapt3/topic_practice_ws/install/status_interfaces/share/status_interfaces/cmake/status_interfaces__rosidl_typesupport_cExport-noconfig.cmake
[0.238s] -- Up-to-date: /home/parallels/dev/ros2/fishros/chapt3/topic_practice_ws/install/status_interfaces/share/status_interfaces/cmake/status_interfaces__rosidl_typesupport_introspection_cppExport.cmake
[0.239s] -- Up-to-date: /home/parallels/dev/ros2/fishros/chapt3/topic_practice_ws/install/status_interfaces/share/status_interfaces/cmake/status_interfaces__rosidl_typesupport_introspection_cppExport-noconfig.cmake
[0.239s] -- Up-to-date: /home/parallels/dev/ros2/fishros/chapt3/topic_practice_ws/install/status_interfaces/share/status_interfaces/cmake/status_interfaces__rosidl_typesupport_cppExport.cmake
[0.239s] -- Up-to-date: /home/parallels/dev/ros2/fishros/chapt3/topic_practice_ws/install/status_interfaces/share/status_interfaces/cmake/status_interfaces__rosidl_typesupport_cppExport-noconfig.cmake
[0.239s] -- Up-to-date: /home/parallels/dev/ros2/fishros/chapt3/topic_practice_ws/install/status_interfaces/share/status_interfaces/cmake/export_status_interfaces__rosidl_generator_pyExport.cmake
[0.239s] -- Up-to-date: /home/parallels/dev/ros2/fishros/chapt3/topic_practice_ws/install/status_interfaces/share/status_interfaces/cmake/export_status_interfaces__rosidl_generator_pyExport-noconfig.cmake
[0.239s] -- Up-to-date: /home/parallels/dev/ros2/fishros/chapt3/topic_practice_ws/install/status_interfaces/share/status_interfaces/cmake/rosidl_cmake-extras.cmake
[0.239s] -- Up-to-date: /home/parallels/dev/ros2/fishros/chapt3/topic_practice_ws/install/status_interfaces/share/status_interfaces/cmake/ament_cmake_export_dependencies-extras.cmake
[0.239s] -- Up-to-date: /home/parallels/dev/ros2/fishros/chapt3/topic_practice_ws/install/status_interfaces/share/status_interfaces/cmake/ament_cmake_export_include_directories-extras.cmake
[0.239s] -- Up-to-date: /home/parallels/dev/ros2/fishros/chapt3/topic_practice_ws/install/status_interfaces/share/status_interfaces/cmake/ament_cmake_export_libraries-extras.cmake
[0.239s] -- Up-to-date: /home/parallels/dev/ros2/fishros/chapt3/topic_practice_ws/install/status_interfaces/share/status_interfaces/cmake/ament_cmake_export_targets-extras.cmake
[0.239s] -- Up-to-date: /home/parallels/dev/ros2/fishros/chapt3/topic_practice_ws/install/status_interfaces/share/status_interfaces/cmake/rosidl_cmake_export_typesupport_targets-extras.cmake
[0.239s] -- Up-to-date: /home/parallels/dev/ros2/fishros/chapt3/topic_practice_ws/install/status_interfaces/share/status_interfaces/cmake/rosidl_cmake_export_typesupport_libraries-extras.cmake
[0.239s] -- Up-to-date: /home/parallels/dev/ros2/fishros/chapt3/topic_practice_ws/install/status_interfaces/share/status_interfaces/cmake/status_interfacesConfig.cmake
[0.239s] -- Up-to-date: /home/parallels/dev/ros2/fishros/chapt3/topic_practice_ws/install/status_interfaces/share/status_interfaces/cmake/status_interfacesConfig-version.cmake
[0.239s] -- Up-to-date: /home/parallels/dev/ros2/fishros/chapt3/topic_practice_ws/install/status_interfaces/share/status_interfaces/package.xml
[0.240s] Invoked command in '/home/parallels/dev/ros2/fishros/chapt3/topic_practice_ws/build/status_interfaces' returned '0': CMAKE_PREFIX_PATH=${CMAKE_PREFIX_PATH}:/home/parallels/dev/ros2/fishros/chapt3/topic_practice_ws/install/status_publisher:/opt/ros/jazzy DEBUGINFOD_URLS=https://debuginfod.ubuntu.com /usr/bin/cmake --install /home/parallels/dev/ros2/fishros/chapt3/topic_practice_ws/build/status_interfaces
