[0.007s] Invoking command in '/home/parallels/dev/ros2/fishros/chapt2/chapt2_ws/build/demo_cpp_pkg': CMAKE_PREFIX_PATH=${CMAKE_PREFIX_PATH}:/opt/ros/jazzy DEBUGINFOD_URLS=https://debuginfod.ubuntu.com /usr/bin/cmake --build /home/parallels/dev/ros2/fishros/chapt2/chapt2_ws/build/demo_cpp_pkg -- -j2 -l2
[0.086s] [100%] Built target demo_cpp_pkg
[0.129s] Invoked command in '/home/parallels/dev/ros2/fishros/chapt2/chapt2_ws/build/demo_cpp_pkg' returned '0': CMAKE_PREFIX_PATH=${CMAKE_PREFIX_PATH}:/opt/ros/jazzy DEBUGINFOD_URLS=https://debuginfod.ubuntu.com /usr/bin/cmake --build /home/parallels/dev/ros2/fishros/chapt2/chapt2_ws/build/demo_cpp_pkg -- -j2 -l2
[0.134s] Invoking command in '/home/parallels/dev/ros2/fishros/chapt2/chapt2_ws/build/demo_cpp_pkg': CMAKE_PREFIX_PATH=${CMAKE_PREFIX_PATH}:/opt/ros/jazzy DEBUGINFOD_URLS=https://debuginfod.ubuntu.com /usr/bin/cmake --install /home/parallels/dev/ros2/fishros/chapt2/chapt2_ws/build/demo_cpp_pkg
[0.138s] -- Install configuration: ""
[0.138s] -- Up-to-date: /home/parallels/dev/ros2/fishros/chapt2/chapt2_ws/install/demo_cpp_pkg/lib/demo_cpp_pkg/demo_cpp_pkg
[0.139s] -- Up-to-date: /home/parallels/dev/ros2/fishros/chapt2/chapt2_ws/install/demo_cpp_pkg/share/ament_index/resource_index/package_run_dependencies/demo_cpp_pkg
[0.139s] -- Up-to-date: /home/parallels/dev/ros2/fishros/chapt2/chapt2_ws/install/demo_cpp_pkg/share/ament_index/resource_index/parent_prefix_path/demo_cpp_pkg
[0.139s] -- Up-to-date: /home/parallels/dev/ros2/fishros/chapt2/chapt2_ws/install/demo_cpp_pkg/share/demo_cpp_pkg/environment/ament_prefix_path.sh
[0.139s] -- Up-to-date: /home/parallels/dev/ros2/fishros/chapt2/chapt2_ws/install/demo_cpp_pkg/share/demo_cpp_pkg/environment/ament_prefix_path.dsv
[0.139s] -- Up-to-date: /home/parallels/dev/ros2/fishros/chapt2/chapt2_ws/install/demo_cpp_pkg/share/demo_cpp_pkg/environment/path.sh
[0.139s] -- Up-to-date: /home/parallels/dev/ros2/fishros/chapt2/chapt2_ws/install/demo_cpp_pkg/share/demo_cpp_pkg/environment/path.dsv
[0.140s] -- Up-to-date: /home/parallels/dev/ros2/fishros/chapt2/chapt2_ws/install/demo_cpp_pkg/share/demo_cpp_pkg/local_setup.bash
[0.140s] -- Up-to-date: /home/parallels/dev/ros2/fishros/chapt2/chapt2_ws/install/demo_cpp_pkg/share/demo_cpp_pkg/local_setup.sh
[0.140s] -- Up-to-date: /home/parallels/dev/ros2/fishros/chapt2/chapt2_ws/install/demo_cpp_pkg/share/demo_cpp_pkg/local_setup.zsh
[0.140s] -- Up-to-date: /home/parallels/dev/ros2/fishros/chapt2/chapt2_ws/install/demo_cpp_pkg/share/demo_cpp_pkg/local_setup.dsv
[0.140s] -- Installing: /home/parallels/dev/ros2/fishros/chapt2/chapt2_ws/install/demo_cpp_pkg/share/demo_cpp_pkg/package.dsv
[0.140s] -- Up-to-date: /home/parallels/dev/ros2/fishros/chapt2/chapt2_ws/install/demo_cpp_pkg/share/ament_index/resource_index/packages/demo_cpp_pkg
[0.140s] -- Up-to-date: /home/parallels/dev/ros2/fishros/chapt2/chapt2_ws/install/demo_cpp_pkg/share/demo_cpp_pkg/cmake/demo_cpp_pkgConfig.cmake
[0.141s] -- Up-to-date: /home/parallels/dev/ros2/fishros/chapt2/chapt2_ws/install/demo_cpp_pkg/share/demo_cpp_pkg/cmake/demo_cpp_pkgConfig-version.cmake
[0.141s] -- Up-to-date: /home/parallels/dev/ros2/fishros/chapt2/chapt2_ws/install/demo_cpp_pkg/share/demo_cpp_pkg/package.xml
[0.141s] Invoked command in '/home/parallels/dev/ros2/fishros/chapt2/chapt2_ws/build/demo_cpp_pkg' returned '0': CMAKE_PREFIX_PATH=${CMAKE_PREFIX_PATH}:/opt/ros/jazzy DEBUGINFOD_URLS=https://debuginfod.ubuntu.com /usr/bin/cmake --install /home/parallels/dev/ros2/fishros/chapt2/chapt2_ws/build/demo_cpp_pkg
