[0.005s] Invoking command in '/home/parallels/dev/ros2/fishros/chapt3/topic_practice_ws/build/status_interfaces': CMAKE_PREFIX_PATH=${CMAKE_PREFIX_PATH}:/opt/ros/jazzy DEBUGINFOD_URLS=https://debuginfod.ubuntu.com /usr/bin/cmake --build /home/parallels/dev/ros2/fishros/chapt3/topic_practice_ws/build/status_interfaces -- -j2 -l2
[0.020s] -- Found ament_cmake: 2.5.3 (/opt/ros/jazzy/share/ament_cmake/cmake)
[0.035s] -- Found Python3: /usr/bin/python3 (found version "3.12.3") found components: Interpreter 
[0.075s] -- Found builtin_interfaces: 2.0.2 (/opt/ros/jazzy/share/builtin_interfaces/cmake)
[0.088s] -- Found rosidl_generator_c: 4.6.5 (/opt/ros/jazzy/share/rosidl_generator_c/cmake)
[0.093s] -- Found rosidl_generator_cpp: 4.6.5 (/opt/ros/jazzy/share/rosidl_generator_cpp/cmake)
[0.099s] -- Using all available rosidl_typesupport_c: rosidl_typesupport_fastrtps_c;rosidl_typesupport_introspection_c
[0.106s] -- Using all available rosidl_typesupport_cpp: rosidl_typesupport_fastrtps_cpp;rosidl_typesupport_introspection_cpp
[0.114s] -- Found rosidl_default_generators: 1.6.0 (/opt/ros/jazzy/share/rosidl_default_generators/cmake)
[0.119s] -- Found rosidl_adapter: 4.6.5 (/opt/ros/jazzy/share/rosidl_adapter/cmake)
[0.230s] -- Found ament_cmake_ros: 0.12.0 (/opt/ros/jazzy/share/ament_cmake_ros/cmake)
[0.297s] -- Using all available rosidl_typesupport_c: rosidl_typesupport_fastrtps_c;rosidl_typesupport_introspection_c
[0.324s] -- Using all available rosidl_typesupport_cpp: rosidl_typesupport_fastrtps_cpp;rosidl_typesupport_introspection_cpp
[0.325s] -- Found python_cmake_module: 0.11.1 (/opt/ros/jazzy/share/python_cmake_module/cmake)
[0.444s] -- Found Python3: /usr/bin/python3 (found version "3.12.3") found components: Interpreter Development NumPy Development.Module Development.Embed 
[0.448s] -- Found ament_lint_auto: 0.17.1 (/opt/ros/jazzy/share/ament_lint_auto/cmake)
[0.458s] -- Added test 'lint_cmake' to check CMake code style
[0.459s] -- Added test 'xmllint' to check XML markup files
[0.461s] -- Configuring done (0.4s)
[0.481s] -- Generating done (0.0s)
[0.486s] -- Build files have been written to: /home/parallels/dev/ros2/fishros/chapt3/topic_practice_ws/build/status_interfaces
[0.507s] [  2%] [34m[1mGenerating type hashes for ROS interfaces[0m
[0.512s] [  2%] Built target ament_cmake_python_copy_status_interfaces
[0.601s] running egg_info
[0.608s] writing status_interfaces.egg-info/PKG-INFO
[0.608s] writing dependency_links to status_interfaces.egg-info/dependency_links.txt
[0.608s] writing top-level names to status_interfaces.egg-info/top_level.txt
[0.629s] reading manifest file 'status_interfaces.egg-info/SOURCES.txt'
[0.629s] writing manifest file 'status_interfaces.egg-info/SOURCES.txt'
[0.654s] [  2%] Built target ament_cmake_python_build_status_interfaces_egg
[1.262s] Traceback (most recent call last):
[1.262s]   File "/opt/ros/jazzy/lib/rosidl_generator_type_description/rosidl_generator_type_description", line 50, in <module>
[1.262s]     sys.exit(main())
[1.262s]              ^^^^^^
[1.262s]   File "/opt/ros/jazzy/lib/rosidl_generator_type_description/rosidl_generator_type_description", line 46, in main
[1.262s]     generate_type_hash(args.generator_arguments_file)
[1.262s]   File "/opt/ros/jazzy/lib/python3.12/site-packages/rosidl_generator_type_description/__init__.py", line 160, in generate_type_hash
[1.262s]     pkg_dir = include_map[pkg]
[1.262s]               ~~~~~~~~~~~^^^^^
[1.262s] KeyError: 'buildtin_interfaces'
[1.283s] gmake[2]: *** [CMakeFiles/status_interfaces__rosidl_generator_type_description.dir/build.make:75: rosidl_generator_type_description/status_interfaces/msg/SystemStatus.json] Error 1
[1.283s] gmake[1]: *** [CMakeFiles/Makefile2:215: CMakeFiles/status_interfaces__rosidl_generator_type_description.dir/all] Error 2
[1.283s] gmake: *** [Makefile:146: all] Error 2
[1.284s] Invoked command in '/home/parallels/dev/ros2/fishros/chapt3/topic_practice_ws/build/status_interfaces' returned '2': CMAKE_PREFIX_PATH=${CMAKE_PREFIX_PATH}:/opt/ros/jazzy DEBUGINFOD_URLS=https://debuginfod.ubuntu.com /usr/bin/cmake --build /home/parallels/dev/ros2/fishros/chapt3/topic_practice_ws/build/status_interfaces -- -j2 -l2
